Started by an SCM change
Building in workspace /var/lib/jenkins/jobs/iTrust/workspace
 > git rev-parse --is-inside-work-tree # timeout=10
Fetching changes from the remote Git repository
 > git config remote.origin.url file:///home/vagrant/iTrust # timeout=10
Fetching upstream changes from file:///home/vagrant/iTrust
 > git --version # timeout=10
 > git fetch --tags --progress file:///home/vagrant/iTrust +refs/heads/*:refs/remotes/origin/*
 > git rev-parse refs/remotes/origin/master^{commit} # timeout=10
 > git rev-parse refs/remotes/origin/origin/master^{commit} # timeout=10
Checking out Revision 61332287f731c682216863bd13f8368a2a97f923 (refs/remotes/origin/master)
 > git config core.sparsecheckout # timeout=10
 > git checkout -f 61332287f731c682216863bd13f8368a2a97f923
 > git rev-list cfc61c267a9549e1dba5b581dcc9b9f2647843c8 # timeout=10
[workspace] $ mvn clean package
[INFO] Scanning for projects...
[8mha:////4Clw3ddmIvNBks2+9XX+iAXpfU8DrmTjzbtI6uTNTqPFAAAAYx+LCAAAAAAAAP9b85aBtbiIQSWjNKU4P0+vJLE4u1gvPjexLDVPzxdEhicW5WXmpfvll6S2fNly5fzGzauYGBgqihikoFqS8/OK83NS9ZwhNEghAwQwghQWAACwxA+XYgAAAA==[0m[WARNING] 
[8mha:////4Clw3ddmIvNBks2+9XX+iAXpfU8DrmTjzbtI6uTNTqPFAAAAYx+LCAAAAAAAAP9b85aBtbiIQSWjNKU4P0+vJLE4u1gvPjexLDVPzxdEhicW5WXmpfvll6S2fNly5fzGzauYGBgqihikoFqS8/OK83NS9ZwhNEghAwQwghQWAACwxA+XYgAAAA==[0m[WARNING] Some problems were encountered while building the effective model for iTrust:iTrust:war:23.0.0
[8mha:////4Clw3ddmIvNBks2+9XX+iAXpfU8DrmTjzbtI6uTNTqPFAAAAYx+LCAAAAAAAAP9b85aBtbiIQSWjNKU4P0+vJLE4u1gvPjexLDVPzxdEhicW5WXmpfvll6S2fNly5fzGzauYGBgqihikoFqS8/OK83NS9ZwhNEghAwQwghQWAACwxA+XYgAAAA==[0m[WARNING] 'dependencies.dependency.systemPath' for org.cewolf:cewolf:jar should not point at files within the project directory, ${project.basedir}/WebRoot/WEB-INF/lib/cewolf-1.1.jar will be unresolvable by dependent projects @ line 408, column 18
[8mha:////4Clw3ddmIvNBks2+9XX+iAXpfU8DrmTjzbtI6uTNTqPFAAAAYx+LCAAAAAAAAP9b85aBtbiIQSWjNKU4P0+vJLE4u1gvPjexLDVPzxdEhicW5WXmpfvll6S2fNly5fzGzauYGBgqihikoFqS8/OK83NS9ZwhNEghAwQwghQWAACwxA+XYgAAAA==[0m[WARNING] 
[8mha:////4Clw3ddmIvNBks2+9XX+iAXpfU8DrmTjzbtI6uTNTqPFAAAAYx+LCAAAAAAAAP9b85aBtbiIQSWjNKU4P0+vJLE4u1gvPjexLDVPzxdEhicW5WXmpfvll6S2fNly5fzGzauYGBgqihikoFqS8/OK83NS9ZwhNEghAwQwghQWAACwxA+XYgAAAA==[0m[WARNING] It is highly recommended to fix these problems because they threaten the stability of your build.
[8mha:////4Clw3ddmIvNBks2+9XX+iAXpfU8DrmTjzbtI6uTNTqPFAAAAYx+LCAAAAAAAAP9b85aBtbiIQSWjNKU4P0+vJLE4u1gvPjexLDVPzxdEhicW5WXmpfvll6S2fNly5fzGzauYGBgqihikoFqS8/OK83NS9ZwhNEghAwQwghQWAACwxA+XYgAAAA==[0m[WARNING] 
[8mha:////4Clw3ddmIvNBks2+9XX+iAXpfU8DrmTjzbtI6uTNTqPFAAAAYx+LCAAAAAAAAP9b85aBtbiIQSWjNKU4P0+vJLE4u1gvPjexLDVPzxdEhicW5WXmpfvll6S2fNly5fzGzauYGBgqihikoFqS8/OK83NS9ZwhNEghAwQwghQWAACwxA+XYgAAAA==[0m[WARNING] For this reason, future Maven versions might no longer support building such malformed projects.
[8mha:////4Clw3ddmIvNBks2+9XX+iAXpfU8DrmTjzbtI6uTNTqPFAAAAYx+LCAAAAAAAAP9b85aBtbiIQSWjNKU4P0+vJLE4u1gvPjexLDVPzxdEhicW5WXmpfvll6S2fNly5fzGzauYGBgqihikoFqS8/OK83NS9ZwhNEghAwQwghQWAACwxA+XYgAAAA==[0m[WARNING] 
[INFO]                                                                         
[INFO] ------------------------------------------------------------------------
[INFO] Building iTrust 23.0.0
[INFO] ------------------------------------------------------------------------
Downloading: http://repo.maven.apache.org/maven2/milyn/sac/1.3/sac-1.3.pom
[WARNING] The POM for milyn:sac:jar:1.3 is missing, no dependency information available
[INFO] 
[8mha:////4DoeW+4r2BQ/QnlivgX6sac2eT7De/4R5ZFEMVZPOuOBAAAAYB+LCAAAAAAAAP9b85aBtbiIQSmjNKU4P0+vJLE4u1gvPjexLDVPzxdEGvvmZ+X75ZekLlOVfvTjc8FPJgaGiiIGKaiG5Py84vycVD1nCA1SyAABjCCFBQCV27OjYAAAAA==[0m[INFO] --- maven-clean-plugin:2.5:clean (default-clean) @ iTrust ---
[INFO] Deleting /var/lib/jenkins/jobs/iTrust/workspace/target
[INFO] 
[8mha:////4DoeW+4r2BQ/QnlivgX6sac2eT7De/4R5ZFEMVZPOuOBAAAAYB+LCAAAAAAAAP9b85aBtbiIQSmjNKU4P0+vJLE4u1gvPjexLDVPzxdEGvvmZ+X75ZekLlOVfvTjc8FPJgaGiiIGKaiG5Py84vycVD1nCA1SyAABjCCFBQCV27OjYAAAAA==[0m[INFO] --- jacoco-maven-plugin:0.7.8:prepare-agent (jacoco-initialize) @ iTrust ---
[INFO] argLine set to -javaagent:/var/lib/jenkins/.m2/repository/org/jacoco/org.jacoco.agent/0.7.8/org.jacoco.agent-0.7.8-runtime.jar=destfile=/var/lib/jenkins/jobs/iTrust/workspace/target/jacoco.exec
[INFO] 
[8mha:////4DoeW+4r2BQ/QnlivgX6sac2eT7De/4R5ZFEMVZPOuOBAAAAYB+LCAAAAAAAAP9b85aBtbiIQSmjNKU4P0+vJLE4u1gvPjexLDVPzxdEGvvmZ+X75ZekLlOVfvTjc8FPJgaGiiIGKaiG5Py84vycVD1nCA1SyAABjCCFBQCV27OjYAAAAA==[0m[INFO] --- maven-resources-plugin:2.3:resources (default-resources) @ iTrust ---
[INFO] Using 'UTF-8' encoding to copy filtered resources.
[INFO] Copying 4 resources
[INFO] 
[8mha:////4DoeW+4r2BQ/QnlivgX6sac2eT7De/4R5ZFEMVZPOuOBAAAAYB+LCAAAAAAAAP9b85aBtbiIQSmjNKU4P0+vJLE4u1gvPjexLDVPzxdEGvvmZ+X75ZekLlOVfvTjc8FPJgaGiiIGKaiG5Py84vycVD1nCA1SyAABjCCFBQCV27OjYAAAAA==[0m[INFO] --- maven-compiler-plugin:3.3:compile (default-compile) @ iTrust ---
[INFO] Changes detected - recompiling the module!
[INFO] Compiling 306 source files to /var/lib/jenkins/jobs/iTrust/workspace/target/classes
[INFO] /var/lib/jenkins/jobs/iTrust/workspace/src/main/edu/ncsu/csc/itrust/webutils/SessionUtils.java: /var/lib/jenkins/jobs/iTrust/workspace/src/main/edu/ncsu/csc/itrust/webutils/SessionUtils.java uses unchecked or unsafe operations.
[INFO] /var/lib/jenkins/jobs/iTrust/workspace/src/main/edu/ncsu/csc/itrust/webutils/SessionUtils.java: Recompile with -Xlint:unchecked for details.
[INFO] 
[8mha:////4DoeW+4r2BQ/QnlivgX6sac2eT7De/4R5ZFEMVZPOuOBAAAAYB+LCAAAAAAAAP9b85aBtbiIQSmjNKU4P0+vJLE4u1gvPjexLDVPzxdEGvvmZ+X75ZekLlOVfvTjc8FPJgaGiiIGKaiG5Py84vycVD1nCA1SyAABjCCFBQCV27OjYAAAAA==[0m[INFO] --- maven-resources-plugin:2.3:testResources (default-testResources) @ iTrust ---
[INFO] Using 'UTF-8' encoding to copy filtered resources.
[INFO] Copying 10 resources
[INFO] 
[8mha:////4DoeW+4r2BQ/QnlivgX6sac2eT7De/4R5ZFEMVZPOuOBAAAAYB+LCAAAAAAAAP9b85aBtbiIQSmjNKU4P0+vJLE4u1gvPjexLDVPzxdEGvvmZ+X75ZekLlOVfvTjc8FPJgaGiiIGKaiG5Py84vycVD1nCA1SyAABjCCFBQCV27OjYAAAAA==[0m[INFO] --- maven-compiler-plugin:3.3:testCompile (default-testCompile) @ iTrust ---
[INFO] Changes detected - recompiling the module!
[INFO] Compiling 320 source files to /var/lib/jenkins/jobs/iTrust/workspace/target/test-classes
[INFO] /var/lib/jenkins/jobs/iTrust/workspace/src/test/java/edu/ncsu/csc/itrust/unit/serverutils/MockHttpSession.java: /var/lib/jenkins/jobs/iTrust/workspace/src/test/java/edu/ncsu/csc/itrust/unit/serverutils/MockHttpSession.java uses or overrides a deprecated API.
[INFO] /var/lib/jenkins/jobs/iTrust/workspace/src/test/java/edu/ncsu/csc/itrust/unit/serverutils/MockHttpSession.java: Recompile with -Xlint:deprecation for details.
[INFO] 
[8mha:////4DoeW+4r2BQ/QnlivgX6sac2eT7De/4R5ZFEMVZPOuOBAAAAYB+LCAAAAAAAAP9b85aBtbiIQSmjNKU4P0+vJLE4u1gvPjexLDVPzxdEGvvmZ+X75ZekLlOVfvTjc8FPJgaGiiIGKaiG5Py84vycVD1nCA1SyAABjCCFBQCV27OjYAAAAA==[0m[INFO] --- exec-maven-plugin:1.4.0:java (BuildDB) @ iTrust ---
[INFO] 
[8mha:////4DoeW+4r2BQ/QnlivgX6sac2eT7De/4R5ZFEMVZPOuOBAAAAYB+LCAAAAAAAAP9b85aBtbiIQSmjNKU4P0+vJLE4u1gvPjexLDVPzxdEGvvmZ+X75ZekLlOVfvTjc8FPJgaGiiIGKaiG5Py84vycVD1nCA1SyAABjCCFBQCV27OjYAAAAA==[0m[INFO] --- exec-maven-plugin:1.4.0:java (GenerateTestData) @ iTrust ---
[INFO] 
[8mha:////4DoeW+4r2BQ/QnlivgX6sac2eT7De/4R5ZFEMVZPOuOBAAAAYB+LCAAAAAAAAP9b85aBtbiIQSmjNKU4P0+vJLE4u1gvPjexLDVPzxdEGvvmZ+X75ZekLlOVfvTjc8FPJgaGiiIGKaiG5Py84vycVD1nCA1SyAABjCCFBQCV27OjYAAAAA==[0m[INFO] --- maven-surefire-plugin:2.19:test (default-test) @ iTrust ---

-------------------------------------------------------
 T E S T S
-------------------------------------------------------
Running edu.ncsu.csc.itrust.logger.TransactionLoggerTest
Tests run: 2, Failures: 0, Errors: 0, Skipped: 0, Time elapsed: 0.335 sec - in edu.ncsu.csc.itrust.logger.TransactionLoggerTest
Running edu.ncsu.csc.itrust.unit.EmailUtilTest
Tests run: 1, Failures: 1, Errors: 0, Skipped: 0, Time elapsed: 0.009 sec <<< FAILURE! - in edu.ncsu.csc.itrust.unit.EmailUtilTest
testSendEmail(edu.ncsu.csc.itrust.unit.EmailUtilTest)  Time elapsed: 0.008 sec  <<< FAILURE!
junit.framework.ComparisonFailure: expected:<[Exception thrown from Evil Test Connection Driver]> but was:<[No extended information.]>
	at edu.ncsu.csc.itrust.unit.EmailUtilTest.testSendEmail(EmailUtilTest.java:17)

Running edu.ncsu.csc.itrust.unit.ErrorListTest
Tests run: 1, Failures: 0, Errors: 0, Skipped: 0, Time elapsed: 0.002 sec - in edu.ncsu.csc.itrust.unit.ErrorListTest
Running edu.ncsu.csc.itrust.unit.CSVParserTest
Tests run: 6, Failures: 0, Errors: 0, Skipped: 0, Time elapsed: 0.022 sec - in edu.ncsu.csc.itrust.unit.CSVParserTest
Running edu.ncsu.csc.itrust.unit.HtmlEncoderTest
Tests run: 2, Failures: 0, Errors: 0, Skipped: 0, Time elapsed: 0.003 sec - in edu.ncsu.csc.itrust.unit.HtmlEncoderTest
Running edu.ncsu.csc.itrust.unit.MessagesTest
Tests run: 1, Failures: 0, Errors: 1, Skipped: 0, Time elapsed: 0.004 sec <<< FAILURE! - in edu.ncsu.csc.itrust.unit.MessagesTest
testGetString(edu.ncsu.csc.itrust.unit.MessagesTest)  Time elapsed: 0.001 sec  <<< ERROR!
java.lang.ExceptionInInitializerError
	at edu.ncsu.csc.itrust.unit.MessagesTest.testGetString(MessagesTest.java:9)
Caused by: java.lang.NullPointerException
	at edu.ncsu.csc.itrust.unit.MessagesTest.testGetString(MessagesTest.java:9)

Running edu.ncsu.csc.itrust.unit.bean.EmailBeanTest
Tests run: 5, Failures: 1, Errors: 0, Skipped: 0, Time elapsed: 0.003 sec <<< FAILURE! - in edu.ncsu.csc.itrust.unit.bean.EmailBeanTest
testGetHashCode(edu.ncsu.csc.itrust.unit.bean.EmailBeanTest)  Time elapsed: 0 sec  <<< FAILURE!
junit.framework.AssertionFailedError: expected:<42> but was:<2>
	at edu.ncsu.csc.itrust.unit.bean.EmailBeanTest.testGetHashCode(EmailBeanTest.java:48)

Running edu.ncsu.csc.itrust.unit.bean.TelemedicineBeanTest
Tests run: 3, Failures: 0, Errors: 0, Skipped: 0, Time elapsed: 0.005 sec - in edu.ncsu.csc.itrust.unit.bean.TelemedicineBeanTest
Running edu.ncsu.csc.itrust.unit.bean.SurveyResultBeanTest
Tests run: 1, Failures: 0, Errors: 0, Skipped: 0, Time elapsed: 0.017 sec - in edu.ncsu.csc.itrust.unit.bean.SurveyResultBeanTest
Running edu.ncsu.csc.itrust.unit.bean.ZipCodeLoaderTest
Tests run: 2, Failures: 0, Errors: 0, Skipped: 0, Time elapsed: 0.094 sec - in edu.ncsu.csc.itrust.unit.bean.ZipCodeLoaderTest
Running edu.ncsu.csc.itrust.unit.bean.BeanLoaderTest
Tests run: 1, Failures: 0, Errors: 0, Skipped: 0, Time elapsed: 0.01 sec - in edu.ncsu.csc.itrust.unit.bean.BeanLoaderTest
Running edu.ncsu.csc.itrust.unit.bean.RecordsReleaseBeanTest
Tests run: 12, Failures: 0, Errors: 0, Skipped: 0, Time elapsed: 0.015 sec - in edu.ncsu.csc.itrust.unit.bean.RecordsReleaseBeanTest
Running edu.ncsu.csc.itrust.unit.bean.SurveyBeanTest
Tests run: 1, Failures: 1, Errors: 0, Skipped: 0, Time elapsed: 0.012 sec <<< FAILURE! - in edu.ncsu.csc.itrust.unit.bean.SurveyBeanTest
testSurveyBean(edu.ncsu.csc.itrust.unit.bean.SurveyBeanTest)  Time elapsed: 0.003 sec  <<< FAILURE!
junit.framework.ComparisonFailure: expected:<[01/02/2008 12:34]> but was:<[]>
	at edu.ncsu.csc.itrust.unit.bean.SurveyBeanTest.testSurveyBean(SurveyBeanTest.java:22)

Running edu.ncsu.csc.itrust.unit.bean.HCPLinkBeanTest
Tests run: 3, Failures: 0, Errors: 0, Skipped: 0, Time elapsed: 0.002 sec - in edu.ncsu.csc.itrust.unit.bean.HCPLinkBeanTest
Running edu.ncsu.csc.itrust.unit.bean.PatientBeanTest
Tests run: 3, Failures: 1, Errors: 0, Skipped: 0, Time elapsed: 0.004 sec <<< FAILURE! - in edu.ncsu.csc.itrust.unit.bean.PatientBeanTest
testBean(edu.ncsu.csc.itrust.unit.bean.PatientBeanTest)  Time elapsed: 0.001 sec  <<< FAILURE!
junit.framework.AssertionFailedError: expected:<-1> but was:<0>
	at edu.ncsu.csc.itrust.unit.bean.PatientBeanTest.testBean(PatientBeanTest.java:46)

Running edu.ncsu.csc.itrust.unit.bean.ZipCodeBeanTest
Tests run: 1, Failures: 0, Errors: 0, Skipped: 0, Time elapsed: 0.001 sec - in edu.ncsu.csc.itrust.unit.bean.ZipCodeBeanTest
Running edu.ncsu.csc.itrust.unit.bean.MedicationBeanTest
Tests run: 3, Failures: 0, Errors: 0, Skipped: 0, Time elapsed: 0.002 sec - in edu.ncsu.csc.itrust.unit.bean.MedicationBeanTest
Running edu.ncsu.csc.itrust.unit.bean.WardRoomBeanTest
Tests run: 6, Failures: 0, Errors: 0, Skipped: 0, Time elapsed: 0.003 sec - in edu.ncsu.csc.itrust.unit.bean.WardRoomBeanTest
Running edu.ncsu.csc.itrust.unit.bean.BillingBeanLoaderTest
Tests run: 3, Failures: 0, Errors: 0, Skipped: 0, Time elapsed: 0.022 sec - in edu.ncsu.csc.itrust.unit.bean.BillingBeanLoaderTest
Running edu.ncsu.csc.itrust.unit.bean.ApptRequestBeanTest
Tests run: 3, Failures: 0, Errors: 0, Skipped: 0, Time elapsed: 0.002 sec - in edu.ncsu.csc.itrust.unit.bean.ApptRequestBeanTest
Running edu.ncsu.csc.itrust.unit.bean.ReportRequestBeanTest
Tests run: 2, Failures: 0, Errors: 2, Skipped: 0, Time elapsed: 0.003 sec <<< FAILURE! - in edu.ncsu.csc.itrust.unit.bean.ReportRequestBeanTest
testReportRequestBean(edu.ncsu.csc.itrust.unit.bean.ReportRequestBeanTest)  Time elapsed: 0.001 sec  <<< ERROR!
java.lang.NoClassDefFoundError: Could not initialize class edu.ncsu.csc.itrust.Messages
	at edu.ncsu.csc.itrust.unit.bean.ReportRequestBeanTest.testReportRequestBean(ReportRequestBeanTest.java:9)

testBadRequestedDate(edu.ncsu.csc.itrust.unit.bean.ReportRequestBeanTest)  Time elapsed: 0 sec  <<< ERROR!
java.lang.NoClassDefFoundError: Could not initialize class edu.ncsu.csc.itrust.model.old.beans.ReportRequestBean
	at edu.ncsu.csc.itrust.unit.bean.ReportRequestBeanTest.testBadRequestedDate(ReportRequestBeanTest.java:29)

Running edu.ncsu.csc.itrust.unit.bean.WardBeanTest
Tests run: 4, Failures: 0, Errors: 0, Skipped: 0, Time elapsed: 0.01 sec - in edu.ncsu.csc.itrust.unit.bean.WardBeanTest
Running edu.ncsu.csc.itrust.unit.bean.AllergyBeanTest
Tests run: 3, Failures: 0, Errors: 0, Skipped: 0, Time elapsed: 0.004 sec - in edu.ncsu.csc.itrust.unit.bean.AllergyBeanTest
Running edu.ncsu.csc.itrust.unit.bean.WardBeanLoaderTest
Tests run: 3, Failures: 0, Errors: 0, Skipped: 0, Time elapsed: 0.002 sec - in edu.ncsu.csc.itrust.unit.bean.WardBeanLoaderTest
Running edu.ncsu.csc.itrust.unit.bean.VisitFlagBeanTest
Tests run: 1, Failures: 0, Errors: 0, Skipped: 0, Time elapsed: 0.001 sec - in edu.ncsu.csc.itrust.unit.bean.VisitFlagBeanTest
Running edu.ncsu.csc.itrust.unit.bean.GroupReportBeanTest
Tests run: 4, Failures: 0, Errors: 0, Skipped: 0, Time elapsed: 13.004 sec - in edu.ncsu.csc.itrust.unit.bean.GroupReportBeanTest
Running edu.ncsu.csc.itrust.unit.bean.PersonnelBeanTest
Tests run: 1, Failures: 1, Errors: 0, Skipped: 0, Time elapsed: 0.002 sec <<< FAILURE! - in edu.ncsu.csc.itrust.unit.bean.PersonnelBeanTest
testPersonnelBeanSecurity(edu.ncsu.csc.itrust.unit.bean.PersonnelBeanTest)  Time elapsed: 0.001 sec  <<< FAILURE!
junit.framework.AssertionFailedError: expected:<-1> but was:<0>
	at edu.ncsu.csc.itrust.unit.bean.PersonnelBeanTest.testPersonnelBeanSecurity(PersonnelBeanTest.java:63)

Running edu.ncsu.csc.itrust.unit.bean.WardRoomBeanLoaderTest
Tests run: 3, Failures: 0, Errors: 0, Skipped: 0, Time elapsed: 0.007 sec - in edu.ncsu.csc.itrust.unit.bean.WardRoomBeanLoaderTest
Running edu.ncsu.csc.itrust.unit.bean.RatingComparatorTest
Tests run: 1, Failures: 0, Errors: 0, Skipped: 0, Time elapsed: 0.17 sec - in edu.ncsu.csc.itrust.unit.bean.RatingComparatorTest
Running edu.ncsu.csc.itrust.unit.bean.DistanceComparatorTest
edu.ncsu.csc.itrust.exception.DBException: A database exception has occurred. Please see the log in the console for stacktrace
	at edu.ncsu.csc.itrust.model.old.dao.mysql.ZipCodeDAO.getZipCode(ZipCodeDAO.java:40)
	at edu.ncsu.csc.itrust.action.ZipCodeAction.calcDistance(ZipCodeAction.java:49)
	at edu.ncsu.csc.itrust.model.old.beans.DistanceComparator.compare(DistanceComparator.java:16)
	at edu.ncsu.csc.itrust.unit.bean.DistanceComparatorTest.testComparatorEvil(DistanceComparatorTest.java:84)
	at sun.reflect.NativeMethodAccessorImpl.invoke0(Native Method)
	at sun.reflect.NativeMethodAccessorImpl.invoke(NativeMethodAccessorImpl.java:62)
	at sun.reflect.DelegatingMethodAccessorImpl.invoke(DelegatingMethodAccessorImpl.java:43)
	at java.lang.reflect.Method.invoke(Method.java:498)
	at junit.framework.TestCase.runTest(TestCase.java:176)
	at junit.framework.TestCase.runBare(TestCase.java:141)
	at junit.framework.TestResult$1.protect(TestResult.java:122)
	at junit.framework.TestResult.runProtected(TestResult.java:142)
	at junit.framework.TestResult.run(TestResult.java:125)
	at junit.framework.TestCase.run(TestCase.java:129)
	at junit.framework.TestSuite.runTest(TestSuite.java:252)
	at junit.framework.TestSuite.run(TestSuite.java:247)
	at org.junit.internal.runners.JUnit38ClassRunner.run(JUnit38ClassRunner.java:86)
	at org.apache.maven.surefire.junit4.JUnit4Provider.execute(JUnit4Provider.java:344)
	at org.apache.maven.surefire.junit4.JUnit4Provider.executeWithRerun(JUnit4Provider.java:269)
	at org.apache.maven.surefire.junit4.JUnit4Provider.executeTestSet(JUnit4Provider.java:240)
	at org.apache.maven.surefire.junit4.JUnit4Provider.invoke(JUnit4Provider.java:184)
	at org.apache.maven.surefire.booter.ForkedBooter.invokeProviderInSameClassLoader(ForkedBooter.java:286)
	at org.apache.maven.surefire.booter.ForkedBooter.runSuitesInProcess(ForkedBooter.java:240)
	at org.apache.maven.surefire.booter.ForkedBooter.main(ForkedBooter.java:121)
Tests run: 3, Failures: 1, Errors: 0, Skipped: 0, Time elapsed: 0.573 sec <<< FAILURE! - in edu.ncsu.csc.itrust.unit.bean.DistanceComparatorTest
testComparatorEvil(edu.ncsu.csc.itrust.unit.bean.DistanceComparatorTest)  Time elapsed: 0.142 sec  <<< FAILURE!
junit.framework.AssertionFailedError: expected:<-1> but was:<0>
	at edu.ncsu.csc.itrust.unit.bean.DistanceComparatorTest.testComparatorEvil(DistanceComparatorTest.java:84)

Running edu.ncsu.csc.itrust.unit.bean.HospitalBeanTest
Tests run: 2, Failures: 2, Errors: 0, Skipped: 0, Time elapsed: 0 sec <<< FAILURE! - in edu.ncsu.csc.itrust.unit.bean.HospitalBeanTest
testHospitalBean(edu.ncsu.csc.itrust.unit.bean.HospitalBeanTest)  Time elapsed: 0 sec  <<< FAILURE!
junit.framework.AssertionFailedError: expected:<42> but was:<2>
	at edu.ncsu.csc.itrust.unit.bean.HospitalBeanTest.testHospitalBean(HospitalBeanTest.java:21)

testFullConstructor(edu.ncsu.csc.itrust.unit.bean.HospitalBeanTest)  Time elapsed: 0 sec  <<< FAILURE!
junit.framework.AssertionFailedError: expected:<42> but was:<2>
	at edu.ncsu.csc.itrust.unit.bean.HospitalBeanTest.testFullConstructor(HospitalBeanTest.java:37)

Running edu.ncsu.csc.itrust.unit.bean.ReviewsBeanLoaderTest
Tests run: 3, Failures: 0, Errors: 0, Skipped: 0, Time elapsed: 0 sec - in edu.ncsu.csc.itrust.unit.bean.ReviewsBeanLoaderTest
Running edu.ncsu.csc.itrust.unit.bean.OverrideReasonBeanTest
Tests run: 1, Failures: 1, Errors: 0, Skipped: 0, Time elapsed: 0 sec <<< FAILURE! - in edu.ncsu.csc.itrust.unit.bean.OverrideReasonBeanTest
testPrescriptionEquals(edu.ncsu.csc.itrust.unit.bean.OverrideReasonBeanTest)  Time elapsed: 0 sec  <<< FAILURE!
junit.framework.AssertionFailedError
	at edu.ncsu.csc.itrust.unit.bean.OverrideReasonBeanTest.testPrescriptionEquals(OverrideReasonBeanTest.java:22)

Running edu.ncsu.csc.itrust.unit.DateUtilTest
Tests run: 4, Failures: 0, Errors: 0, Skipped: 0, Time elapsed: 0 sec - in edu.ncsu.csc.itrust.unit.DateUtilTest
Running edu.ncsu.csc.itrust.unit.enums.TransactionTypeTest
Tests run: 2, Failures: 0, Errors: 0, Skipped: 0, Time elapsed: 0 sec - in edu.ncsu.csc.itrust.unit.enums.TransactionTypeTest
Running edu.ncsu.csc.itrust.unit.enums.BloodTypeTest
Tests run: 1, Failures: 0, Errors: 0, Skipped: 0, Time elapsed: 0 sec - in edu.ncsu.csc.itrust.unit.enums.BloodTypeTest
Running edu.ncsu.csc.itrust.unit.enums.StateTest
Tests run: 1, Failures: 0, Errors: 0, Skipped: 0, Time elapsed: 0.004 sec - in edu.ncsu.csc.itrust.unit.enums.StateTest
Running edu.ncsu.csc.itrust.unit.enums.EthnicityTest
Tests run: 1, Failures: 0, Errors: 0, Skipped: 0, Time elapsed: 0 sec - in edu.ncsu.csc.itrust.unit.enums.EthnicityTest
Running edu.ncsu.csc.itrust.unit.serverutils.WardRoomCRUDServletTest
Tests run: 6, Failures: 0, Errors: 0, Skipped: 0, Time elapsed: 0.04 sec - in edu.ncsu.csc.itrust.unit.serverutils.WardRoomCRUDServletTest
Running edu.ncsu.csc.itrust.unit.serverutils.SessionTimeoutListenerTest
Unable to set session timeout, defaulting to 20 minutes
Tests run: 3, Failures: 2, Errors: 0, Skipped: 0, Time elapsed: 0.054 sec <<< FAILURE! - in edu.ncsu.csc.itrust.unit.serverutils.SessionTimeoutListenerTest
testDBException(edu.ncsu.csc.itrust.unit.serverutils.SessionTimeoutListenerTest)  Time elapsed: 0.004 sec  <<< FAILURE!
junit.framework.AssertionFailedError: expected:<1200> but was:<60>
	at edu.ncsu.csc.itrust.unit.serverutils.SessionTimeoutListenerTest.testDBException(SessionTimeoutListenerTest.java:50)

testListenerWorked(edu.ncsu.csc.itrust.unit.serverutils.SessionTimeoutListenerTest)  Time elapsed: 0.002 sec  <<< FAILURE!
junit.framework.AssertionFailedError: expected:<1200> but was:<60>
	at edu.ncsu.csc.itrust.unit.serverutils.SessionTimeoutListenerTest.testListenerWorked(SessionTimeoutListenerTest.java:35)

Running edu.ncsu.csc.itrust.unit.serverutils.CustomJSPTagsTest
Tests run: 4, Failures: 0, Errors: 0, Skipped: 0, Time elapsed: 0.268 sec - in edu.ncsu.csc.itrust.unit.serverutils.CustomJSPTagsTest
Running edu.ncsu.csc.itrust.unit.serverutils.ProductionConnectionDriverTest
Tests run: 1, Failures: 0, Errors: 0, Skipped: 0, Time elapsed: 0.034 sec - in edu.ncsu.csc.itrust.unit.serverutils.ProductionConnectionDriverTest
Running edu.ncsu.csc.itrust.unit.serverutils.WardCRUDServletTest
Tests run: 6, Failures: 0, Errors: 0, Skipped: 0, Time elapsed: 0.013 sec - in edu.ncsu.csc.itrust.unit.serverutils.WardCRUDServletTest
Running edu.ncsu.csc.itrust.unit.serverutils.FindExpertServletTest
Tests run: 1, Failures: 0, Errors: 0, Skipped: 0, Time elapsed: 0.168 sec - in edu.ncsu.csc.itrust.unit.serverutils.FindExpertServletTest
Running edu.ncsu.csc.itrust.unit.serverutils.PateintSearchServletTest
Tests run: 3, Failures: 2, Errors: 0, Skipped: 0, Time elapsed: 0.427 sec <<< FAILURE! - in edu.ncsu.csc.itrust.unit.serverutils.PateintSearchServletTest
testNonAuditSearch(edu.ncsu.csc.itrust.unit.serverutils.PateintSearchServletTest)  Time elapsed: 0.125 sec  <<< FAILURE!
java.lang.AssertionError
	at edu.ncsu.csc.itrust.unit.serverutils.PateintSearchServletTest.testNonAuditSearch(PateintSearchServletTest.java:98)

testDoGetAuditHttpServletRequestHttpServletResponse(edu.ncsu.csc.itrust.unit.serverutils.PateintSearchServletTest)  Time elapsed: 0.113 sec  <<< FAILURE!
java.lang.AssertionError
	at edu.ncsu.csc.itrust.unit.serverutils.PateintSearchServletTest.testDoGetAuditHttpServletRequestHttpServletResponse(PateintSearchServletTest.java:54)

Running edu.ncsu.csc.itrust.unit.serverutils.GroupReportGeneratorTest
Tests run: 1, Failures: 0, Errors: 1, Skipped: 0, Time elapsed: 0.04 sec <<< FAILURE! - in edu.ncsu.csc.itrust.unit.serverutils.GroupReportGeneratorTest
testGroupReportGeneratorServletPost(edu.ncsu.csc.itrust.unit.serverutils.GroupReportGeneratorTest)  Time elapsed: 0.039 sec  <<< ERROR!
java.lang.NullPointerException
	at edu.ncsu.csc.itrust.unit.serverutils.GroupReportGeneratorTest.testGroupReportGeneratorServletPost(GroupReportGeneratorTest.java:75)

Running edu.ncsu.csc.itrust.unit.BeanBuilderTest
Tests run: 6, Failures: 0, Errors: 0, Skipped: 0, Time elapsed: 0.036 sec - in edu.ncsu.csc.itrust.unit.BeanBuilderTest
Running edu.ncsu.csc.itrust.unit.action.AddDrugListActionTest
Tests run: 2, Failures: 0, Errors: 0, Skipped: 0, Time elapsed: 0.097 sec - in edu.ncsu.csc.itrust.unit.action.AddDrugListActionTest
Running edu.ncsu.csc.itrust.unit.action.ViewMyAccessLogActionTest
Tests run: 8, Failures: 0, Errors: 6, Skipped: 0, Time elapsed: 0.251 sec <<< FAILURE! - in edu.ncsu.csc.itrust.unit.action.ViewMyAccessLogActionTest
testGetAccessesIllegalUser(edu.ncsu.csc.itrust.unit.action.ViewMyAccessLogActionTest)  Time elapsed: 0.027 sec  <<< ERROR!
edu.ncsu.csc.itrust.exception.DBException: A database exception has occurred. Please see the log in the console for stacktrace
	at edu.ncsu.csc.itrust.unit.action.ViewMyAccessLogActionTest.testGetAccessesIllegalUser(ViewMyAccessLogActionTest.java:54)

testNoProblems(edu.ncsu.csc.itrust.unit.action.ViewMyAccessLogActionTest)  Time elapsed: 0.034 sec  <<< ERROR!
edu.ncsu.csc.itrust.exception.DBException: A database exception has occurred. Please see the log in the console for stacktrace
	at edu.ncsu.csc.itrust.unit.action.ViewMyAccessLogActionTest.testNoProblems(ViewMyAccessLogActionTest.java:39)

testDLHCPAccessesHidden(edu.ncsu.csc.itrust.unit.action.ViewMyAccessLogActionTest)  Time elapsed: 0.026 sec  <<< ERROR!
edu.ncsu.csc.itrust.exception.DBException: A database exception has occurred. Please see the log in the console for stacktrace
	at edu.ncsu.csc.itrust.unit.action.ViewMyAccessLogActionTest.testDLHCPAccessesHidden(ViewMyAccessLogActionTest.java:103)

testGetAccessesBadData(edu.ncsu.csc.itrust.unit.action.ViewMyAccessLogActionTest)  Time elapsed: 0.028 sec  <<< ERROR!
edu.ncsu.csc.itrust.exception.DBException: A database exception has occurred. Please see the log in the console for stacktrace
	at edu.ncsu.csc.itrust.unit.action.ViewMyAccessLogActionTest.testGetAccessesBadData(ViewMyAccessLogActionTest.java:65)

testNoProblemsDependentLog(edu.ncsu.csc.itrust.unit.action.ViewMyAccessLogActionTest)  Time elapsed: 0.027 sec  <<< ERROR!
edu.ncsu.csc.itrust.exception.DBException: A database exception has occurred. Please see the log in the console for stacktrace
	at edu.ncsu.csc.itrust.unit.action.ViewMyAccessLogActionTest.testNoProblemsDependentLog(ViewMyAccessLogActionTest.java:46)

testGetAccessesByRole(edu.ncsu.csc.itrust.unit.action.ViewMyAccessLogActionTest)  Time elapsed: 0.039 sec  <<< ERROR!
edu.ncsu.csc.itrust.exception.DBException: A database exception has occurred. Please see the log in the console for stacktrace
	at edu.ncsu.csc.itrust.unit.action.ViewMyAccessLogActionTest.testGetAccessesByRole(ViewMyAccessLogActionTest.java:85)

Running edu.ncsu.csc.itrust.unit.action.AddERespActionTest
Tests run: 1, Failures: 0, Errors: 1, Skipped: 0, Time elapsed: 0.169 sec <<< FAILURE! - in edu.ncsu.csc.itrust.unit.action.AddERespActionTest
testAddER(edu.ncsu.csc.itrust.unit.action.AddERespActionTest)  Time elapsed: 0.169 sec  <<< ERROR!
java.lang.NullPointerException
	at edu.ncsu.csc.itrust.unit.action.AddERespActionTest.testAddER(AddERespActionTest.java:44)

Running edu.ncsu.csc.itrust.unit.action.AddApptRequestActionTest
Tests run: 2, Failures: 0, Errors: 1, Skipped: 0, Time elapsed: 0.273 sec <<< FAILURE! - in edu.ncsu.csc.itrust.unit.action.AddApptRequestActionTest
testAddApptRequest(edu.ncsu.csc.itrust.unit.action.AddApptRequestActionTest)  Time elapsed: 0.134 sec  <<< ERROR!
java.lang.NullPointerException
	at edu.ncsu.csc.itrust.unit.action.AddApptRequestActionTest.testAddApptRequest(AddApptRequestActionTest.java:54)

Running edu.ncsu.csc.itrust.unit.action.ViewMyMessagesActionTest
Tests run: 16, Failures: 0, Errors: 16, Skipped: 0, Time elapsed: 1.812 sec <<< FAILURE! - in edu.ncsu.csc.itrust.unit.action.ViewMyMessagesActionTest
testAddMessage(edu.ncsu.csc.itrust.unit.action.ViewMyMessagesActionTest)  Time elapsed: 0.115 sec  <<< ERROR!
java.lang.NullPointerException
	at edu.ncsu.csc.itrust.unit.action.ViewMyMessagesActionTest.setUp(ViewMyMessagesActionTest.java:42)

testFilterMessages(edu.ncsu.csc.itrust.unit.action.ViewMyMessagesActionTest)  Time elapsed: 0.125 sec  <<< ERROR!
java.lang.NullPointerException
	at edu.ncsu.csc.itrust.unit.action.ViewMyMessagesActionTest.setUp(ViewMyMessagesActionTest.java:42)

testGetAllMySentMessages(edu.ncsu.csc.itrust.unit.action.ViewMyMessagesActionTest)  Time elapsed: 0.14 sec  <<< ERROR!
java.lang.NullPointerException
	at edu.ncsu.csc.itrust.unit.action.ViewMyMessagesActionTest.setUp(ViewMyMessagesActionTest.java:42)

testGetPatientName(edu.ncsu.csc.itrust.unit.action.ViewMyMessagesActionTest)  Time elapsed: 0.104 sec  <<< ERROR!
java.lang.NullPointerException
	at edu.ncsu.csc.itrust.unit.action.ViewMyMessagesActionTest.setUp(ViewMyMessagesActionTest.java:42)

testGetAllMyMessagesFromTimeAscending(edu.ncsu.csc.itrust.unit.action.ViewMyMessagesActionTest)  Time elapsed: 0.104 sec  <<< ERROR!
java.lang.NullPointerException
	at edu.ncsu.csc.itrust.unit.action.ViewMyMessagesActionTest.setUp(ViewMyMessagesActionTest.java:42)

testGetAllMyMessagesFromNameDescending(edu.ncsu.csc.itrust.unit.action.ViewMyMessagesActionTest)  Time elapsed: 0.11 sec  <<< ERROR!
java.lang.NullPointerException
	at edu.ncsu.csc.itrust.unit.action.ViewMyMessagesActionTest.setUp(ViewMyMessagesActionTest.java:42)

testUpdateRead(edu.ncsu.csc.itrust.unit.action.ViewMyMessagesActionTest)  Time elapsed: 0.12 sec  <<< ERROR!
java.lang.NullPointerException
	at edu.ncsu.csc.itrust.unit.action.ViewMyMessagesActionTest.setUp(ViewMyMessagesActionTest.java:42)

testGetCCdMessages(edu.ncsu.csc.itrust.unit.action.ViewMyMessagesActionTest)  Time elapsed: 0.111 sec  <<< ERROR!
java.lang.NullPointerException
	at edu.ncsu.csc.itrust.unit.action.ViewMyMessagesActionTest.setUp(ViewMyMessagesActionTest.java:42)

testGetAllMyMessagesFromNameAscending(edu.ncsu.csc.itrust.unit.action.ViewMyMessagesActionTest)  Time elapsed: 0.1 sec  <<< ERROR!
java.lang.NullPointerException
	at edu.ncsu.csc.itrust.unit.action.ViewMyMessagesActionTest.setUp(ViewMyMessagesActionTest.java:42)

testThrowsExceptions(edu.ncsu.csc.itrust.unit.action.ViewMyMessagesActionTest)  Time elapsed: 0.113 sec  <<< ERROR!
java.lang.NullPointerException
	at edu.ncsu.csc.itrust.unit.action.ViewMyMessagesActionTest.setUp(ViewMyMessagesActionTest.java:42)

testGetAllMyMessagesTimeAscending(edu.ncsu.csc.itrust.unit.action.ViewMyMessagesActionTest)  Time elapsed: 0.116 sec  <<< ERROR!
java.lang.NullPointerException
	at edu.ncsu.csc.itrust.unit.action.ViewMyMessagesActionTest.setUp(ViewMyMessagesActionTest.java:42)

testGetAllMyMessagesNameDescending(edu.ncsu.csc.itrust.unit.action.ViewMyMessagesActionTest)  Time elapsed: 0.1 sec  <<< ERROR!
java.lang.NullPointerException
	at edu.ncsu.csc.itrust.unit.action.ViewMyMessagesActionTest.setUp(ViewMyMessagesActionTest.java:42)

testGetAllMyMessagesNameAscending(edu.ncsu.csc.itrust.unit.action.ViewMyMessagesActionTest)  Time elapsed: 0.13 sec  <<< ERROR!
java.lang.NullPointerException
	at edu.ncsu.csc.itrust.unit.action.ViewMyMessagesActionTest.setUp(ViewMyMessagesActionTest.java:42)

testGetPersonnelName(edu.ncsu.csc.itrust.unit.action.ViewMyMessagesActionTest)  Time elapsed: 0.11 sec  <<< ERROR!
java.lang.NullPointerException
	at edu.ncsu.csc.itrust.unit.action.ViewMyMessagesActionTest.setUp(ViewMyMessagesActionTest.java:42)

testGetUnreadCount(edu.ncsu.csc.itrust.unit.action.ViewMyMessagesActionTest)  Time elapsed: 0.099 sec  <<< ERROR!
java.lang.NullPointerException
	at edu.ncsu.csc.itrust.unit.action.ViewMyMessagesActionTest.setUp(ViewMyMessagesActionTest.java:42)

testGetAllMyMessages(edu.ncsu.csc.itrust.unit.action.ViewMyMessagesActionTest)  Time elapsed: 0.105 sec  <<< ERROR!
java.lang.NullPointerException
	at edu.ncsu.csc.itrust.unit.action.ViewMyMessagesActionTest.setUp(ViewMyMessagesActionTest.java:42)

Running edu.ncsu.csc.itrust.unit.action.ViewMyReportRequestsActionTest
Tests run: 8, Failures: 3, Errors: 5, Skipped: 0, Time elapsed: 0.212 sec <<< FAILURE! - in edu.ncsu.csc.itrust.unit.action.ViewMyReportRequestsActionTest
testInsertReport1(edu.ncsu.csc.itrust.unit.action.ViewMyReportRequestsActionTest)  Time elapsed: 0.039 sec  <<< FAILURE!
junit.framework.ComparisonFailure: expected:<[Exception thrown from Evil Test Connection Driver]> but was:<[RequesterMID cannot be null]>
	at edu.ncsu.csc.itrust.unit.action.ViewMyReportRequestsActionTest.testInsertReport1(ViewMyReportRequestsActionTest.java:77)

testInsertReport2(edu.ncsu.csc.itrust.unit.action.ViewMyReportRequestsActionTest)  Time elapsed: 0.025 sec  <<< ERROR!
edu.ncsu.csc.itrust.exception.DBException: A database exception has occurred. Please see the log in the console for stacktrace
	at edu.ncsu.csc.itrust.unit.action.ViewMyReportRequestsActionTest.testInsertReport2(ViewMyReportRequestsActionTest.java:83)

testSetViewedToZero(edu.ncsu.csc.itrust.unit.action.ViewMyReportRequestsActionTest)  Time elapsed: 0.024 sec  <<< FAILURE!
junit.framework.AssertionFailedError: Should have throw exception
	at edu.ncsu.csc.itrust.unit.action.ViewMyReportRequestsActionTest.testSetViewedToZero(ViewMyReportRequestsActionTest.java:94)

testGetReportRequests3(edu.ncsu.csc.itrust.unit.action.ViewMyReportRequestsActionTest)  Time elapsed: 0.022 sec  <<< ERROR!
edu.ncsu.csc.itrust.exception.DBException: A database exception has occurred. Please see the log in the console for stacktrace
	at edu.ncsu.csc.itrust.unit.action.ViewMyReportRequestsActionTest.testGetReportRequests3(ViewMyReportRequestsActionTest.java:34)

testGetEvilReportRequest(edu.ncsu.csc.itrust.unit.action.ViewMyReportRequestsActionTest)  Time elapsed: 0.031 sec  <<< FAILURE!
junit.framework.ComparisonFailure: expected:<[Exception thrown from Evil Test Connection Driver]> but was:<[ID cannot be null]>
	at edu.ncsu.csc.itrust.unit.action.ViewMyReportRequestsActionTest.testGetEvilReportRequest(ViewMyReportRequestsActionTest.java:46)

testGetLongStatus(edu.ncsu.csc.itrust.unit.action.ViewMyReportRequestsActionTest)  Time elapsed: 0.022 sec  <<< ERROR!
edu.ncsu.csc.itrust.exception.DBException: A database exception has occurred. Please see the log in the console for stacktrace
	at edu.ncsu.csc.itrust.unit.action.ViewMyReportRequestsActionTest.testGetLongStatus(ViewMyReportRequestsActionTest.java:105)

testGetReportRequestForID3(edu.ncsu.csc.itrust.unit.action.ViewMyReportRequestsActionTest)  Time elapsed: 0.024 sec  <<< ERROR!
edu.ncsu.csc.itrust.exception.DBException: A database exception has occurred. Please see the log in the console for stacktrace
	at edu.ncsu.csc.itrust.unit.action.ViewMyReportRequestsActionTest.testGetReportRequestForID3(ViewMyReportRequestsActionTest.java:52)

testGetReportRequestForID4(edu.ncsu.csc.itrust.unit.action.ViewMyReportRequestsActionTest)  Time elapsed: 0.023 sec  <<< ERROR!
edu.ncsu.csc.itrust.exception.DBException: A database exception has occurred. Please see the log in the console for stacktrace
	at edu.ncsu.csc.itrust.unit.action.ViewMyReportRequestsActionTest.testGetReportRequestForID4(ViewMyReportRequestsActionTest.java:61)

Running edu.ncsu.csc.itrust.unit.action.GroupReportActionTest
Tests run: 3, Failures: 0, Errors: 3, Skipped: 0, Time elapsed: 0.246 sec <<< FAILURE! - in edu.ncsu.csc.itrust.unit.action.GroupReportActionTest
testGetComprehensiveMedicalInfo(edu.ncsu.csc.itrust.unit.action.GroupReportActionTest)  Time elapsed: 0.09 sec  <<< ERROR!
java.lang.NullPointerException
	at edu.ncsu.csc.itrust.unit.action.GroupReportActionTest.setUp(GroupReportActionTest.java:29)

testGenerateReport(edu.ncsu.csc.itrust.unit.action.GroupReportActionTest)  Time elapsed: 0.076 sec  <<< ERROR!
java.lang.NullPointerException
	at edu.ncsu.csc.itrust.unit.action.GroupReportActionTest.setUp(GroupReportActionTest.java:29)

testGetComprehensiveDemographicInfo(edu.ncsu.csc.itrust.unit.action.GroupReportActionTest)  Time elapsed: 0.08 sec  <<< ERROR!
java.lang.NullPointerException
	at edu.ncsu.csc.itrust.unit.action.GroupReportActionTest.setUp(GroupReportActionTest.java:29)

Running edu.ncsu.csc.itrust.unit.action.ViewMyApptsActionTest
Tests run: 3, Failures: 0, Errors: 3, Skipped: 0, Time elapsed: 0.225 sec <<< FAILURE! - in edu.ncsu.csc.itrust.unit.action.ViewMyApptsActionTest
testGetName2(edu.ncsu.csc.itrust.unit.action.ViewMyApptsActionTest)  Time elapsed: 0.084 sec  <<< ERROR!
java.lang.NullPointerException
	at edu.ncsu.csc.itrust.unit.action.ViewMyApptsActionTest.setUp(ViewMyApptsActionTest.java:26)

testGetMyAppointments(edu.ncsu.csc.itrust.unit.action.ViewMyApptsActionTest)  Time elapsed: 0.079 sec  <<< ERROR!
java.lang.NullPointerException
	at edu.ncsu.csc.itrust.unit.action.ViewMyApptsActionTest.setUp(ViewMyApptsActionTest.java:26)

testGetName(edu.ncsu.csc.itrust.unit.action.ViewMyApptsActionTest)  Time elapsed: 0.062 sec  <<< ERROR!
java.lang.NullPointerException
	at edu.ncsu.csc.itrust.unit.action.ViewMyApptsActionTest.setUp(ViewMyApptsActionTest.java:26)

Running edu.ncsu.csc.itrust.unit.action.GetUserNameActionTest
Tests run: 2, Failures: 0, Errors: 0, Skipped: 0, Time elapsed: 0.052 sec - in edu.ncsu.csc.itrust.unit.action.GetUserNameActionTest
Running edu.ncsu.csc.itrust.unit.action.ResetPasswordActionTest
Tests run: 13, Failures: 1, Errors: 1, Skipped: 0, Time elapsed: 0.331 sec <<< FAILURE! - in edu.ncsu.csc.itrust.unit.action.ResetPasswordActionTest
testResetForHCP(edu.ncsu.csc.itrust.unit.action.ResetPasswordActionTest)  Time elapsed: 0.043 sec  <<< ERROR!
java.lang.NullPointerException
	at edu.ncsu.csc.itrust.unit.action.ResetPasswordActionTest.testResetForHCP(ResetPasswordActionTest.java:114)

testResetPassword(edu.ncsu.csc.itrust.unit.action.ResetPasswordActionTest)  Time elapsed: 0.034 sec  <<< FAILURE!
junit.framework.ComparisonFailure: expected:<[Answer did not match]> but was:<[Error in validation of security answer]>
	at edu.ncsu.csc.itrust.unit.action.ResetPasswordActionTest.testResetPassword(ResetPasswordActionTest.java:95)

Running edu.ncsu.csc.itrust.unit.action.EditPersonnelActionTest
Tests run: 6, Failures: 0, Errors: 1, Skipped: 0, Time elapsed: 0.249 sec <<< FAILURE! - in edu.ncsu.csc.itrust.unit.action.EditPersonnelActionTest
testUpdateInformation(edu.ncsu.csc.itrust.unit.action.EditPersonnelActionTest)  Time elapsed: 0.022 sec  <<< ERROR!
java.lang.NullPointerException
	at edu.ncsu.csc.itrust.unit.action.EditPersonnelActionTest.testUpdateInformation(EditPersonnelActionTest.java:73)

Running edu.ncsu.csc.itrust.unit.action.ViewApptRequestsActionTest
Tests run: 3, Failures: 0, Errors: 3, Skipped: 0, Time elapsed: 0.312 sec <<< FAILURE! - in edu.ncsu.csc.itrust.unit.action.ViewApptRequestsActionTest
testRejectApptRequest(edu.ncsu.csc.itrust.unit.action.ViewApptRequestsActionTest)  Time elapsed: 0.131 sec  <<< ERROR!
java.lang.NullPointerException
	at edu.ncsu.csc.itrust.unit.action.ViewApptRequestsActionTest.setUp(ViewApptRequestsActionTest.java:24)

testAcceptApptRequest(edu.ncsu.csc.itrust.unit.action.ViewApptRequestsActionTest)  Time elapsed: 0.094 sec  <<< ERROR!
java.lang.NullPointerException
	at edu.ncsu.csc.itrust.unit.action.ViewApptRequestsActionTest.setUp(ViewApptRequestsActionTest.java:24)

testGetApptRequests(edu.ncsu.csc.itrust.unit.action.ViewApptRequestsActionTest)  Time elapsed: 0.073 sec  <<< ERROR!
java.lang.NullPointerException
	at edu.ncsu.csc.itrust.unit.action.ViewApptRequestsActionTest.setUp(ViewApptRequestsActionTest.java:24)

Running edu.ncsu.csc.itrust.unit.action.UpdateHospitalListActionTest
Tests run: 9, Failures: 0, Errors: 6, Skipped: 0, Time elapsed: 0.22 sec <<< FAILURE! - in edu.ncsu.csc.itrust.unit.action.UpdateHospitalListActionTest
testAddHospital(edu.ncsu.csc.itrust.unit.action.UpdateHospitalListActionTest)  Time elapsed: 0.038 sec  <<< ERROR!
java.lang.NullPointerException
	at edu.ncsu.csc.itrust.unit.action.UpdateHospitalListActionTest.testAddHospital(UpdateHospitalListActionTest.java:80)

testUpdateAddress(edu.ncsu.csc.itrust.unit.action.UpdateHospitalListActionTest)  Time elapsed: 0.031 sec  <<< ERROR!
java.lang.NullPointerException
	at edu.ncsu.csc.itrust.unit.action.UpdateHospitalListActionTest.addEmpty(UpdateHospitalListActionTest.java:66)
	at edu.ncsu.csc.itrust.unit.action.UpdateHospitalListActionTest.testUpdateAddress(UpdateHospitalListActionTest.java:169)

testUpdateICDInformation0(edu.ncsu.csc.itrust.unit.action.UpdateHospitalListActionTest)  Time elapsed: 0.023 sec  <<< ERROR!
java.lang.NullPointerException
	at edu.ncsu.csc.itrust.unit.action.UpdateHospitalListActionTest.addEmpty(UpdateHospitalListActionTest.java:66)
	at edu.ncsu.csc.itrust.unit.action.UpdateHospitalListActionTest.testUpdateICDInformation0(UpdateHospitalListActionTest.java:124)

testAddAddress(edu.ncsu.csc.itrust.unit.action.UpdateHospitalListActionTest)  Time elapsed: 0.019 sec  <<< ERROR!
java.lang.NullPointerException
	at edu.ncsu.csc.itrust.unit.action.UpdateHospitalListActionTest.testAddAddress(UpdateHospitalListActionTest.java:152)

testAddHospital2(edu.ncsu.csc.itrust.unit.action.UpdateHospitalListActionTest)  Time elapsed: 0.02 sec  <<< ERROR!
java.lang.NullPointerException
	at edu.ncsu.csc.itrust.unit.action.UpdateHospitalListActionTest.testAddHospital2(UpdateHospitalListActionTest.java:94)

testAddDuplicate(edu.ncsu.csc.itrust.unit.action.UpdateHospitalListActionTest)  Time elapsed: 0.019 sec  <<< ERROR!
java.lang.NullPointerException
	at edu.ncsu.csc.itrust.unit.action.UpdateHospitalListActionTest.testAddDuplicate(UpdateHospitalListActionTest.java:108)

Running edu.ncsu.csc.itrust.unit.action.ViewReportActionTest
Tests run: 3, Failures: 3, Errors: 0, Skipped: 0, Time elapsed: 0.01 sec <<< FAILURE! - in edu.ncsu.csc.itrust.unit.action.ViewReportActionTest
warning(junit.framework.TestSuite$1)  Time elapsed: 0.001 sec  <<< FAILURE!
junit.framework.AssertionFailedError: 
Exception in constructor: testGetPatientl (java.lang.NullPointerException
	at edu.ncsu.csc.itrust.action.ViewReportAction.<init>(ViewReportAction.java:26)
	at edu.ncsu.csc.itrust.action.ViewReportAction.<init>(ViewReportAction.java:35)
	at edu.ncsu.csc.itrust.unit.action.ViewReportActionTest.<init>(ViewReportActionTest.java:17)
	at sun.reflect.NativeConstructorAccessorImpl.newInstance0(Native Method)
	at sun.reflect.NativeConstructorAccessorImpl.newInstance(NativeConstructorAccessorImpl.java:62)
	at sun.reflect.DelegatingConstructorAccessorImpl.newInstance(DelegatingConstructorAccessorImpl.java:45)
	at java.lang.reflect.Constructor.newInstance(Constructor.java:423)
	at junit.framework.TestSuite.createTest(TestSuite.java:60)
	at junit.framework.TestSuite.addTestMethod(TestSuite.java:307)
	at junit.framework.TestSuite.addTestsFromTestCase(TestSuite.java:150)
	at junit.framework.TestSuite.<init>(TestSuite.java:129)
	at org.junit.internal.runners.JUnit38ClassRunner.<init>(JUnit38ClassRunner.java:74)
	at org.junit.internal.builders.JUnit3Builder.runnerForClass(JUnit3Builder.java:11)
	at org.junit.runners.model.RunnerBuilder.safeRunnerForClass(RunnerBuilder.java:59)
	at org.junit.internal.builders.AllDefaultPossibilitiesBuilder.runnerForClass(AllDefaultPossibilitiesBuilder.java:26)
	at org.junit.runners.model.RunnerBuilder.safeRunnerForClass(RunnerBuilder.java:59)
	at org.junit.internal.requests.ClassRequest.getRunner(ClassRequest.java:33)
	at org.junit.internal.requests.FilterRequest.getRunner(FilterRequest.java:36)
	at org.apache.maven.surefire.junit4.JUnit4Provider.execute(JUnit4Provider.java:341)
	at org.apache.maven.surefire.junit4.JUnit4Provider.executeWithRerun(JUnit4Provider.java:269)
	at org.apache.maven.surefire.junit4.JUnit4Provider.executeTestSet(JUnit4Provider.java:240)
	at org.apache.maven.surefire.junit4.JUnit4Provider.invoke(JUnit4Provider.java:184)
	at org.apache.maven.surefire.booter.ForkedBooter.invokeProviderInSameClassLoader(ForkedBooter.java:286)
	at org.apache.maven.surefire.booter.ForkedBooter.runSuitesInProcess(ForkedBooter.java:240)
	at org.apache.maven.surefire.booter.ForkedBooter.main(ForkedBooter.java:121)
)
	at junit.framework.TestSuite$1.runTest(TestSuite.java:97)

warning(junit.framework.TestSuite$1)  Time elapsed: 0 sec  <<< FAILURE!
junit.framework.AssertionFailedError: 
Exception in constructor: testGetDeclaredHCPs (java.lang.NullPointerException
	at edu.ncsu.csc.itrust.action.ViewReportAction.<init>(ViewReportAction.java:26)
	at edu.ncsu.csc.itrust.action.ViewReportAction.<init>(ViewReportAction.java:35)
	at edu.ncsu.csc.itrust.unit.action.ViewReportActionTest.<init>(ViewReportActionTest.java:17)
	at sun.reflect.NativeConstructorAccessorImpl.newInstance0(Native Method)
	at sun.reflect.NativeConstructorAccessorImpl.newInstance(NativeConstructorAccessorImpl.java:62)
	at sun.reflect.DelegatingConstructorAccessorImpl.newInstance(DelegatingConstructorAccessorImpl.java:45)
	at java.lang.reflect.Constructor.newInstance(Constructor.java:423)
	at junit.framework.TestSuite.createTest(TestSuite.java:60)
	at junit.framework.TestSuite.addTestMethod(TestSuite.java:307)
	at junit.framework.TestSuite.addTestsFromTestCase(TestSuite.java:150)
	at junit.framework.TestSuite.<init>(TestSuite.java:129)
	at org.junit.internal.runners.JUnit38ClassRunner.<init>(JUnit38ClassRunner.java:74)
	at org.junit.internal.builders.JUnit3Builder.runnerForClass(JUnit3Builder.java:11)
	at org.junit.runners.model.RunnerBuilder.safeRunnerForClass(RunnerBuilder.java:59)
	at org.junit.internal.builders.AllDefaultPossibilitiesBuilder.runnerForClass(AllDefaultPossibilitiesBuilder.java:26)
	at org.junit.runners.model.RunnerBuilder.safeRunnerForClass(RunnerBuilder.java:59)
	at org.junit.internal.requests.ClassRequest.getRunner(ClassRequest.java:33)
	at org.junit.internal.requests.FilterRequest.getRunner(FilterRequest.java:36)
	at org.apache.maven.surefire.junit4.JUnit4Provider.execute(JUnit4Provider.java:341)
	at org.apache.maven.surefire.junit4.JUnit4Provider.executeWithRerun(JUnit4Provider.java:269)
	at org.apache.maven.surefire.junit4.JUnit4Provider.executeTestSet(JUnit4Provider.java:240)
	at org.apache.maven.surefire.junit4.JUnit4Provider.invoke(JUnit4Provider.java:184)
	at org.apache.maven.surefire.booter.ForkedBooter.invokeProviderInSameClassLoader(ForkedBooter.java:286)
	at org.apache.maven.surefire.booter.ForkedBooter.runSuitesInProcess(ForkedBooter.java:240)
	at org.apache.maven.surefire.booter.ForkedBooter.main(ForkedBooter.java:121)
)
	at junit.framework.TestSuite$1.runTest(TestSuite.java:97)

warning(junit.framework.TestSuite$1)  Time elapsed: 0 sec  <<< FAILURE!
junit.framework.AssertionFailedError: 
Exception in constructor: testGetPersonnel (java.lang.NullPointerException
	at edu.ncsu.csc.itrust.action.ViewReportAction.<init>(ViewReportAction.java:26)
	at edu.ncsu.csc.itrust.action.ViewReportAction.<init>(ViewReportAction.java:35)
	at edu.ncsu.csc.itrust.unit.action.ViewReportActionTest.<init>(ViewReportActionTest.java:17)
	at sun.reflect.NativeConstructorAccessorImpl.newInstance0(Native Method)
	at sun.reflect.NativeConstructorAccessorImpl.newInstance(NativeConstructorAccessorImpl.java:62)
	at sun.reflect.DelegatingConstructorAccessorImpl.newInstance(DelegatingConstructorAccessorImpl.java:45)
	at java.lang.reflect.Constructor.newInstance(Constructor.java:423)
	at junit.framework.TestSuite.createTest(TestSuite.java:60)
	at junit.framework.TestSuite.addTestMethod(TestSuite.java:307)
	at junit.framework.TestSuite.addTestsFromTestCase(TestSuite.java:150)
	at junit.framework.TestSuite.<init>(TestSuite.java:129)
	at org.junit.internal.runners.JUnit38ClassRunner.<init>(JUnit38ClassRunner.java:74)
	at org.junit.internal.builders.JUnit3Builder.runnerForClass(JUnit3Builder.java:11)
	at org.junit.runners.model.RunnerBuilder.safeRunnerForClass(RunnerBuilder.java:59)
	at org.junit.internal.builders.AllDefaultPossibilitiesBuilder.runnerForClass(AllDefaultPossibilitiesBuilder.java:26)
	at org.junit.runners.model.RunnerBuilder.safeRunnerForClass(RunnerBuilder.java:59)
	at org.junit.internal.requests.ClassRequest.getRunner(ClassRequest.java:33)
	at org.junit.internal.requests.FilterRequest.getRunner(FilterRequest.java:36)
	at org.apache.maven.surefire.junit4.JUnit4Provider.execute(JUnit4Provider.java:341)
	at org.apache.maven.surefire.junit4.JUnit4Provider.executeWithRerun(JUnit4Provider.java:269)
	at org.apache.maven.surefire.junit4.JUnit4Provider.executeTestSet(JUnit4Provider.java:240)
	at org.apache.maven.surefire.junit4.JUnit4Provider.invoke(JUnit4Provider.java:184)
	at org.apache.maven.surefire.booter.ForkedBooter.invokeProviderInSameClassLoader(ForkedBooter.java:286)
	at org.apache.maven.surefire.booter.ForkedBooter.runSuitesInProcess(ForkedBooter.java:240)
	at org.apache.maven.surefire.booter.ForkedBooter.main(ForkedBooter.java:121)
)
	at junit.framework.TestSuite$1.runTest(TestSuite.java:97)

Running edu.ncsu.csc.itrust.unit.action.AddLTActionTest
Tests run: 1, Failures: 0, Errors: 0, Skipped: 0, Time elapsed: 0.136 sec - in edu.ncsu.csc.itrust.unit.action.AddLTActionTest
Running edu.ncsu.csc.itrust.unit.action.ViewMyRemoteMonitoringListActionTest
Tests run: 5, Failures: 0, Errors: 5, Skipped: 0, Time elapsed: 0.127 sec <<< FAILURE! - in edu.ncsu.csc.itrust.unit.action.ViewMyRemoteMonitoringListActionTest
testGetPatientDataByDate(edu.ncsu.csc.itrust.unit.action.ViewMyRemoteMonitoringListActionTest)  Time elapsed: 0.02 sec  <<< ERROR!
java.lang.NullPointerException
	at edu.ncsu.csc.itrust.unit.action.ViewMyRemoteMonitoringListActionTest.setUp(ViewMyRemoteMonitoringListActionTest.java:26)

testGetPatientDataByType(edu.ncsu.csc.itrust.unit.action.ViewMyRemoteMonitoringListActionTest)  Time elapsed: 0.025 sec  <<< ERROR!
java.lang.NullPointerException
	at edu.ncsu.csc.itrust.unit.action.ViewMyRemoteMonitoringListActionTest.setUp(ViewMyRemoteMonitoringListActionTest.java:26)

testGetPatientData(edu.ncsu.csc.itrust.unit.action.ViewMyRemoteMonitoringListActionTest)  Time elapsed: 0.025 sec  <<< ERROR!
java.lang.NullPointerException
	at edu.ncsu.csc.itrust.unit.action.ViewMyRemoteMonitoringListActionTest.setUp(ViewMyRemoteMonitoringListActionTest.java:26)

testGetPatientName(edu.ncsu.csc.itrust.unit.action.ViewMyRemoteMonitoringListActionTest)  Time elapsed: 0.028 sec  <<< ERROR!
java.lang.NullPointerException
	at edu.ncsu.csc.itrust.unit.action.ViewMyRemoteMonitoringListActionTest.setUp(ViewMyRemoteMonitoringListActionTest.java:26)

testIllegalGetPatientDataByDate1(edu.ncsu.csc.itrust.unit.action.ViewMyRemoteMonitoringListActionTest)  Time elapsed: 0.027 sec  <<< ERROR!
java.lang.NullPointerException
	at edu.ncsu.csc.itrust.unit.action.ViewMyRemoteMonitoringListActionTest.setUp(ViewMyRemoteMonitoringListActionTest.java:26)

Running edu.ncsu.csc.itrust.unit.action.ManageHospitalAssignmentsActionTest
Tests run: 20, Failures: 1, Errors: 4, Skipped: 0, Time elapsed: 0.514 sec <<< FAILURE! - in edu.ncsu.csc.itrust.unit.action.ManageHospitalAssignmentsActionTest
testAssignHCPToHospital(edu.ncsu.csc.itrust.unit.action.ManageHospitalAssignmentsActionTest)  Time elapsed: 0.027 sec  <<< ERROR!
java.lang.NullPointerException
	at edu.ncsu.csc.itrust.unit.action.ManageHospitalAssignmentsActionTest.doAssignment(ManageHospitalAssignmentsActionTest.java:45)
	at edu.ncsu.csc.itrust.unit.action.ManageHospitalAssignmentsActionTest.testAssignHCPToHospital(ManageHospitalAssignmentsActionTest.java:58)

testRemovePersonnelAssignmentToHospital(edu.ncsu.csc.itrust.unit.action.ManageHospitalAssignmentsActionTest)  Time elapsed: 0.03 sec  <<< ERROR!
java.lang.NullPointerException
	at edu.ncsu.csc.itrust.unit.action.ManageHospitalAssignmentsActionTest.doAssignment(ManageHospitalAssignmentsActionTest.java:45)
	at edu.ncsu.csc.itrust.unit.action.ManageHospitalAssignmentsActionTest.testRemovePersonnelAssignmentToHospital(ManageHospitalAssignmentsActionTest.java:99)

testAssignHCPToHospitalEvil(edu.ncsu.csc.itrust.unit.action.ManageHospitalAssignmentsActionTest)  Time elapsed: 0.032 sec  <<< FAILURE!
junit.framework.ComparisonFailure: expected:<[Exception thrown from Evil Test Connection Driver]> but was:<[No extended information.]>
	at edu.ncsu.csc.itrust.unit.action.ManageHospitalAssignmentsActionTest.testAssignHCPToHospitalEvil(ManageHospitalAssignmentsActionTest.java:73)

testAssignDuplicate(edu.ncsu.csc.itrust.unit.action.ManageHospitalAssignmentsActionTest)  Time elapsed: 0.021 sec  <<< ERROR!
java.lang.NullPointerException
	at edu.ncsu.csc.itrust.unit.action.ManageHospitalAssignmentsActionTest.doAssignment(ManageHospitalAssignmentsActionTest.java:45)
	at edu.ncsu.csc.itrust.unit.action.ManageHospitalAssignmentsActionTest.testAssignDuplicate(ManageHospitalAssignmentsActionTest.java:84)

testRemoveAll(edu.ncsu.csc.itrust.unit.action.ManageHospitalAssignmentsActionTest)  Time elapsed: 0.019 sec  <<< ERROR!
java.lang.NullPointerException
	at edu.ncsu.csc.itrust.unit.action.ManageHospitalAssignmentsActionTest.doAssignment(ManageHospitalAssignmentsActionTest.java:45)
	at edu.ncsu.csc.itrust.unit.action.ManageHospitalAssignmentsActionTest.testRemoveAll(ManageHospitalAssignmentsActionTest.java:120)

Running edu.ncsu.csc.itrust.unit.action.AddRemoteMonitoringDataActionTest
Tests run: 15, Failures: 0, Errors: 0, Skipped: 0, Time elapsed: 0.5 sec - in edu.ncsu.csc.itrust.unit.action.AddRemoteMonitoringDataActionTest
Running edu.ncsu.csc.itrust.unit.action.DrugInteractionActionTest
Tests run: 7, Failures: 0, Errors: 0, Skipped: 0, Time elapsed: 0.198 sec - in edu.ncsu.csc.itrust.unit.action.DrugInteractionActionTest
Running edu.ncsu.csc.itrust.unit.action.EditPatientActionTest
Tests run: 11, Failures: 0, Errors: 3, Skipped: 0, Time elapsed: 0.276 sec <<< FAILURE! - in edu.ncsu.csc.itrust.unit.action.EditPatientActionTest
testEditRepresentatives(edu.ncsu.csc.itrust.unit.action.EditPatientActionTest)  Time elapsed: 0.036 sec  <<< ERROR!
java.lang.NullPointerException
	at edu.ncsu.csc.itrust.unit.action.EditPatientActionTest.testEditRepresentatives(EditPatientActionTest.java:48)

testSetDependent(edu.ncsu.csc.itrust.unit.action.EditPatientActionTest)  Time elapsed: 0.023 sec  <<< ERROR!
java.lang.NullPointerException
	at edu.ncsu.csc.itrust.unit.action.EditPatientActionTest.testSetDependent(EditPatientActionTest.java:157)

testEditCOD(edu.ncsu.csc.itrust.unit.action.EditPatientActionTest)  Time elapsed: 0.029 sec  <<< ERROR!
java.lang.NullPointerException
	at edu.ncsu.csc.itrust.unit.action.EditPatientActionTest.testEditCOD(EditPatientActionTest.java:66)

Running edu.ncsu.csc.itrust.unit.action.EditMonitoringListActionTest
Tests run: 2, Failures: 0, Errors: 0, Skipped: 0, Time elapsed: 0.043 sec - in edu.ncsu.csc.itrust.unit.action.EditMonitoringListActionTest
Running edu.ncsu.csc.itrust.unit.action.ViewMyBillingActionTest
Tests run: 2, Failures: 0, Errors: 1, Skipped: 0, Time elapsed: 0.152 sec <<< FAILURE! - in edu.ncsu.csc.itrust.unit.action.ViewMyBillingActionTest
testGetAllMyBills(edu.ncsu.csc.itrust.unit.action.ViewMyBillingActionTest)  Time elapsed: 0.071 sec  <<< ERROR!
java.lang.NullPointerException
	at edu.ncsu.csc.itrust.unit.action.ViewMyBillingActionTest.testGetAllMyBills(ViewMyBillingActionTest.java:31)

Running edu.ncsu.csc.itrust.unit.action.UpdateNDCodeListActionTest
Tests run: 7, Failures: 2, Errors: 0, Skipped: 0, Time elapsed: 0.136 sec <<< FAILURE! - in edu.ncsu.csc.itrust.unit.action.UpdateNDCodeListActionTest
testUpdateNDInformation0(edu.ncsu.csc.itrust.unit.action.UpdateNDCodeListActionTest)  Time elapsed: 0.02 sec  <<< FAILURE!
junit.framework.ComparisonFailure: expected:<[Success: 1 row(s) updated]> but was:<[Error: Code not found.]>
	at edu.ncsu.csc.itrust.unit.action.UpdateNDCodeListActionTest.testUpdateNDInformation0(UpdateNDCodeListActionTest.java:113)

testUpdateNonExistent(edu.ncsu.csc.itrust.unit.action.UpdateNDCodeListActionTest)  Time elapsed: 0.02 sec  <<< FAILURE!
junit.framework.ComparisonFailure: expected:<[Error: Code not found.]> but was:<[Success: 0 row(s) updated]>
	at edu.ncsu.csc.itrust.unit.action.UpdateNDCodeListActionTest.testUpdateNonExistent(UpdateNDCodeListActionTest.java:126)

Running edu.ncsu.csc.itrust.unit.action.AddPatientFileActionTest
First name: Up to 20 Letters, space, ' and -
Email: Up to 30 alphanumeric characters and symbols . and _ @
Tests run: 5, Failures: 0, Errors: 0, Skipped: 0, Time elapsed: 0.023 sec - in edu.ncsu.csc.itrust.unit.action.AddPatientFileActionTest
Running edu.ncsu.csc.itrust.unit.action.ChangePasswordActionTest
Tests run: 1, Failures: 0, Errors: 1, Skipped: 0, Time elapsed: 0.08 sec <<< FAILURE! - in edu.ncsu.csc.itrust.unit.action.ChangePasswordActionTest
testChangePassword(edu.ncsu.csc.itrust.unit.action.ChangePasswordActionTest)  Time elapsed: 0.078 sec  <<< ERROR!
java.lang.NullPointerException
	at edu.ncsu.csc.itrust.unit.action.ChangePasswordActionTest.testChangePassword(ChangePasswordActionTest.java:24)

Running edu.ncsu.csc.itrust.unit.action.ViewHelperActionTest
Tests run: 1, Failures: 0, Errors: 0, Skipped: 0, Time elapsed: 0.002 sec - in edu.ncsu.csc.itrust.unit.action.ViewHelperActionTest
Running edu.ncsu.csc.itrust.unit.action.ViewNumberOfPendingAppointmentsActionTest
Tests run: 1, Failures: 0, Errors: 1, Skipped: 0, Time elapsed: 0.1 sec <<< FAILURE! - in edu.ncsu.csc.itrust.unit.action.ViewNumberOfPendingAppointmentsActionTest
testGetNumRequest(edu.ncsu.csc.itrust.unit.action.ViewNumberOfPendingAppointmentsActionTest)  Time elapsed: 0.099 sec  <<< ERROR!
java.lang.NullPointerException
	at edu.ncsu.csc.itrust.unit.action.ViewNumberOfPendingAppointmentsActionTest.setUp(ViewNumberOfPendingAppointmentsActionTest.java:30)

Running edu.ncsu.csc.itrust.unit.action.FindExpertActionTest
Tests run: 3, Failures: 0, Errors: 0, Skipped: 0, Time elapsed: 0.068 sec - in edu.ncsu.csc.itrust.unit.action.FindExpertActionTest
Running edu.ncsu.csc.itrust.unit.action.ChangeSessionTimeoutActionTest
Tests run: 3, Failures: 0, Errors: 0, Skipped: 0, Time elapsed: 0.003 sec - in edu.ncsu.csc.itrust.unit.action.ChangeSessionTimeoutActionTest
Running edu.ncsu.csc.itrust.unit.action.SearchUsersActionTest
Tests run: 14, Failures: 0, Errors: 4, Skipped: 0, Time elapsed: 1.223 sec <<< FAILURE! - in edu.ncsu.csc.itrust.unit.action.SearchUsersActionTest
testFuzzySearchForPatient1(edu.ncsu.csc.itrust.unit.action.SearchUsersActionTest)  Time elapsed: 0.088 sec  <<< ERROR!
java.lang.IndexOutOfBoundsException: Index: 0, Size: 0
	at edu.ncsu.csc.itrust.unit.action.SearchUsersActionTest.testFuzzySearchForPatient1(SearchUsersActionTest.java:62)

testFuzzySearchForPatient2(edu.ncsu.csc.itrust.unit.action.SearchUsersActionTest)  Time elapsed: 0.089 sec  <<< ERROR!
java.lang.IndexOutOfBoundsException: Index: 0, Size: 0
	at edu.ncsu.csc.itrust.unit.action.SearchUsersActionTest.testFuzzySearchForPatient2(SearchUsersActionTest.java:71)

testFuzzySearchForPatient3(edu.ncsu.csc.itrust.unit.action.SearchUsersActionTest)  Time elapsed: 0.074 sec  <<< ERROR!
java.lang.IndexOutOfBoundsException: Index: 0, Size: 0
	at edu.ncsu.csc.itrust.unit.action.SearchUsersActionTest.testFuzzySearchForPatient3(SearchUsersActionTest.java:80)

testFuzzySearchForPatientDeactivatedOverride(edu.ncsu.csc.itrust.unit.action.SearchUsersActionTest)  Time elapsed: 0.058 sec  <<< ERROR!
java.lang.IndexOutOfBoundsException: Index: 0, Size: 0
	at edu.ncsu.csc.itrust.unit.action.SearchUsersActionTest.testFuzzySearchForPatientDeactivatedOverride(SearchUsersActionTest.java:95)

Running edu.ncsu.csc.itrust.unit.action.LoginFailureActionTest
Denying access due to DBException
Tests run: 6, Failures: 1, Errors: 0, Skipped: 0, Time elapsed: 0.127 sec <<< FAILURE! - in edu.ncsu.csc.itrust.unit.action.LoginFailureActionTest
testNormalLoginFailureSequence(edu.ncsu.csc.itrust.unit.action.LoginFailureActionTest)  Time elapsed: 0.027 sec  <<< FAILURE!
junit.framework.ComparisonFailure: expected:<[Login failed, attempt 1]> but was:<[A database exception has occurred. Please see the log in the console for stacktrace]>
	at edu.ncsu.csc.itrust.unit.action.LoginFailureActionTest.testNormalLoginFailureSequence(LoginFailureActionTest.java:25)

Running edu.ncsu.csc.itrust.unit.action.EventLoggingActionTest
Tests run: 1, Failures: 0, Errors: 0, Skipped: 0, Time elapsed: 0.018 sec - in edu.ncsu.csc.itrust.unit.action.EventLoggingActionTest
Running edu.ncsu.csc.itrust.unit.action.GroupReportGeneratorActionTest
Tests run: 2, Failures: 0, Errors: 2, Skipped: 0, Time elapsed: 0.161 sec <<< FAILURE! - in edu.ncsu.csc.itrust.unit.action.GroupReportGeneratorActionTest
testParseFilters(edu.ncsu.csc.itrust.unit.action.GroupReportGeneratorActionTest)  Time elapsed: 0.076 sec  <<< ERROR!
java.lang.NullPointerException
	at edu.ncsu.csc.itrust.unit.action.GroupReportGeneratorActionTest.testParseFilters(GroupReportGeneratorActionTest.java:73)

testGenerateReport(edu.ncsu.csc.itrust.unit.action.GroupReportGeneratorActionTest)  Time elapsed: 0.085 sec  <<< ERROR!
java.lang.NullPointerException
	at edu.ncsu.csc.itrust.unit.action.GroupReportGeneratorActionTest.testGenerateReport(GroupReportGeneratorActionTest.java:42)

Running edu.ncsu.csc.itrust.unit.action.PayBillActionTest
Tests run: 2, Failures: 0, Errors: 2, Skipped: 0, Time elapsed: 0.123 sec <<< FAILURE! - in edu.ncsu.csc.itrust.unit.action.PayBillActionTest
testPayBillWithCC(edu.ncsu.csc.itrust.unit.action.PayBillActionTest)  Time elapsed: 0.061 sec  <<< ERROR!
java.lang.NullPointerException
	at edu.ncsu.csc.itrust.unit.action.PayBillActionTest.setUp(PayBillActionTest.java:26)

testPayBillWithIns(edu.ncsu.csc.itrust.unit.action.PayBillActionTest)  Time elapsed: 0.06 sec  <<< ERROR!
java.lang.NullPointerException
	at edu.ncsu.csc.itrust.unit.action.PayBillActionTest.setUp(PayBillActionTest.java:26)

Running edu.ncsu.csc.itrust.unit.action.ZipCodeActionTest
Begin testGetExperts
Tests run: 1, Failures: 0, Errors: 1, Skipped: 0, Time elapsed: 0.064 sec <<< FAILURE! - in edu.ncsu.csc.itrust.unit.action.ZipCodeActionTest
testGetExperts(edu.ncsu.csc.itrust.unit.action.ZipCodeActionTest)  Time elapsed: 0.059 sec  <<< ERROR!
java.lang.NullPointerException
	at edu.ncsu.csc.itrust.unit.action.ZipCodeActionTest.testGetExperts(ZipCodeActionTest.java:30)

Running edu.ncsu.csc.itrust.unit.action.ViewPersonnelActionTest
Tests run: 3, Failures: 0, Errors: 2, Skipped: 0, Time elapsed: 0.078 sec <<< FAILURE! - in edu.ncsu.csc.itrust.unit.action.ViewPersonnelActionTest
testNotANumber(edu.ncsu.csc.itrust.unit.action.ViewPersonnelActionTest)  Time elapsed: 0.022 sec  <<< ERROR!
java.lang.NoClassDefFoundError: Could not initialize class edu.ncsu.csc.itrust.Messages
	at edu.ncsu.csc.itrust.unit.action.ViewPersonnelActionTest.testNotANumber(ViewPersonnelActionTest.java:44)

testNoPersonnel(edu.ncsu.csc.itrust.unit.action.ViewPersonnelActionTest)  Time elapsed: 0.029 sec  <<< ERROR!
java.lang.NoClassDefFoundError: Could not initialize class edu.ncsu.csc.itrust.Messages
	at edu.ncsu.csc.itrust.unit.action.ViewPersonnelActionTest.testNoPersonnel(ViewPersonnelActionTest.java:34)

Running edu.ncsu.csc.itrust.unit.action.DeclareHCPActionTest
Tests run: 6, Failures: 0, Errors: 5, Skipped: 0, Time elapsed: 0.127 sec <<< FAILURE! - in edu.ncsu.csc.itrust.unit.action.DeclareHCPActionTest
testUnDeclareNotDeclared(edu.ncsu.csc.itrust.unit.action.DeclareHCPActionTest)  Time elapsed: 0.027 sec  <<< ERROR!
edu.ncsu.csc.itrust.exception.DBException: A database exception has occurred. Please see the log in the console for stacktrace
	at edu.ncsu.csc.itrust.unit.action.DeclareHCPActionTest.testUnDeclareNotDeclared(DeclareHCPActionTest.java:65)

testDeclareAlreadyDeclared(edu.ncsu.csc.itrust.unit.action.DeclareHCPActionTest)  Time elapsed: 0.02 sec  <<< ERROR!
edu.ncsu.csc.itrust.exception.DBException: A database exception has occurred. Please see the log in the console for stacktrace
	at edu.ncsu.csc.itrust.unit.action.DeclareHCPActionTest.testDeclareAlreadyDeclared(DeclareHCPActionTest.java:55)

testUnDeclareNormal(edu.ncsu.csc.itrust.unit.action.DeclareHCPActionTest)  Time elapsed: 0.018 sec  <<< ERROR!
edu.ncsu.csc.itrust.exception.DBException: A database exception has occurred. Please see the log in the console for stacktrace
	at edu.ncsu.csc.itrust.unit.action.DeclareHCPActionTest.testUnDeclareNormal(DeclareHCPActionTest.java:44)

testDeclareNormal(edu.ncsu.csc.itrust.unit.action.DeclareHCPActionTest)  Time elapsed: 0.02 sec  <<< ERROR!
edu.ncsu.csc.itrust.exception.DBException: A database exception has occurred. Please see the log in the console for stacktrace
	at edu.ncsu.csc.itrust.unit.action.DeclareHCPActionTest.testDeclareNormal(DeclareHCPActionTest.java:36)

testGetDeclared(edu.ncsu.csc.itrust.unit.action.DeclareHCPActionTest)  Time elapsed: 0.018 sec  <<< ERROR!
edu.ncsu.csc.itrust.exception.DBException: A database exception has occurred. Please see the log in the console for stacktrace
	at edu.ncsu.csc.itrust.unit.action.DeclareHCPActionTest.testGetDeclared(DeclareHCPActionTest.java:29)

Running edu.ncsu.csc.itrust.unit.action.UpdateORCListActionTest
Tests run: 5, Failures: 0, Errors: 0, Skipped: 0, Time elapsed: 0.173 sec - in edu.ncsu.csc.itrust.unit.action.UpdateORCListActionTest
Running edu.ncsu.csc.itrust.unit.action.SetSecurityQuestionTest
Tests run: 4, Failures: 1, Errors: 1, Skipped: 0, Time elapsed: 0.12 sec <<< FAILURE! - in edu.ncsu.csc.itrust.unit.action.SetSecurityQuestionTest
testUpdateInformationCorrectly(edu.ncsu.csc.itrust.unit.action.SetSecurityQuestionTest)  Time elapsed: 0.021 sec  <<< ERROR!
edu.ncsu.csc.itrust.exception.FormValidationException: This form has not been validated correctly. The following field are not properly filled in: [Null form]
	at edu.ncsu.csc.itrust.unit.action.SetSecurityQuestionTest.testUpdateInformationCorrectly(SetSecurityQuestionTest.java:58)

testBadConnection(edu.ncsu.csc.itrust.unit.action.SetSecurityQuestionTest)  Time elapsed: 0.032 sec  <<< FAILURE!
junit.framework.ComparisonFailure: expected:<[Exception thrown from Evil Test Connection Driver]> but was:<[No extended information.]>
	at edu.ncsu.csc.itrust.unit.action.SetSecurityQuestionTest.testBadConnection(SetSecurityQuestionTest.java:39)

Running edu.ncsu.csc.itrust.unit.action.ViewClaimsActionTest
edu.ncsu.csc.itrust.exception.DBException: A database exception has occurred. Please see the log in the console for stacktrace
	at edu.ncsu.csc.itrust.model.old.dao.mysql.BillingDAO.getInsuranceBills(BillingDAO.java:171)
	at edu.ncsu.csc.itrust.action.ViewClaimsAction.getClaims(ViewClaimsAction.java:39)
	at edu.ncsu.csc.itrust.unit.action.ViewClaimsActionTest.testEvilAction(ViewClaimsActionTest.java:110)
	at sun.reflect.NativeMethodAccessorImpl.invoke0(Native Method)
	at sun.reflect.NativeMethodAccessorImpl.invoke(NativeMethodAccessorImpl.java:62)
	at sun.reflect.DelegatingMethodAccessorImpl.invoke(DelegatingMethodAccessorImpl.java:43)
	at java.lang.reflect.Method.invoke(Method.java:498)
	at junit.framework.TestCase.runTest(TestCase.java:176)
	at junit.framework.TestCase.runBare(TestCase.java:141)
	at junit.framework.TestResult$1.protect(TestResult.java:122)
	at junit.framework.TestResult.runProtected(TestResult.java:142)
	at junit.framework.TestResult.run(TestResult.java:125)
	at junit.framework.TestCase.run(TestCase.java:129)
	at junit.framework.TestSuite.runTest(TestSuite.java:252)
	at junit.framework.TestSuite.run(TestSuite.java:247)
	at org.junit.internal.runners.JUnit38ClassRunner.run(JUnit38ClassRunner.java:86)
	at org.apache.maven.surefire.junit4.JUnit4Provider.execute(JUnit4Provider.java:344)
	at org.apache.maven.surefire.junit4.JUnit4Provider.executeWithRerun(JUnit4Provider.java:269)
	at org.apache.maven.surefire.junit4.JUnit4Provider.executeTestSet(JUnit4Provider.java:240)
	at org.apache.maven.surefire.junit4.JUnit4Provider.invoke(JUnit4Provider.java:184)
	at org.apache.maven.surefire.booter.ForkedBooter.invokeProviderInSameClassLoader(ForkedBooter.java:286)
	at org.apache.maven.surefire.booter.ForkedBooter.runSuitesInProcess(ForkedBooter.java:240)
	at org.apache.maven.surefire.booter.ForkedBooter.main(ForkedBooter.java:121)
edu.ncsu.csc.itrust.exception.DBException: A database exception has occurred. Please see the log in the console for stacktrace
	at edu.ncsu.csc.itrust.model.old.dao.mysql.PatientDAO.getName(PatientDAO.java:75)
	at edu.ncsu.csc.itrust.action.ViewClaimsAction.getSubmitter(ViewClaimsAction.java:54)
	at edu.ncsu.csc.itrust.unit.action.ViewClaimsActionTest.testEvilAction(ViewClaimsActionTest.java:111)
	at sun.reflect.NativeMethodAccessorImpl.invoke0(Native Method)
	at sun.reflect.NativeMethodAccessorImpl.invoke(NativeMethodAccessorImpl.java:62)
	at sun.reflect.DelegatingMethodAccessorImpl.invoke(DelegatingMethodAccessorImpl.java:43)
	at java.lang.reflect.Method.invoke(Method.java:498)
	at junit.framework.TestCase.runTest(TestCase.java:176)
	at junit.framework.TestCase.runBare(TestCase.java:141)
	at junit.framework.TestResult$1.protect(TestResult.java:122)
	at junit.framework.TestResult.runProtected(TestResult.java:142)
	at junit.framework.TestResult.run(TestResult.java:125)
	at junit.framework.TestCase.run(TestCase.java:129)
	at junit.framework.TestSuite.runTest(TestSuite.java:252)
	at junit.framework.TestSuite.run(TestSuite.java:247)
	at org.junit.internal.runners.JUnit38ClassRunner.run(JUnit38ClassRunner.java:86)
	at org.apache.maven.surefire.junit4.JUnit4Provider.execute(JUnit4Provider.java:344)
	at org.apache.maven.surefire.junit4.JUnit4Provider.executeWithRerun(JUnit4Provider.java:269)
	at org.apache.maven.surefire.junit4.JUnit4Provider.executeTestSet(JUnit4Provider.java:240)
	at org.apache.maven.surefire.junit4.JUnit4Provider.invoke(JUnit4Provider.java:184)
	at org.apache.maven.surefire.booter.ForkedBooter.invokeProviderInSameClassLoader(ForkedBooter.java:286)
	at org.apache.maven.surefire.booter.ForkedBooter.runSuitesInProcess(ForkedBooter.java:240)
	at org.apache.maven.surefire.booter.ForkedBooter.main(ForkedBooter.java:121)
Tests run: 4, Failures: 0, Errors: 0, Skipped: 0, Time elapsed: 0.28 sec - in edu.ncsu.csc.itrust.unit.action.ViewClaimsActionTest
Running edu.ncsu.csc.itrust.unit.action.ReviewsActionTest
Tests run: 5, Failures: 1, Errors: 0, Skipped: 0, Time elapsed: 0.316 sec <<< FAILURE! - in edu.ncsu.csc.itrust.unit.action.ReviewsActionTest
testAddReviewValid(edu.ncsu.csc.itrust.unit.action.ReviewsActionTest)  Time elapsed: 0.06 sec  <<< FAILURE!
java.lang.AssertionError
	at edu.ncsu.csc.itrust.unit.action.ReviewsActionTest.testAddReviewValid(ReviewsActionTest.java:69)

Running edu.ncsu.csc.itrust.unit.action.EditRepresentativesActionTest
edu.ncsu.csc.itrust.exception.DBException: A database exception has occurred. Please see the log in the console for stacktrace
	at edu.ncsu.csc.itrust.model.old.dao.mysql.PatientDAO.checkIfPatientIsActive(PatientDAO.java:433)
	at edu.ncsu.csc.itrust.action.EditRepresentativesAction.checkIfPatientIsActive(EditRepresentativesAction.java:121)
	at edu.ncsu.csc.itrust.unit.action.EditRepresentativesActionTest.testCheckIfPatientIsActive(EditRepresentativesActionTest.java:86)
	at sun.reflect.NativeMethodAccessorImpl.invoke0(Native Method)
	at sun.reflect.NativeMethodAccessorImpl.invoke(NativeMethodAccessorImpl.java:62)
	at sun.reflect.DelegatingMethodAccessorImpl.invoke(DelegatingMethodAccessorImpl.java:43)
	at java.lang.reflect.Method.invoke(Method.java:498)
	at junit.framework.TestCase.runTest(TestCase.java:176)
	at junit.framework.TestCase.runBare(TestCase.java:141)
	at junit.framework.TestResult$1.protect(TestResult.java:122)
	at junit.framework.TestResult.runProtected(TestResult.java:142)
	at junit.framework.TestResult.run(TestResult.java:125)
	at junit.framework.TestCase.run(TestCase.java:129)
	at junit.framework.TestSuite.runTest(TestSuite.java:252)
	at junit.framework.TestSuite.run(TestSuite.java:247)
	at org.junit.internal.runners.JUnit38ClassRunner.run(JUnit38ClassRunner.java:86)
	at org.apache.maven.surefire.junit4.JUnit4Provider.execute(JUnit4Provider.java:344)
	at org.apache.maven.surefire.junit4.JUnit4Provider.executeWithRerun(JUnit4Provider.java:269)
	at org.apache.maven.surefire.junit4.JUnit4Provider.executeTestSet(JUnit4Provider.java:240)
	at org.apache.maven.surefire.junit4.JUnit4Provider.invoke(JUnit4Provider.java:184)
	at org.apache.maven.surefire.booter.ForkedBooter.invokeProviderInSameClassLoader(ForkedBooter.java:286)
	at org.apache.maven.surefire.booter.ForkedBooter.runSuitesInProcess(ForkedBooter.java:240)
	at org.apache.maven.surefire.booter.ForkedBooter.main(ForkedBooter.java:121)
Tests run: 10, Failures: 1, Errors: 2, Skipped: 0, Time elapsed: 0.228 sec <<< FAILURE! - in edu.ncsu.csc.itrust.unit.action.EditRepresentativesActionTest
testCheckIfPatientIsActive(edu.ncsu.csc.itrust.unit.action.EditRepresentativesActionTest)  Time elapsed: 0.029 sec  <<< FAILURE!
junit.framework.AssertionFailedError
	at edu.ncsu.csc.itrust.unit.action.EditRepresentativesActionTest.testCheckIfPatientIsActive(EditRepresentativesActionTest.java:87)

testAddRepresentee(edu.ncsu.csc.itrust.unit.action.EditRepresentativesActionTest)  Time elapsed: 0.022 sec  <<< ERROR!
edu.ncsu.csc.itrust.exception.DBException: A database exception has occurred. Please see the log in the console for stacktrace
	at edu.ncsu.csc.itrust.unit.action.EditRepresentativesActionTest.testAddRepresentee(EditRepresentativesActionTest.java:38)

testRemoveRepresentee(edu.ncsu.csc.itrust.unit.action.EditRepresentativesActionTest)  Time elapsed: 0.02 sec  <<< ERROR!
java.lang.NullPointerException
	at edu.ncsu.csc.itrust.unit.action.EditRepresentativesActionTest.testRemoveRepresentee(EditRepresentativesActionTest.java:46)

Running edu.ncsu.csc.itrust.unit.action.PatientBaseActionTest
Tests run: 1, Failures: 0, Errors: 0, Skipped: 0, Time elapsed: 0 sec - in edu.ncsu.csc.itrust.unit.action.PatientBaseActionTest
Running edu.ncsu.csc.itrust.unit.action.PatientRoomAssignmentActionTest
Tests run: 1, Failures: 0, Errors: 0, Skipped: 0, Time elapsed: 0.069 sec - in edu.ncsu.csc.itrust.unit.action.PatientRoomAssignmentActionTest
Running edu.ncsu.csc.itrust.unit.action.ActivityFeedActionTest
Tests run: 3, Failures: 1, Errors: 1, Skipped: 0, Time elapsed: 0.264 sec <<< FAILURE! - in edu.ncsu.csc.itrust.unit.action.ActivityFeedActionTest
testGetTransactions(edu.ncsu.csc.itrust.unit.action.ActivityFeedActionTest)  Time elapsed: 0.065 sec  <<< FAILURE!
junit.framework.AssertionFailedError
	at edu.ncsu.csc.itrust.unit.action.ActivityFeedActionTest.testGetTransactions(ActivityFeedActionTest.java:41)

testHiddenActivityFromDLHCP(edu.ncsu.csc.itrust.unit.action.ActivityFeedActionTest)  Time elapsed: 0.13 sec  <<< ERROR!
edu.ncsu.csc.itrust.exception.DBException: A database exception has occurred. Please see the log in the console for stacktrace
	at edu.ncsu.csc.itrust.unit.action.ActivityFeedActionTest.testHiddenActivityFromDLHCP(ActivityFeedActionTest.java:79)

Running edu.ncsu.csc.itrust.unit.action.AddUAPActionTest
Tests run: 1, Failures: 0, Errors: 1, Skipped: 0, Time elapsed: 0.028 sec <<< FAILURE! - in edu.ncsu.csc.itrust.unit.action.AddUAPActionTest
testAddUAP(edu.ncsu.csc.itrust.unit.action.AddUAPActionTest)  Time elapsed: 0.021 sec  <<< ERROR!
java.lang.NullPointerException
	at edu.ncsu.csc.itrust.unit.action.AddUAPActionTest.testAddUAP(AddUAPActionTest.java:40)

Running edu.ncsu.csc.itrust.unit.action.AddPatientActionTest
Tests run: 1, Failures: 0, Errors: 1, Skipped: 0, Time elapsed: 0.006 sec <<< FAILURE! - in edu.ncsu.csc.itrust.unit.action.AddPatientActionTest
testAddPatient(edu.ncsu.csc.itrust.unit.action.AddPatientActionTest)  Time elapsed: 0.006 sec  <<< ERROR!
java.lang.NullPointerException
	at edu.ncsu.csc.itrust.unit.action.AddPatientActionTest.testAddPatient(AddPatientActionTest.java:45)

Running edu.ncsu.csc.itrust.unit.action.ApptBeanTest
Tests run: 1, Failures: 0, Errors: 0, Skipped: 0, Time elapsed: 0.003 sec - in edu.ncsu.csc.itrust.unit.action.ApptBeanTest
Running edu.ncsu.csc.itrust.unit.action.EditApptActionTest
Tests run: 6, Failures: 0, Errors: 6, Skipped: 0, Time elapsed: 0.14 sec <<< FAILURE! - in edu.ncsu.csc.itrust.unit.action.EditApptActionTest
testEditAppt(edu.ncsu.csc.itrust.unit.action.EditApptActionTest)  Time elapsed: 0.027 sec  <<< ERROR!
java.lang.NullPointerException
	at edu.ncsu.csc.itrust.unit.action.EditApptActionTest.setUp(EditApptActionTest.java:43)

testEditApptConflict(edu.ncsu.csc.itrust.unit.action.EditApptActionTest)  Time elapsed: 0.024 sec  <<< ERROR!
java.lang.NullPointerException
	at edu.ncsu.csc.itrust.unit.action.EditApptActionTest.setUp(EditApptActionTest.java:43)

testGetAppt(edu.ncsu.csc.itrust.unit.action.EditApptActionTest)  Time elapsed: 0.02 sec  <<< ERROR!
java.lang.NullPointerException
	at edu.ncsu.csc.itrust.unit.action.EditApptActionTest.setUp(EditApptActionTest.java:43)

testGetName(edu.ncsu.csc.itrust.unit.action.EditApptActionTest)  Time elapsed: 0.019 sec  <<< ERROR!
java.lang.NullPointerException
	at edu.ncsu.csc.itrust.unit.action.EditApptActionTest.setUp(EditApptActionTest.java:43)

testEvilFactory(edu.ncsu.csc.itrust.unit.action.EditApptActionTest)  Time elapsed: 0.025 sec  <<< ERROR!
java.lang.NullPointerException
	at edu.ncsu.csc.itrust.unit.action.EditApptActionTest.setUp(EditApptActionTest.java:43)

testRemoveAppt(edu.ncsu.csc.itrust.unit.action.EditApptActionTest)  Time elapsed: 0.022 sec  <<< ERROR!
java.lang.NullPointerException
	at edu.ncsu.csc.itrust.unit.action.EditApptActionTest.setUp(EditApptActionTest.java:43)

Running edu.ncsu.csc.itrust.unit.action.AddApptActionTest
Tests run: 6, Failures: 0, Errors: 3, Skipped: 0, Time elapsed: 0.388 sec <<< FAILURE! - in edu.ncsu.csc.itrust.unit.action.AddApptActionTest
testAddAppt(edu.ncsu.csc.itrust.unit.action.AddApptActionTest)  Time elapsed: 0.057 sec  <<< ERROR!
java.lang.NullPointerException
	at edu.ncsu.csc.itrust.unit.action.AddApptActionTest.testAddAppt(AddApptActionTest.java:45)

testAddConflicts(edu.ncsu.csc.itrust.unit.action.AddApptActionTest)  Time elapsed: 0.076 sec  <<< ERROR!
java.lang.NullPointerException
	at edu.ncsu.csc.itrust.unit.action.AddApptActionTest.testAddConflicts(AddApptActionTest.java:88)

testGetConflicts(edu.ncsu.csc.itrust.unit.action.AddApptActionTest)  Time elapsed: 0.076 sec  <<< ERROR!
java.lang.NullPointerException
	at edu.ncsu.csc.itrust.unit.action.AddApptActionTest.testGetConflicts(AddApptActionTest.java:115)

Running edu.ncsu.csc.itrust.unit.action.DeclareHCPActionExceptionTest
Tests run: 2, Failures: 0, Errors: 0, Skipped: 0, Time elapsed: 0.012 sec - in edu.ncsu.csc.itrust.unit.action.DeclareHCPActionExceptionTest
Running edu.ncsu.csc.itrust.unit.action.ViewPatientActionTest
Tests run: 2, Failures: 0, Errors: 2, Skipped: 0, Time elapsed: 0.046 sec <<< FAILURE! - in edu.ncsu.csc.itrust.unit.action.ViewPatientActionTest
testGetViewablePatients(edu.ncsu.csc.itrust.unit.action.ViewPatientActionTest)  Time elapsed: 0.024 sec  <<< ERROR!
java.lang.NullPointerException
	at edu.ncsu.csc.itrust.unit.action.ViewPatientActionTest.setUp(ViewPatientActionTest.java:27)

testGetPatient(edu.ncsu.csc.itrust.unit.action.ViewPatientActionTest)  Time elapsed: 0.021 sec  <<< ERROR!
java.lang.NullPointerException
	at edu.ncsu.csc.itrust.unit.action.ViewPatientActionTest.setUp(ViewPatientActionTest.java:27)

Running edu.ncsu.csc.itrust.unit.action.AddHCPActionTest
Tests run: 1, Failures: 0, Errors: 1, Skipped: 0, Time elapsed: 0.008 sec <<< FAILURE! - in edu.ncsu.csc.itrust.unit.action.AddHCPActionTest
testAddHCP(edu.ncsu.csc.itrust.unit.action.AddHCPActionTest)  Time elapsed: 0.002 sec  <<< ERROR!
java.lang.NullPointerException
	at edu.ncsu.csc.itrust.unit.action.AddHCPActionTest.testAddHCP(AddHCPActionTest.java:57)

Running edu.ncsu.csc.itrust.unit.action.SendMessageActionTest
Tests run: 7, Failures: 3, Errors: 1, Skipped: 0, Time elapsed: 0.47 sec <<< FAILURE! - in edu.ncsu.csc.itrust.unit.action.SendMessageActionTest
testSendMessage(edu.ncsu.csc.itrust.unit.action.SendMessageActionTest)  Time elapsed: 0.062 sec  <<< ERROR!
java.lang.NullPointerException
	at edu.ncsu.csc.itrust.unit.action.SendMessageActionTest.testSendMessage(SendMessageActionTest.java:57)

testGetMyDLHCPs(edu.ncsu.csc.itrust.unit.action.SendMessageActionTest)  Time elapsed: 0.065 sec  <<< FAILURE!
junit.framework.AssertionFailedError: expected:<1> but was:<0>
	at edu.ncsu.csc.itrust.unit.action.SendMessageActionTest.testGetMyDLHCPs(SendMessageActionTest.java:91)

testGetMyDLHCPs2(edu.ncsu.csc.itrust.unit.action.SendMessageActionTest)  Time elapsed: 0.084 sec  <<< FAILURE!
junit.framework.AssertionFailedError: expected:<1> but was:<0>
	at edu.ncsu.csc.itrust.unit.action.SendMessageActionTest.testGetMyDLHCPs2(SendMessageActionTest.java:96)

testGetDLCHPsFor(edu.ncsu.csc.itrust.unit.action.SendMessageActionTest)  Time elapsed: 0.058 sec  <<< FAILURE!
junit.framework.AssertionFailedError: expected:<1> but was:<0>
	at edu.ncsu.csc.itrust.unit.action.SendMessageActionTest.testGetDLCHPsFor(SendMessageActionTest.java:102)

Running edu.ncsu.csc.itrust.unit.action.EditApptTypeTest
Tests run: 7, Failures: 0, Errors: 7, Skipped: 0, Time elapsed: 0.487 sec <<< FAILURE! - in edu.ncsu.csc.itrust.unit.action.EditApptTypeTest
testAddApptType2(edu.ncsu.csc.itrust.unit.action.EditApptTypeTest)  Time elapsed: 0.105 sec  <<< ERROR!
java.lang.NullPointerException
	at edu.ncsu.csc.itrust.unit.action.EditApptTypeTest.setUp(EditApptTypeTest.java:27)

testGetApptTypes(edu.ncsu.csc.itrust.unit.action.EditApptTypeTest)  Time elapsed: 0.063 sec  <<< ERROR!
java.lang.NullPointerException
	at edu.ncsu.csc.itrust.unit.action.EditApptTypeTest.setUp(EditApptTypeTest.java:27)

testEditNonExistentApptType(edu.ncsu.csc.itrust.unit.action.EditApptTypeTest)  Time elapsed: 0.066 sec  <<< ERROR!
java.lang.NullPointerException
	at edu.ncsu.csc.itrust.unit.action.EditApptTypeTest.setUp(EditApptTypeTest.java:27)

testAddApptType(edu.ncsu.csc.itrust.unit.action.EditApptTypeTest)  Time elapsed: 0.06 sec  <<< ERROR!
java.lang.NullPointerException
	at edu.ncsu.csc.itrust.unit.action.EditApptTypeTest.setUp(EditApptTypeTest.java:27)

testAddApptTypeLengthZero(edu.ncsu.csc.itrust.unit.action.EditApptTypeTest)  Time elapsed: 0.056 sec  <<< ERROR!
java.lang.NullPointerException
	at edu.ncsu.csc.itrust.unit.action.EditApptTypeTest.setUp(EditApptTypeTest.java:27)

testEditApptType(edu.ncsu.csc.itrust.unit.action.EditApptTypeTest)  Time elapsed: 0.062 sec  <<< ERROR!
java.lang.NullPointerException
	at edu.ncsu.csc.itrust.unit.action.EditApptTypeTest.setUp(EditApptTypeTest.java:27)

testEditApptType2(edu.ncsu.csc.itrust.unit.action.EditApptTypeTest)  Time elapsed: 0.064 sec  <<< ERROR!
java.lang.NullPointerException
	at edu.ncsu.csc.itrust.unit.action.EditApptTypeTest.setUp(EditApptTypeTest.java:27)

Running edu.ncsu.csc.itrust.unit.action.GenerateCalendarActionTest
Tests run: 3, Failures: 0, Errors: 3, Skipped: 0, Time elapsed: 0.296 sec <<< FAILURE! - in edu.ncsu.csc.itrust.unit.action.GenerateCalendarActionTest
testGetSend(edu.ncsu.csc.itrust.unit.action.GenerateCalendarActionTest)  Time elapsed: 0.116 sec  <<< ERROR!
java.lang.NullPointerException
	at edu.ncsu.csc.itrust.unit.action.GenerateCalendarActionTest.setUp(GenerateCalendarActionTest.java:37)

testGetApptsTable(edu.ncsu.csc.itrust.unit.action.GenerateCalendarActionTest)  Time elapsed: 0.091 sec  <<< ERROR!
java.lang.NullPointerException
	at edu.ncsu.csc.itrust.unit.action.GenerateCalendarActionTest.setUp(GenerateCalendarActionTest.java:37)

testGetConflicts(edu.ncsu.csc.itrust.unit.action.GenerateCalendarActionTest)  Time elapsed: 0.088 sec  <<< ERROR!
java.lang.NullPointerException
	at edu.ncsu.csc.itrust.unit.action.GenerateCalendarActionTest.setUp(GenerateCalendarActionTest.java:37)

Running edu.ncsu.csc.itrust.unit.action.UpdateReasonCodeListActionTest
Tests run: 5, Failures: 2, Errors: 0, Skipped: 0, Time elapsed: 0.123 sec <<< FAILURE! - in edu.ncsu.csc.itrust.unit.action.UpdateReasonCodeListActionTest
testUpdateNDInformation0(edu.ncsu.csc.itrust.unit.action.UpdateReasonCodeListActionTest)  Time elapsed: 0.035 sec  <<< FAILURE!
junit.framework.ComparisonFailure: expected:<[Success: 1 row(s) updated]> but was:<[Error: Code not found.]>
	at edu.ncsu.csc.itrust.unit.action.UpdateReasonCodeListActionTest.testUpdateNDInformation0(UpdateReasonCodeListActionTest.java:106)

testUpdateNonExistent(edu.ncsu.csc.itrust.unit.action.UpdateReasonCodeListActionTest)  Time elapsed: 0.021 sec  <<< FAILURE!
junit.framework.ComparisonFailure: expected:<[Error: Code not found.]> but was:<[Success: 0 row(s) updated]>
	at edu.ncsu.csc.itrust.unit.action.UpdateReasonCodeListActionTest.testUpdateNonExistent(UpdateReasonCodeListActionTest.java:119)

Running edu.ncsu.csc.itrust.unit.action.VerifyClaimActionTest
edu.ncsu.csc.itrust.exception.DBException: A database exception has occurred. Please see the log in the console for stacktrace
	at edu.ncsu.csc.itrust.model.old.dao.mysql.BillingDAO.getBillId(BillingDAO.java:81)
	at edu.ncsu.csc.itrust.action.VerifyClaimAction.<init>(VerifyClaimAction.java:26)
	at edu.ncsu.csc.itrust.unit.action.VerifyClaimActionTest.testEvilAction(VerifyClaimActionTest.java:92)
	at sun.reflect.NativeMethodAccessorImpl.invoke0(Native Method)
	at sun.reflect.NativeMethodAccessorImpl.invoke(NativeMethodAccessorImpl.java:62)
	at sun.reflect.DelegatingMethodAccessorImpl.invoke(DelegatingMethodAccessorImpl.java:43)
	at java.lang.reflect.Method.invoke(Method.java:498)
	at org.junit.runners.model.FrameworkMethod$1.runReflectiveCall(FrameworkMethod.java:50)
	at org.junit.internal.runners.model.ReflectiveCallable.run(ReflectiveCallable.java:12)
	at org.junit.runners.model.FrameworkMethod.invokeExplosively(FrameworkMethod.java:47)
	at org.junit.internal.runners.statements.InvokeMethod.evaluate(InvokeMethod.java:17)
	at org.junit.internal.runners.statements.RunBefores.evaluate(RunBefores.java:26)
	at org.junit.internal.runners.statements.RunAfters.evaluate(RunAfters.java:27)
	at org.junit.runners.ParentRunner.runLeaf(ParentRunner.java:325)
	at org.junit.runners.BlockJUnit4ClassRunner.runChild(BlockJUnit4ClassRunner.java:78)
	at org.junit.runners.BlockJUnit4ClassRunner.runChild(BlockJUnit4ClassRunner.java:57)
	at org.junit.runners.ParentRunner$3.run(ParentRunner.java:290)
	at org.junit.runners.ParentRunner$1.schedule(ParentRunner.java:71)
	at org.junit.runners.ParentRunner.runChildren(ParentRunner.java:288)
	at org.junit.runners.ParentRunner.access$000(ParentRunner.java:58)
	at org.junit.runners.ParentRunner$2.evaluate(ParentRunner.java:268)
	at org.junit.runners.ParentRunner.run(ParentRunner.java:363)
	at org.apache.maven.surefire.junit4.JUnit4Provider.execute(JUnit4Provider.java:344)
	at org.apache.maven.surefire.junit4.JUnit4Provider.executeWithRerun(JUnit4Provider.java:269)
	at org.apache.maven.surefire.junit4.JUnit4Provider.executeTestSet(JUnit4Provider.java:240)
	at org.apache.maven.surefire.junit4.JUnit4Provider.invoke(JUnit4Provider.java:184)
	at org.apache.maven.surefire.booter.ForkedBooter.invokeProviderInSameClassLoader(ForkedBooter.java:286)
	at org.apache.maven.surefire.booter.ForkedBooter.runSuitesInProcess(ForkedBooter.java:240)
	at org.apache.maven.surefire.booter.ForkedBooter.main(ForkedBooter.java:121)
Tests run: 4, Failures: 0, Errors: 0, Skipped: 0, Time elapsed: 0.093 sec - in edu.ncsu.csc.itrust.unit.action.VerifyClaimActionTest
Running edu.ncsu.csc.itrust.unit.action.AddPHAActionTest
Tests run: 1, Failures: 0, Errors: 1, Skipped: 0, Time elapsed: 0.022 sec <<< FAILURE! - in edu.ncsu.csc.itrust.unit.action.AddPHAActionTest
testAddPHA(edu.ncsu.csc.itrust.unit.action.AddPHAActionTest)  Time elapsed: 0.019 sec  <<< ERROR!
java.lang.NullPointerException
	at edu.ncsu.csc.itrust.unit.action.AddPHAActionTest.testAddPHA(AddPHAActionTest.java:47)

Running edu.ncsu.csc.itrust.unit.validate.bean.HospitalBeanValidatorTest
Tests run: 2, Failures: 0, Errors: 0, Skipped: 0, Time elapsed: 0.007 sec - in edu.ncsu.csc.itrust.unit.validate.bean.HospitalBeanValidatorTest
Running edu.ncsu.csc.itrust.unit.validate.bean.SecurityQuestionValidatorTest
Tests run: 5, Failures: 3, Errors: 2, Skipped: 0, Time elapsed: 0.003 sec <<< FAILURE! - in edu.ncsu.csc.itrust.unit.validate.bean.SecurityQuestionValidatorTest
testMatchWrongFormat(edu.ncsu.csc.itrust.unit.validate.bean.SecurityQuestionValidatorTest)  Time elapsed: 0.001 sec  <<< FAILURE!
junit.framework.ComparisonFailure: expected:<[Security Answer: Up to 30 alphanumeric characters]> but was:<[Null form]>
	at edu.ncsu.csc.itrust.unit.validate.bean.SecurityQuestionValidatorTest.testMatchWrongFormat(SecurityQuestionValidatorTest.java:41)

testNullForm(edu.ncsu.csc.itrust.unit.validate.bean.SecurityQuestionValidatorTest)  Time elapsed: 0 sec  <<< ERROR!
java.lang.NullPointerException
	at edu.ncsu.csc.itrust.unit.validate.bean.SecurityQuestionValidatorTest.testNullForm(SecurityQuestionValidatorTest.java:61)

testCorrectFormat(edu.ncsu.csc.itrust.unit.validate.bean.SecurityQuestionValidatorTest)  Time elapsed: 0 sec  <<< ERROR!
edu.ncsu.csc.itrust.exception.FormValidationException: This form has not been validated correctly. The following field are not properly filled in: [Null form]
	at edu.ncsu.csc.itrust.unit.validate.bean.SecurityQuestionValidatorTest.testCorrectFormat(SecurityQuestionValidatorTest.java:16)

testNoMatch(edu.ncsu.csc.itrust.unit.validate.bean.SecurityQuestionValidatorTest)  Time elapsed: 0 sec  <<< FAILURE!
junit.framework.ComparisonFailure: expected:<[Security answers do not match]> but was:<[Null form]>
	at edu.ncsu.csc.itrust.unit.validate.bean.SecurityQuestionValidatorTest.testNoMatch(SecurityQuestionValidatorTest.java:28)

testNullConfirm(edu.ncsu.csc.itrust.unit.validate.bean.SecurityQuestionValidatorTest)  Time elapsed: 0.001 sec  <<< FAILURE!
junit.framework.ComparisonFailure: expected:<[Confirm answer cannot be empty]> but was:<[Null form]>
	at edu.ncsu.csc.itrust.unit.validate.bean.SecurityQuestionValidatorTest.testNullConfirm(SecurityQuestionValidatorTest.java:55)

Running edu.ncsu.csc.itrust.unit.validate.bean.AllergyBeanValidatorTest
Tests run: 2, Failures: 0, Errors: 0, Skipped: 0, Time elapsed: 0.001 sec - in edu.ncsu.csc.itrust.unit.validate.bean.AllergyBeanValidatorTest
Running edu.ncsu.csc.itrust.unit.validate.bean.PatientValidatorTest
Tests run: 9, Failures: 0, Errors: 0, Skipped: 0, Time elapsed: 0.066 sec - in edu.ncsu.csc.itrust.unit.validate.bean.PatientValidatorTest
Running edu.ncsu.csc.itrust.unit.validate.bean.AddPersonnelValidatorTest
Tests run: 2, Failures: 0, Errors: 0, Skipped: 0, Time elapsed: 0.008 sec - in edu.ncsu.csc.itrust.unit.validate.bean.AddPersonnelValidatorTest
Running edu.ncsu.csc.itrust.unit.validate.bean.MedicationBeanValidatorTest
Tests run: 2, Failures: 0, Errors: 0, Skipped: 0, Time elapsed: 0 sec - in edu.ncsu.csc.itrust.unit.validate.bean.MedicationBeanValidatorTest
Running edu.ncsu.csc.itrust.unit.validate.bean.AddPatientValidatorTest
Tests run: 2, Failures: 0, Errors: 0, Skipped: 0, Time elapsed: 0.002 sec - in edu.ncsu.csc.itrust.unit.validate.bean.AddPatientValidatorTest
Running edu.ncsu.csc.itrust.unit.validate.regex.MIDValidatorTest
Tests run: 4, Failures: 0, Errors: 0, Skipped: 0, Time elapsed: 0.001 sec - in edu.ncsu.csc.itrust.unit.validate.regex.MIDValidatorTest
Running edu.ncsu.csc.itrust.unit.validate.regex.HospitalIDValidatorTest
Tests run: 5, Failures: 0, Errors: 0, Skipped: 0, Time elapsed: 0.001 sec - in edu.ncsu.csc.itrust.unit.validate.regex.HospitalIDValidatorTest
Running edu.ncsu.csc.itrust.unit.validate.regex.NameValidatorTest
Tests run: 4, Failures: 0, Errors: 0, Skipped: 0, Time elapsed: 0.001 sec - in edu.ncsu.csc.itrust.unit.validate.regex.NameValidatorTest
Running edu.ncsu.csc.itrust.unit.validate.regex.CodeDescriptionValidatorTest
Tests run: 2, Failures: 0, Errors: 0, Skipped: 0, Time elapsed: 0.001 sec - in edu.ncsu.csc.itrust.unit.validate.regex.CodeDescriptionValidatorTest
Running edu.ncsu.csc.itrust.unit.validate.regex.DateValidatorTest
Tests run: 2, Failures: 0, Errors: 0, Skipped: 0, Time elapsed: 0.001 sec - in edu.ncsu.csc.itrust.unit.validate.regex.DateValidatorTest
Running edu.ncsu.csc.itrust.unit.validate.regex.ZipcodeValidatorTest
Tests run: 4, Failures: 0, Errors: 0, Skipped: 0, Time elapsed: 0.001 sec - in edu.ncsu.csc.itrust.unit.validate.regex.ZipcodeValidatorTest
Running edu.ncsu.csc.itrust.unit.validate.regex.StateValidatorTest
Tests run: 4, Failures: 0, Errors: 0, Skipped: 0, Time elapsed: 0 sec - in edu.ncsu.csc.itrust.unit.validate.regex.StateValidatorTest
Running edu.ncsu.csc.itrust.unit.validate.regex.AnswerValidatorTest
Tests run: 3, Failures: 0, Errors: 0, Skipped: 0, Time elapsed: 0 sec - in edu.ncsu.csc.itrust.unit.validate.regex.AnswerValidatorTest
Running edu.ncsu.csc.itrust.unit.validate.regex.QuestionValidatorTest
Tests run: 3, Failures: 0, Errors: 0, Skipped: 0, Time elapsed: 0.001 sec - in edu.ncsu.csc.itrust.unit.validate.regex.QuestionValidatorTest
Running edu.ncsu.csc.itrust.unit.validate.regex.NDCodeValidatorTest
Tests run: 3, Failures: 0, Errors: 0, Skipped: 0, Time elapsed: 0.001 sec - in edu.ncsu.csc.itrust.unit.validate.regex.NDCodeValidatorTest
Running edu.ncsu.csc.itrust.unit.validate.regex.PhoneValidatorTest
Tests run: 3, Failures: 0, Errors: 0, Skipped: 0, Time elapsed: 0.001 sec - in edu.ncsu.csc.itrust.unit.validate.regex.PhoneValidatorTest
Running edu.ncsu.csc.itrust.unit.validate.regex.PasswordValidatorTest
Tests run: 3, Failures: 0, Errors: 0, Skipped: 0, Time elapsed: 0.006 sec - in edu.ncsu.csc.itrust.unit.validate.regex.PasswordValidatorTest
Running edu.ncsu.csc.itrust.unit.validate.regex.NotesValidatorTest
Tests run: 2, Failures: 0, Errors: 0, Skipped: 0, Time elapsed: 0.008 sec - in edu.ncsu.csc.itrust.unit.validate.regex.NotesValidatorTest
Running edu.ncsu.csc.itrust.unit.validate.regex.HospitalNameValidatorTest
Tests run: 4, Failures: 0, Errors: 0, Skipped: 0, Time elapsed: 0.001 sec - in edu.ncsu.csc.itrust.unit.validate.regex.HospitalNameValidatorTest
Running edu.ncsu.csc.itrust.unit.validate.regex.EmailValidatorTest
Tests run: 6, Failures: 0, Errors: 0, Skipped: 0, Time elapsed: 0.002 sec - in edu.ncsu.csc.itrust.unit.validate.regex.EmailValidatorTest
Running edu.ncsu.csc.itrust.unit.validate.regex.InsuranceIDValidatorTest
Tests run: 4, Failures: 0, Errors: 0, Skipped: 0, Time elapsed: 0 sec - in edu.ncsu.csc.itrust.unit.validate.regex.InsuranceIDValidatorTest
Running edu.ncsu.csc.itrust.unit.validate.regex.CityValidatorTest
Tests run: 3, Failures: 0, Errors: 0, Skipped: 0, Time elapsed: 0.001 sec - in edu.ncsu.csc.itrust.unit.validate.regex.CityValidatorTest
Running edu.ncsu.csc.itrust.unit.validate.regex.BloodTypeValidatorTest
Tests run: 6, Failures: 0, Errors: 0, Skipped: 0, Time elapsed: 0.001 sec - in edu.ncsu.csc.itrust.unit.validate.regex.BloodTypeValidatorTest
Running edu.ncsu.csc.itrust.unit.validate.regex.CPTCodeValidatorTest
Tests run: 3, Failures: 0, Errors: 0, Skipped: 0, Time elapsed: 0.001 sec - in edu.ncsu.csc.itrust.unit.validate.regex.CPTCodeValidatorTest
Running edu.ncsu.csc.itrust.unit.validate.regex.ICD9CMValidatorTest
Tests run: 7, Failures: 0, Errors: 0, Skipped: 0, Time elapsed: 0.002 sec - in edu.ncsu.csc.itrust.unit.validate.regex.ICD9CMValidatorTest
Running edu.ncsu.csc.itrust.unit.validate.regex.GenderValidatorTest
Tests run: 3, Failures: 0, Errors: 0, Skipped: 0, Time elapsed: 0.01 sec - in edu.ncsu.csc.itrust.unit.validate.regex.GenderValidatorTest
Running edu.ncsu.csc.itrust.unit.validate.BeanValidatorTest
Tests run: 10, Failures: 0, Errors: 1, Skipped: 0, Time elapsed: 0.002 sec <<< FAILURE! - in edu.ncsu.csc.itrust.unit.validate.BeanValidatorTest
testCheckGenderNull(edu.ncsu.csc.itrust.unit.validate.BeanValidatorTest)  Time elapsed: 0 sec  <<< ERROR!
java.lang.NullPointerException
	at edu.ncsu.csc.itrust.unit.validate.BeanValidatorTest.testCheckGenderNull(BeanValidatorTest.java:44)

Running edu.ncsu.csc.itrust.unit.validate.TestMailValidator
Tests run: 1, Failures: 0, Errors: 0, Skipped: 0, Time elapsed: 0.018 sec - in edu.ncsu.csc.itrust.unit.validate.TestMailValidator
Running edu.ncsu.csc.itrust.unit.ParameterUtilTest
Tests run: 1, Failures: 0, Errors: 0, Skipped: 0, Time elapsed: 0.007 sec - in edu.ncsu.csc.itrust.unit.ParameterUtilTest
Running edu.ncsu.csc.itrust.unit.controller.icdCode.ICDCodeFormTest
Tests run: 1, Failures: 0, Errors: 1, Skipped: 0, Time elapsed: 0.083 sec <<< FAILURE! - in edu.ncsu.csc.itrust.unit.controller.icdCode.ICDCodeFormTest
testICDCodeForm(edu.ncsu.csc.itrust.unit.controller.icdCode.ICDCodeFormTest)  Time elapsed: 0.083 sec  <<< ERROR!
java.lang.NullPointerException
	at edu.ncsu.csc.itrust.unit.controller.icdCode.ICDCodeFormTest.testICDCodeForm(ICDCodeFormTest.java:64)

Running edu.ncsu.csc.itrust.unit.controller.icdCode.ICDCodeControllerTest
Tests run: 5, Failures: 0, Errors: 0, Skipped: 0, Time elapsed: 0.305 sec - in edu.ncsu.csc.itrust.unit.controller.icdCode.ICDCodeControllerTest
Running edu.ncsu.csc.itrust.unit.controller.immunization.ImmunizationControllerTest
Tests run: 1, Failures: 0, Errors: 0, Skipped: 0, Time elapsed: 0.053 sec - in edu.ncsu.csc.itrust.unit.controller.immunization.ImmunizationControllerTest
Running edu.ncsu.csc.itrust.unit.controller.immunization.ImmunizationFormTest
Tests run: 1, Failures: 1, Errors: 0, Skipped: 0, Time elapsed: 0.109 sec <<< FAILURE! - in edu.ncsu.csc.itrust.unit.controller.immunization.ImmunizationFormTest
testForm(edu.ncsu.csc.itrust.unit.controller.immunization.ImmunizationFormTest)  Time elapsed: 0.109 sec  <<< FAILURE!
java.lang.AssertionError: expected:<1> but was:<0>
	at edu.ncsu.csc.itrust.unit.controller.immunization.ImmunizationFormTest.testForm(ImmunizationFormTest.java:62)

Running edu.ncsu.csc.itrust.unit.controller.ndcCode.NDCCodeFormTest
Tests run: 1, Failures: 0, Errors: 1, Skipped: 0, Time elapsed: 0.054 sec <<< FAILURE! - in edu.ncsu.csc.itrust.unit.controller.ndcCode.NDCCodeFormTest
testForm(edu.ncsu.csc.itrust.unit.controller.ndcCode.NDCCodeFormTest)  Time elapsed: 0.054 sec  <<< ERROR!
java.lang.NullPointerException
	at edu.ncsu.csc.itrust.unit.controller.ndcCode.NDCCodeFormTest.testForm(NDCCodeFormTest.java:60)

Running edu.ncsu.csc.itrust.unit.controller.ndcCode.NDCCodeControllerTest
Tests run: 5, Failures: 0, Errors: 0, Skipped: 0, Time elapsed: 0.244 sec - in edu.ncsu.csc.itrust.unit.controller.ndcCode.NDCCodeControllerTest
Running edu.ncsu.csc.itrust.unit.controller.emergencyRecord.EmergencyRecordControllerTest
Tests run: 4, Failures: 0, Errors: 0, Skipped: 0, Time elapsed: 0.358 sec - in edu.ncsu.csc.itrust.unit.controller.emergencyRecord.EmergencyRecordControllerTest
Running edu.ncsu.csc.itrust.unit.controller.hospital.HospitalControllerTest
Tests run: 1, Failures: 0, Errors: 0, Skipped: 0, Time elapsed: 0.028 sec - in edu.ncsu.csc.itrust.unit.controller.hospital.HospitalControllerTest
Running edu.ncsu.csc.itrust.unit.controller.medicalProcedure.MedicalProcedureControllerTest
Tests run: 1, Failures: 0, Errors: 0, Skipped: 0, Time elapsed: 0.053 sec - in edu.ncsu.csc.itrust.unit.controller.medicalProcedure.MedicalProcedureControllerTest
Running edu.ncsu.csc.itrust.unit.controller.medicalProcedure.MedicalProcedureFormTest
Tests run: 1, Failures: 1, Errors: 0, Skipped: 0, Time elapsed: 0.049 sec <<< FAILURE! - in edu.ncsu.csc.itrust.unit.controller.medicalProcedure.MedicalProcedureFormTest
testForm(edu.ncsu.csc.itrust.unit.controller.medicalProcedure.MedicalProcedureFormTest)  Time elapsed: 0.044 sec  <<< FAILURE!
java.lang.AssertionError: expected:<1> but was:<0>
	at edu.ncsu.csc.itrust.unit.controller.medicalProcedure.MedicalProcedureFormTest.testForm(MedicalProcedureFormTest.java:60)

Running edu.ncsu.csc.itrust.unit.controller.cptcode.CPTCodeControllerTest
Tests run: 6, Failures: 0, Errors: 0, Skipped: 0, Time elapsed: 0.256 sec - in edu.ncsu.csc.itrust.unit.controller.cptcode.CPTCodeControllerTest
Running edu.ncsu.csc.itrust.unit.controller.cptcode.CPTCodeFormTest
Tests run: 1, Failures: 0, Errors: 1, Skipped: 0, Time elapsed: 0.043 sec <<< FAILURE! - in edu.ncsu.csc.itrust.unit.controller.cptcode.CPTCodeFormTest
testCPTCodeForm(edu.ncsu.csc.itrust.unit.controller.cptcode.CPTCodeFormTest)  Time elapsed: 0.043 sec  <<< ERROR!
java.lang.NullPointerException
	at edu.ncsu.csc.itrust.unit.controller.cptcode.CPTCodeFormTest.testCPTCodeForm(CPTCodeFormTest.java:63)

Running edu.ncsu.csc.itrust.unit.controller.labProcedure.LabProcedureControllerTest
edu.ncsu.csc.itrust.exception.DBException: A database exception has occurred. Please see the log in the console for stacktrace
	at edu.ncsu.csc.itrust.model.labProcedure.LabProcedureMySQL.<init>(LabProcedureMySQL.java:34)
	at edu.ncsu.csc.itrust.controller.labProcedure.LabProcedureController.<init>(LabProcedureController.java:32)
	at edu.ncsu.csc.itrust.unit.controller.labProcedure.LabProcedureControllerTest.testLabProcedure(LabProcedureControllerTest.java:499)
	at sun.reflect.NativeMethodAccessorImpl.invoke0(Native Method)
	at sun.reflect.NativeMethodAccessorImpl.invoke(NativeMethodAccessorImpl.java:62)
	at sun.reflect.DelegatingMethodAccessorImpl.invoke(DelegatingMethodAccessorImpl.java:43)
	at java.lang.reflect.Method.invoke(Method.java:498)
	at org.junit.runners.model.FrameworkMethod$1.runReflectiveCall(FrameworkMethod.java:50)
	at org.junit.internal.runners.model.ReflectiveCallable.run(ReflectiveCallable.java:12)
	at org.junit.runners.model.FrameworkMethod.invokeExplosively(FrameworkMethod.java:47)
	at org.junit.internal.runners.statements.InvokeMethod.evaluate(InvokeMethod.java:17)
	at org.junit.internal.runners.statements.RunBefores.evaluate(RunBefores.java:26)
	at org.junit.internal.runners.statements.RunAfters.evaluate(RunAfters.java:27)
	at org.junit.runners.ParentRunner.runLeaf(ParentRunner.java:325)
	at org.junit.runners.BlockJUnit4ClassRunner.runChild(BlockJUnit4ClassRunner.java:78)
	at org.junit.runners.BlockJUnit4ClassRunner.runChild(BlockJUnit4ClassRunner.java:57)
	at org.junit.runners.ParentRunner$3.run(ParentRunner.java:290)
	at org.junit.runners.ParentRunner$1.schedule(ParentRunner.java:71)
	at org.junit.runners.ParentRunner.runChildren(ParentRunner.java:288)
	at org.junit.runners.ParentRunner.access$000(ParentRunner.java:58)
	at org.junit.runners.ParentRunner$2.evaluate(ParentRunner.java:268)
	at org.junit.runners.ParentRunner.run(ParentRunner.java:363)
	at org.apache.maven.surefire.junit4.JUnit4Provider.execute(JUnit4Provider.java:344)
	at org.apache.maven.surefire.junit4.JUnit4Provider.executeWithRerun(JUnit4Provider.java:269)
	at org.apache.maven.surefire.junit4.JUnit4Provider.executeTestSet(JUnit4Provider.java:240)
	at org.apache.maven.surefire.junit4.JUnit4Provider.invoke(JUnit4Provider.java:184)
	at org.apache.maven.surefire.booter.ForkedBooter.invokeProviderInSameClassLoader(ForkedBooter.java:286)
	at org.apache.maven.surefire.booter.ForkedBooter.runSuitesInProcess(ForkedBooter.java:240)
	at org.apache.maven.surefire.booter.ForkedBooter.main(ForkedBooter.java:121)
Tests run: 24, Failures: 1, Errors: 3, Skipped: 0, Time elapsed: 1.593 sec <<< FAILURE! - in edu.ncsu.csc.itrust.unit.controller.labProcedure.LabProcedureControllerTest
testEdit(edu.ncsu.csc.itrust.unit.controller.labProcedure.LabProcedureControllerTest)  Time elapsed: 0.051 sec  <<< ERROR!
java.lang.NullPointerException
	at edu.ncsu.csc.itrust.unit.controller.labProcedure.LabProcedureControllerTest.testEdit(LabProcedureControllerTest.java:435)

testSetLabProcedureToReceivedStatus(edu.ncsu.csc.itrust.unit.controller.labProcedure.LabProcedureControllerTest)  Time elapsed: 0.091 sec  <<< FAILURE!
org.mockito.exceptions.verification.junit.ArgumentsAreDifferent: 

Argument(s) are different! Wanted:
labProcedureController.printFacesMessage(
    INFO 0,
    <any>,
    <any>,
    <any>
);
-> at edu.ncsu.csc.itrust.unit.controller.labProcedure.LabProcedureControllerTest.testSetLabProcedureToReceivedStatus(LabProcedureControllerTest.java:330)
Actual invocation has different arguments:
labProcedureController.printFacesMessage(
    ERROR 2,
    "Something went wrong and the action couldn't be completed.",
    "Something went wrong and the action couldn't be completed.",
    null
);
-> at edu.ncsu.csc.itrust.unit.controller.labProcedure.LabProcedureControllerTest.testSetLabProcedureToReceivedStatus(LabProcedureControllerTest.java:328)

	at edu.ncsu.csc.itrust.unit.controller.labProcedure.LabProcedureControllerTest.testSetLabProcedureToReceivedStatus(LabProcedureControllerTest.java:330)

testSetLabProcedureToReceivedStatusDBException(edu.ncsu.csc.itrust.unit.controller.labProcedure.LabProcedureControllerTest)  Time elapsed: 0.056 sec  <<< ERROR!
java.lang.NullPointerException
	at edu.ncsu.csc.itrust.unit.controller.labProcedure.LabProcedureControllerTest.testSetLabProcedureToReceivedStatusDBException(LabProcedureControllerTest.java:350)

testRemove(edu.ncsu.csc.itrust.unit.controller.labProcedure.LabProcedureControllerTest)  Time elapsed: 0.049 sec  <<< ERROR!
java.lang.NullPointerException
	at edu.ncsu.csc.itrust.unit.controller.labProcedure.LabProcedureControllerTest.testRemove(LabProcedureControllerTest.java:452)

Running edu.ncsu.csc.itrust.unit.controller.officeVisit.OfficeVisitFormTest
Tests run: 21, Failures: 0, Errors: 0, Skipped: 0, Time elapsed: 0.643 sec - in edu.ncsu.csc.itrust.unit.controller.officeVisit.OfficeVisitFormTest
Running edu.ncsu.csc.itrust.unit.controller.officeVisit.OfficeVisitControllerTest
Tests run: 25, Failures: 3, Errors: 0, Skipped: 0, Time elapsed: 0.803 sec <<< FAILURE! - in edu.ncsu.csc.itrust.unit.controller.officeVisit.OfficeVisitControllerTest
testRetrieveOfficeVisit(edu.ncsu.csc.itrust.unit.controller.officeVisit.OfficeVisitControllerTest)  Time elapsed: 0.027 sec  <<< FAILURE!
java.lang.AssertionError: Office visit should be added successfully
	at edu.ncsu.csc.itrust.unit.controller.officeVisit.OfficeVisitControllerTest.testRetrieveOfficeVisit(OfficeVisitControllerTest.java:115)

testAddOfficeVisitWithFacesContext(edu.ncsu.csc.itrust.unit.controller.officeVisit.OfficeVisitControllerTest)  Time elapsed: 0.038 sec  <<< FAILURE!
org.mockito.exceptions.verification.junit.ArgumentsAreDifferent: 

Argument(s) are different! Wanted:
officeVisitController.printFacesMessage(
    INFO 0,
    <any>,
    <any>,
    <any>
);
-> at edu.ncsu.csc.itrust.unit.controller.officeVisit.OfficeVisitControllerTest.testAddOfficeVisitWithFacesContext(OfficeVisitControllerTest.java:174)
Actual invocation has different arguments:
officeVisitController.printFacesMessage(
    ERROR 2,
    "Office Visit Cannot Be Updated",
    "No extended information.",
    null
);
-> at edu.ncsu.csc.itrust.unit.controller.officeVisit.OfficeVisitControllerTest.testAddOfficeVisitWithFacesContext(OfficeVisitControllerTest.java:173)

	at edu.ncsu.csc.itrust.unit.controller.officeVisit.OfficeVisitControllerTest.testAddOfficeVisitWithFacesContext(OfficeVisitControllerTest.java:174)

testAddReturnGeneratedId(edu.ncsu.csc.itrust.unit.controller.officeVisit.OfficeVisitControllerTest)  Time elapsed: 0.032 sec  <<< FAILURE!
java.lang.AssertionError
	at edu.ncsu.csc.itrust.unit.controller.officeVisit.OfficeVisitControllerTest.testAddReturnGeneratedId(OfficeVisitControllerTest.java:365)

Running edu.ncsu.csc.itrust.unit.controller.loincCode.LOINCCodeFormTest
Tests run: 1, Failures: 0, Errors: 1, Skipped: 0, Time elapsed: 0.062 sec <<< FAILURE! - in edu.ncsu.csc.itrust.unit.controller.loincCode.LOINCCodeFormTest
testForm(edu.ncsu.csc.itrust.unit.controller.loincCode.LOINCCodeFormTest)  Time elapsed: 0.055 sec  <<< ERROR!
java.lang.NullPointerException
	at edu.ncsu.csc.itrust.unit.controller.loincCode.LOINCCodeFormTest.testForm(LOINCCodeFormTest.java:74)

Running edu.ncsu.csc.itrust.unit.controller.loincCode.LOINCCodeControllerTest
Tests run: 5, Failures: 0, Errors: 0, Skipped: 0, Time elapsed: 0.2 sec - in edu.ncsu.csc.itrust.unit.controller.loincCode.LOINCCodeControllerTest
Running edu.ncsu.csc.itrust.unit.controller.prescription.PrescriptionControllerTest
Tests run: 7, Failures: 2, Errors: 1, Skipped: 0, Time elapsed: 0.849 sec <<< FAILURE! - in edu.ncsu.csc.itrust.unit.controller.prescription.PrescriptionControllerTest
testGetPrescriptionsForCurrentPatient(edu.ncsu.csc.itrust.unit.controller.prescription.PrescriptionControllerTest)  Time elapsed: 0.088 sec  <<< FAILURE!
java.lang.AssertionError: expected:<3> but was:<0>
	at edu.ncsu.csc.itrust.unit.controller.prescription.PrescriptionControllerTest.testGetPrescriptionsForCurrentPatient(PrescriptionControllerTest.java:85)

testGetPrescriptionByID(edu.ncsu.csc.itrust.unit.controller.prescription.PrescriptionControllerTest)  Time elapsed: 0.08 sec  <<< ERROR!
java.lang.NullPointerException
	at edu.ncsu.csc.itrust.unit.controller.prescription.PrescriptionControllerTest.testGetPrescriptionByID(PrescriptionControllerTest.java:76)

testGetListOfRepresentees(edu.ncsu.csc.itrust.unit.controller.prescription.PrescriptionControllerTest)  Time elapsed: 0.086 sec  <<< FAILURE!
java.lang.AssertionError
	at edu.ncsu.csc.itrust.unit.controller.prescription.PrescriptionControllerTest.testGetListOfRepresentees(PrescriptionControllerTest.java:106)

Running edu.ncsu.csc.itrust.unit.controller.prescription.PrescriptionFormTest
Tests run: 1, Failures: 0, Errors: 1, Skipped: 0, Time elapsed: 0.05 sec <<< FAILURE! - in edu.ncsu.csc.itrust.unit.controller.prescription.PrescriptionFormTest
testEverything(edu.ncsu.csc.itrust.unit.controller.prescription.PrescriptionFormTest)  Time elapsed: 0.05 sec  <<< ERROR!
java.lang.NullPointerException
	at edu.ncsu.csc.itrust.unit.controller.prescription.PrescriptionFormTest.testEverything(PrescriptionFormTest.java:64)

Running edu.ncsu.csc.itrust.unit.report.MedicalReportFilterTest
Tests run: 7, Failures: 0, Errors: 0, Skipped: 0, Time elapsed: 0.679 sec - in edu.ncsu.csc.itrust.unit.report.MedicalReportFilterTest
Running edu.ncsu.csc.itrust.unit.report.PersonnelReportFilterTest
Tests run: 6, Failures: 1, Errors: 0, Skipped: 0, Time elapsed: 0.529 sec <<< FAILURE! - in edu.ncsu.csc.itrust.unit.report.PersonnelReportFilterTest
testFilterByProcedure(edu.ncsu.csc.itrust.unit.report.PersonnelReportFilterTest)  Time elapsed: 0.068 sec  <<< FAILURE!
junit.framework.AssertionFailedError: expected:<2> but was:<0>
	at edu.ncsu.csc.itrust.unit.report.PersonnelReportFilterTest.testFilterByProcedure(PersonnelReportFilterTest.java:32)

Running edu.ncsu.csc.itrust.unit.report.DemographicReportFilterTest
Tests run: 62, Failures: 0, Errors: 0, Skipped: 0, Time elapsed: 4.338 sec - in edu.ncsu.csc.itrust.unit.report.DemographicReportFilterTest
Running edu.ncsu.csc.itrust.unit.dao.allergies.AddAllergiesTest
Tests run: 1, Failures: 0, Errors: 0, Skipped: 0, Time elapsed: 0.028 sec - in edu.ncsu.csc.itrust.unit.dao.allergies.AddAllergiesTest
Running edu.ncsu.csc.itrust.unit.dao.allergies.AllergyDAOExceptionTest
Tests run: 2, Failures: 0, Errors: 0, Skipped: 0, Time elapsed: 0 sec - in edu.ncsu.csc.itrust.unit.dao.allergies.AllergyDAOExceptionTest
Running edu.ncsu.csc.itrust.unit.dao.allergies.GetAllergiesTest
Tests run: 2, Failures: 0, Errors: 0, Skipped: 0, Time elapsed: 0.038 sec - in edu.ncsu.csc.itrust.unit.dao.allergies.GetAllergiesTest
Running edu.ncsu.csc.itrust.unit.dao.standards.NDDAOExceptionTest
Tests run: 4, Failures: 0, Errors: 0, Skipped: 0, Time elapsed: 0.001 sec - in edu.ncsu.csc.itrust.unit.dao.standards.NDDAOExceptionTest
Running edu.ncsu.csc.itrust.unit.dao.standards.NDCodeTest
Tests run: 8, Failures: 0, Errors: 0, Skipped: 0, Time elapsed: 0.155 sec - in edu.ncsu.csc.itrust.unit.dao.standards.NDCodeTest
Running edu.ncsu.csc.itrust.unit.dao.druginteraction.DrugInteractionDAOTest
Tests run: 4, Failures: 0, Errors: 0, Skipped: 0, Time elapsed: 0.083 sec - in edu.ncsu.csc.itrust.unit.dao.druginteraction.DrugInteractionDAOTest
Running edu.ncsu.csc.itrust.unit.dao.auth.AddUserTest
Tests run: 3, Failures: 0, Errors: 0, Skipped: 0, Time elapsed: 0.065 sec - in edu.ncsu.csc.itrust.unit.dao.auth.AddUserTest
Running edu.ncsu.csc.itrust.unit.dao.auth.AuthDAOExceptionTest
Tests run: 13, Failures: 0, Errors: 0, Skipped: 0, Time elapsed: 0.003 sec - in edu.ncsu.csc.itrust.unit.dao.auth.AuthDAOExceptionTest
Running edu.ncsu.csc.itrust.unit.dao.auth.UserExistsTest
Tests run: 1, Failures: 0, Errors: 0, Skipped: 0, Time elapsed: 0.018 sec - in edu.ncsu.csc.itrust.unit.dao.auth.UserExistsTest
Running edu.ncsu.csc.itrust.unit.dao.auth.GetUserNameTest
Tests run: 3, Failures: 0, Errors: 0, Skipped: 0, Time elapsed: 0.064 sec - in edu.ncsu.csc.itrust.unit.dao.auth.GetUserNameTest
Running edu.ncsu.csc.itrust.unit.dao.auth.GetLoginFailureTest
Tests run: 3, Failures: 0, Errors: 0, Skipped: 0, Time elapsed: 0.002 sec - in edu.ncsu.csc.itrust.unit.dao.auth.GetLoginFailureTest
Running edu.ncsu.csc.itrust.unit.dao.auth.CheckUserActivatedTest
Tests run: 2, Failures: 0, Errors: 0, Skipped: 0, Time elapsed: 0.211 sec - in edu.ncsu.csc.itrust.unit.dao.auth.CheckUserActivatedTest
Running edu.ncsu.csc.itrust.unit.dao.auth.ResetPasswordTest
Tests run: 5, Failures: 0, Errors: 0, Skipped: 0, Time elapsed: 0.092 sec - in edu.ncsu.csc.itrust.unit.dao.auth.ResetPasswordTest
Running edu.ncsu.csc.itrust.unit.dao.auth.RecordLoginFailureTest
Tests run: 2, Failures: 1, Errors: 1, Skipped: 0, Time elapsed: 0.003 sec <<< FAILURE! - in edu.ncsu.csc.itrust.unit.dao.auth.RecordLoginFailureTest
testGetLoginFailuresWithEntry(edu.ncsu.csc.itrust.unit.dao.auth.RecordLoginFailureTest)  Time elapsed: 0.002 sec  <<< ERROR!
edu.ncsu.csc.itrust.exception.DBException: A database exception has occurred. Please see the log in the console for stacktrace
	at edu.ncsu.csc.itrust.unit.dao.auth.RecordLoginFailureTest.testGetLoginFailuresWithEntry(RecordLoginFailureTest.java:27)

testGetLoginFailuresNoEntry(edu.ncsu.csc.itrust.unit.dao.auth.RecordLoginFailureTest)  Time elapsed: 0.001 sec  <<< FAILURE!
junit.framework.AssertionFailedError: expected:<1> but was:<0>
	at edu.ncsu.csc.itrust.unit.dao.auth.RecordLoginFailureTest.testGetLoginFailuresNoEntry(RecordLoginFailureTest.java:22)

Running edu.ncsu.csc.itrust.unit.dao.auth.GetUserRoleTest
Tests run: 1, Failures: 0, Errors: 0, Skipped: 0, Time elapsed: 0.017 sec - in edu.ncsu.csc.itrust.unit.dao.auth.GetUserRoleTest
Running edu.ncsu.csc.itrust.unit.dao.reportrequest.ReportRequestDAOTest
Tests run: 10, Failures: 1, Errors: 9, Skipped: 0, Time elapsed: 0.191 sec <<< FAILURE! - in edu.ncsu.csc.itrust.unit.dao.reportrequest.ReportRequestDAOTest
testGetReportsUnknownRequeter(edu.ncsu.csc.itrust.unit.dao.reportrequest.ReportRequestDAOTest)  Time elapsed: 0.025 sec  <<< FAILURE!
junit.framework.AssertionFailedError: should have thrown an exception
	at edu.ncsu.csc.itrust.unit.dao.reportrequest.ReportRequestDAOTest.testGetReportsUnknownRequeter(ReportRequestDAOTest.java:34)

testGetReportsCheckListPatient(edu.ncsu.csc.itrust.unit.dao.reportrequest.ReportRequestDAOTest)  Time elapsed: 0.018 sec  <<< ERROR!
edu.ncsu.csc.itrust.exception.DBException: A database exception has occurred. Please see the log in the console for stacktrace
	at edu.ncsu.csc.itrust.unit.dao.reportrequest.ReportRequestDAOTest.testGetReportsCheckListPatient(ReportRequestDAOTest.java:47)

testSetViewedFailure(edu.ncsu.csc.itrust.unit.dao.reportrequest.ReportRequestDAOTest)  Time elapsed: 0.018 sec  <<< ERROR!
java.lang.NullPointerException
	at edu.ncsu.csc.itrust.unit.dao.reportrequest.ReportRequestDAOTest.testSetViewedFailure(ReportRequestDAOTest.java:100)

testAddThenRetrieveReport(edu.ncsu.csc.itrust.unit.dao.reportrequest.ReportRequestDAOTest)  Time elapsed: 0.018 sec  <<< ERROR!
edu.ncsu.csc.itrust.exception.DBException: A database exception has occurred. Please see the log in the console for stacktrace
	at edu.ncsu.csc.itrust.unit.dao.reportrequest.ReportRequestDAOTest.testAddThenRetrieveReport(ReportRequestDAOTest.java:89)

testGetReportsNullReportID(edu.ncsu.csc.itrust.unit.dao.reportrequest.ReportRequestDAOTest)  Time elapsed: 0.018 sec  <<< ERROR!
java.lang.NoClassDefFoundError: Could not initialize class edu.ncsu.csc.itrust.model.old.beans.ReportRequestBean
	at edu.ncsu.csc.itrust.unit.dao.reportrequest.ReportRequestDAOTest.testGetReportsNullReportID(ReportRequestDAOTest.java:54)

testGetSpecificReport4CheckDetails(edu.ncsu.csc.itrust.unit.dao.reportrequest.ReportRequestDAOTest)  Time elapsed: 0.017 sec  <<< ERROR!
edu.ncsu.csc.itrust.exception.DBException: A database exception has occurred. Please see the log in the console for stacktrace
	at edu.ncsu.csc.itrust.unit.dao.reportrequest.ReportRequestDAOTest.testGetSpecificReport4CheckDetails(ReportRequestDAOTest.java:70)

testGetSpecificReport3CheckDetails(edu.ncsu.csc.itrust.unit.dao.reportrequest.ReportRequestDAOTest)  Time elapsed: 0.02 sec  <<< ERROR!
edu.ncsu.csc.itrust.exception.DBException: A database exception has occurred. Please see the log in the console for stacktrace
	at edu.ncsu.csc.itrust.unit.dao.reportrequest.ReportRequestDAOTest.testGetSpecificReport3CheckDetails(ReportRequestDAOTest.java:62)

testInsertReportFailureNullMIDs(edu.ncsu.csc.itrust.unit.dao.reportrequest.ReportRequestDAOTest)  Time elapsed: 0.016 sec  <<< ERROR!
java.lang.NullPointerException
	at edu.ncsu.csc.itrust.unit.dao.reportrequest.ReportRequestDAOTest.testInsertReportFailureNullMIDs(ReportRequestDAOTest.java:81)

testGetReportsCheckListRequester(edu.ncsu.csc.itrust.unit.dao.reportrequest.ReportRequestDAOTest)  Time elapsed: 0.015 sec  <<< ERROR!
edu.ncsu.csc.itrust.exception.DBException: A database exception has occurred. Please see the log in the console for stacktrace
	at edu.ncsu.csc.itrust.unit.dao.reportrequest.ReportRequestDAOTest.testGetReportsCheckListRequester(ReportRequestDAOTest.java:41)

testAddThenSetViewed(edu.ncsu.csc.itrust.unit.dao.reportrequest.ReportRequestDAOTest)  Time elapsed: 0.022 sec  <<< ERROR!
edu.ncsu.csc.itrust.exception.DBException: A database exception has occurred. Please see the log in the console for stacktrace
	at edu.ncsu.csc.itrust.unit.dao.reportrequest.ReportRequestDAOTest.testAddThenSetViewed(ReportRequestDAOTest.java:108)

Running edu.ncsu.csc.itrust.unit.dao.AutoIncrementTest
Tests run: 1, Failures: 0, Errors: 0, Skipped: 0, Time elapsed: 0.01 sec - in edu.ncsu.csc.itrust.unit.dao.AutoIncrementTest
Running edu.ncsu.csc.itrust.unit.dao.family.FamilyDAOExceptionTest
Tests run: 1, Failures: 0, Errors: 0, Skipped: 0, Time elapsed: 0 sec - in edu.ncsu.csc.itrust.unit.dao.family.FamilyDAOExceptionTest
Running edu.ncsu.csc.itrust.unit.dao.family.FamilyMembersTest
Tests run: 5, Failures: 0, Errors: 0, Skipped: 0, Time elapsed: 0.136 sec - in edu.ncsu.csc.itrust.unit.dao.family.FamilyMembersTest
Running edu.ncsu.csc.itrust.unit.dao.transaction.LogTransactionTest
Tests run: 5, Failures: 0, Errors: 0, Skipped: 0, Time elapsed: 0.101 sec - in edu.ncsu.csc.itrust.unit.dao.transaction.LogTransactionTest
Running edu.ncsu.csc.itrust.unit.dao.transaction.OperationalProfileTest
Tests run: 2, Failures: 0, Errors: 1, Skipped: 0, Time elapsed: 0.038 sec <<< FAILURE! - in edu.ncsu.csc.itrust.unit.dao.transaction.OperationalProfileTest
testGetOperationalProfile(edu.ncsu.csc.itrust.unit.dao.transaction.OperationalProfileTest)  Time elapsed: 0.018 sec  <<< ERROR!
java.lang.NullPointerException
	at edu.ncsu.csc.itrust.unit.dao.transaction.OperationalProfileTest.testGetOperationalProfile(OperationalProfileTest.java:33)

Running edu.ncsu.csc.itrust.unit.dao.transaction.AccessRecordTest
Tests run: 2, Failures: 0, Errors: 0, Skipped: 0, Time elapsed: 0.04 sec - in edu.ncsu.csc.itrust.unit.dao.transaction.AccessRecordTest
Running edu.ncsu.csc.itrust.unit.dao.transaction.TransactionDAOExceptionTest
Tests run: 3, Failures: 0, Errors: 0, Skipped: 0, Time elapsed: 0.001 sec - in edu.ncsu.csc.itrust.unit.dao.transaction.TransactionDAOExceptionTest
Running edu.ncsu.csc.itrust.unit.dao.access.AccessDAOExceptionTest
Tests run: 4, Failures: 0, Errors: 1, Skipped: 0, Time elapsed: 0.001 sec <<< FAILURE! - in edu.ncsu.csc.itrust.unit.dao.access.AccessDAOExceptionTest
testDBException(edu.ncsu.csc.itrust.unit.dao.access.AccessDAOExceptionTest)  Time elapsed: 0 sec  <<< ERROR!
java.lang.NullPointerException
	at edu.ncsu.csc.itrust.unit.dao.access.AccessDAOExceptionTest.testDBException(AccessDAOExceptionTest.java:37)

Running edu.ncsu.csc.itrust.unit.dao.access.GetSessionTimeoutTest
Tests run: 2, Failures: 0, Errors: 0, Skipped: 0, Time elapsed: 0.002 sec - in edu.ncsu.csc.itrust.unit.dao.access.GetSessionTimeoutTest
Running edu.ncsu.csc.itrust.unit.dao.DBUtilTest
Error closing connections
java.sql.SQLException: Context Lookup Naming Exception: Need to specify class name in environment or system property, or as an applet parameter, or in an application resource file:  java.naming.factory.initial
Tests run: 3, Failures: 0, Errors: 0, Skipped: 0, Time elapsed: 0.001 sec - in edu.ncsu.csc.itrust.unit.dao.DBUtilTest
Running edu.ncsu.csc.itrust.unit.dao.personnel.PersonnelDAOExceptionTest
Tests run: 7, Failures: 0, Errors: 0, Skipped: 0, Time elapsed: 0.002 sec - in edu.ncsu.csc.itrust.unit.dao.personnel.PersonnelDAOExceptionTest
Running edu.ncsu.csc.itrust.unit.dao.personnel.PersonnelExistsTest
Tests run: 2, Failures: 0, Errors: 0, Skipped: 0, Time elapsed: 0.075 sec - in edu.ncsu.csc.itrust.unit.dao.personnel.PersonnelExistsTest
Running edu.ncsu.csc.itrust.unit.dao.personnel.AddPersonnelTest
Tests run: 4, Failures: 0, Errors: 0, Skipped: 0, Time elapsed: 0.076 sec - in edu.ncsu.csc.itrust.unit.dao.personnel.AddPersonnelTest
Running edu.ncsu.csc.itrust.unit.dao.personnel.EditPersonnelTest
Tests run: 6, Failures: 0, Errors: 0, Skipped: 0, Time elapsed: 0.126 sec - in edu.ncsu.csc.itrust.unit.dao.personnel.EditPersonnelTest
Running edu.ncsu.csc.itrust.unit.dao.hospital.AddEditHospitalDAOTest
Tests run: 8, Failures: 0, Errors: 0, Skipped: 0, Time elapsed: 0.148 sec - in edu.ncsu.csc.itrust.unit.dao.hospital.AddEditHospitalDAOTest
Running edu.ncsu.csc.itrust.unit.dao.hospital.HospitalDAOExceptionTest
Tests run: 7, Failures: 0, Errors: 0, Skipped: 0, Time elapsed: 0.002 sec - in edu.ncsu.csc.itrust.unit.dao.hospital.HospitalDAOExceptionTest
Running edu.ncsu.csc.itrust.unit.dao.hospital.AssignHospitalDAOTest
Tests run: 3, Failures: 0, Errors: 0, Skipped: 0, Time elapsed: 0.058 sec - in edu.ncsu.csc.itrust.unit.dao.hospital.AssignHospitalDAOTest
Running edu.ncsu.csc.itrust.unit.dao.reviews.ReviewsDAOTest
Tests run: 9, Failures: 2, Errors: 0, Skipped: 0, Time elapsed: 0.528 sec <<< FAILURE! - in edu.ncsu.csc.itrust.unit.dao.reviews.ReviewsDAOTest
testAddReviewValid(edu.ncsu.csc.itrust.unit.dao.reviews.ReviewsDAOTest)  Time elapsed: 0.055 sec  <<< FAILURE!
java.lang.AssertionError
	at edu.ncsu.csc.itrust.unit.dao.reviews.ReviewsDAOTest.testAddReviewValid(ReviewsDAOTest.java:81)

testAddInvalidReview(edu.ncsu.csc.itrust.unit.dao.reviews.ReviewsDAOTest)  Time elapsed: 0.064 sec  <<< FAILURE!
java.lang.AssertionError: Should have thrown an exception
	at edu.ncsu.csc.itrust.unit.dao.reviews.ReviewsDAOTest.testAddInvalidReview(ReviewsDAOTest.java:181)

Running edu.ncsu.csc.itrust.unit.dao.patient.RepresentativeTest
Tests run: 10, Failures: 0, Errors: 0, Skipped: 0, Time elapsed: 0.218 sec - in edu.ncsu.csc.itrust.unit.dao.patient.RepresentativeTest
Running edu.ncsu.csc.itrust.unit.dao.patient.PatientExistsTest
Tests run: 3, Failures: 0, Errors: 0, Skipped: 0, Time elapsed: 0.056 sec - in edu.ncsu.csc.itrust.unit.dao.patient.PatientExistsTest
Running edu.ncsu.csc.itrust.unit.dao.patient.PatientDAOExceptionTest
Tests run: 13, Failures: 1, Errors: 0, Skipped: 0, Time elapsed: 0.008 sec <<< FAILURE! - in edu.ncsu.csc.itrust.unit.dao.patient.PatientDAOExceptionTest
testGetDeclaredHCPsException(edu.ncsu.csc.itrust.unit.dao.patient.PatientDAOExceptionTest)  Time elapsed: 0 sec  <<< FAILURE!
junit.framework.ComparisonFailure: expected:<[pid cannot be 0]> but was:<[Exception thrown from Evil Test Connection Driver]>
	at edu.ncsu.csc.itrust.unit.dao.patient.PatientDAOExceptionTest.testGetDeclaredHCPsException(PatientDAOExceptionTest.java:75)

Running edu.ncsu.csc.itrust.unit.dao.patient.DeclareHCPTest
Tests run: 6, Failures: 0, Errors: 4, Skipped: 0, Time elapsed: 0.118 sec <<< FAILURE! - in edu.ncsu.csc.itrust.unit.dao.patient.DeclareHCPTest
testGetDeclaredHCPs(edu.ncsu.csc.itrust.unit.dao.patient.DeclareHCPTest)  Time elapsed: 0.022 sec  <<< ERROR!
edu.ncsu.csc.itrust.exception.DBException: A database exception has occurred. Please see the log in the console for stacktrace
	at edu.ncsu.csc.itrust.unit.dao.patient.DeclareHCPTest.testGetDeclaredHCPs(DeclareHCPTest.java:28)

testDeclareHCP(edu.ncsu.csc.itrust.unit.dao.patient.DeclareHCPTest)  Time elapsed: 0.02 sec  <<< ERROR!
edu.ncsu.csc.itrust.exception.DBException: A database exception has occurred. Please see the log in the console for stacktrace
	at edu.ncsu.csc.itrust.unit.dao.patient.DeclareHCPTest.testDeclareHCP(DeclareHCPTest.java:35)

testUnDeclareNotDeclaredHCP(edu.ncsu.csc.itrust.unit.dao.patient.DeclareHCPTest)  Time elapsed: 0.019 sec  <<< ERROR!
edu.ncsu.csc.itrust.exception.DBException: A database exception has occurred. Please see the log in the console for stacktrace
	at edu.ncsu.csc.itrust.unit.dao.patient.DeclareHCPTest.testUnDeclareNotDeclaredHCP(DeclareHCPTest.java:57)

testUnDeclareHCP(edu.ncsu.csc.itrust.unit.dao.patient.DeclareHCPTest)  Time elapsed: 0.018 sec  <<< ERROR!
edu.ncsu.csc.itrust.exception.DBException: A database exception has occurred. Please see the log in the console for stacktrace
	at edu.ncsu.csc.itrust.unit.dao.patient.DeclareHCPTest.testUnDeclareHCP(DeclareHCPTest.java:51)

Running edu.ncsu.csc.itrust.unit.dao.patient.AddPatientTest
Tests run: 4, Failures: 0, Errors: 0, Skipped: 0, Time elapsed: 0.078 sec - in edu.ncsu.csc.itrust.unit.dao.patient.AddPatientTest
Running edu.ncsu.csc.itrust.unit.dao.patient.EditPatientTest
Tests run: 4, Failures: 0, Errors: 0, Skipped: 0, Time elapsed: 0.076 sec - in edu.ncsu.csc.itrust.unit.dao.patient.EditPatientTest
Running edu.ncsu.csc.itrust.unit.dao.fakeemail.EmailExceptionTest
Tests run: 3, Failures: 0, Errors: 0, Skipped: 0, Time elapsed: 0.001 sec - in edu.ncsu.csc.itrust.unit.dao.fakeemail.EmailExceptionTest
Running edu.ncsu.csc.itrust.unit.dao.fakeemail.EmailTest
Tests run: 3, Failures: 0, Errors: 0, Skipped: 0, Time elapsed: 0.003 sec - in edu.ncsu.csc.itrust.unit.dao.fakeemail.EmailTest
Running edu.ncsu.csc.itrust.unit.dao.DAOFactoryTest
Tests run: 1, Failures: 0, Errors: 0, Skipped: 0, Time elapsed: 0.011 sec - in edu.ncsu.csc.itrust.unit.dao.DAOFactoryTest
Running edu.ncsu.csc.itrust.unit.dao.recordsrelease.RecordsReleaseDAOTest
Tests run: 6, Failures: 0, Errors: 0, Skipped: 0, Time elapsed: 0.129 sec - in edu.ncsu.csc.itrust.unit.dao.recordsrelease.RecordsReleaseDAOTest
Running edu.ncsu.csc.itrust.unit.dao.WardDAOTest
Tests run: 16, Failures: 0, Errors: 0, Skipped: 0, Time elapsed: 0.022 sec - in edu.ncsu.csc.itrust.unit.dao.WardDAOTest
Running edu.ncsu.csc.itrust.unit.dao.appointment.ApptRequestDAOTest
Tests run: 5, Failures: 0, Errors: 0, Skipped: 0, Time elapsed: 0.311 sec - in edu.ncsu.csc.itrust.unit.dao.appointment.ApptRequestDAOTest
Running edu.ncsu.csc.itrust.unit.dao.appointment.ApptDAOTest
Tests run: 6, Failures: 0, Errors: 0, Skipped: 0, Time elapsed: 0.12 sec - in edu.ncsu.csc.itrust.unit.dao.appointment.ApptDAOTest
Running edu.ncsu.csc.itrust.unit.dao.remotemonitoring.PatientDataTest
Tests run: 9, Failures: 0, Errors: 0, Skipped: 0, Time elapsed: 0.189 sec - in edu.ncsu.csc.itrust.unit.dao.remotemonitoring.PatientDataTest
Running edu.ncsu.csc.itrust.unit.dao.remotemonitoring.PatientListTest
Tests run: 1, Failures: 0, Errors: 0, Skipped: 0, Time elapsed: 0.02 sec - in edu.ncsu.csc.itrust.unit.dao.remotemonitoring.PatientListTest
Running edu.ncsu.csc.itrust.unit.dao.billing.BillingDAOTest
Tests run: 11, Failures: 0, Errors: 0, Skipped: 0, Time elapsed: 0.509 sec - in edu.ncsu.csc.itrust.unit.dao.billing.BillingDAOTest
Running edu.ncsu.csc.itrust.unit.webutils.SessionUtilsTest
Tests run: 12, Failures: 0, Errors: 0, Skipped: 0, Time elapsed: 0.021 sec - in edu.ncsu.csc.itrust.unit.webutils.SessionUtilsTest
Running edu.ncsu.csc.itrust.unit.db.DBUtilTest
Tests run: 2, Failures: 0, Errors: 0, Skipped: 0, Time elapsed: 0.001 sec - in edu.ncsu.csc.itrust.unit.db.DBUtilTest
Running edu.ncsu.csc.itrust.unit.db.DBBuilderTest
Tests run: 1, Failures: 0, Errors: 0, Skipped: 0, Time elapsed: 0.131 sec - in edu.ncsu.csc.itrust.unit.db.DBBuilderTest
Running edu.ncsu.csc.itrust.unit.exception.AddPatientFileExceptionTest
Tests run: 1, Failures: 0, Errors: 0, Skipped: 0, Time elapsed: 0.001 sec - in edu.ncsu.csc.itrust.unit.exception.AddPatientFileExceptionTest
Running edu.ncsu.csc.itrust.unit.exception.FormValidationExceptionTest
Tests run: 1, Failures: 0, Errors: 0, Skipped: 0, Time elapsed: 0.001 sec - in edu.ncsu.csc.itrust.unit.exception.FormValidationExceptionTest
Running edu.ncsu.csc.itrust.unit.model.user.UserTest
Tests run: 6, Failures: 0, Errors: 0, Skipped: 0, Time elapsed: 0.003 sec - in edu.ncsu.csc.itrust.unit.model.user.UserTest
Running edu.ncsu.csc.itrust.unit.model.user.UserDataTest
Tests run: 2, Failures: 0, Errors: 0, Skipped: 0, Time elapsed: 0.075 sec - in edu.ncsu.csc.itrust.unit.model.user.UserDataTest
Running edu.ncsu.csc.itrust.unit.model.immunization.ImmunizationMySQLTest
Tests run: 6, Failures: 0, Errors: 0, Skipped: 0, Time elapsed: 0.446 sec - in edu.ncsu.csc.itrust.unit.model.immunization.ImmunizationMySQLTest
Running edu.ncsu.csc.itrust.unit.model.immunization.ImmunizationValidatorTest
Tests run: 3, Failures: 0, Errors: 0, Skipped: 0, Time elapsed: 0.031 sec - in edu.ncsu.csc.itrust.unit.model.immunization.ImmunizationValidatorTest
Running edu.ncsu.csc.itrust.unit.model.immunization.ImmunizationTest
Tests run: 3, Failures: 0, Errors: 0, Skipped: 0, Time elapsed: 0 sec - in edu.ncsu.csc.itrust.unit.model.immunization.ImmunizationTest
Running edu.ncsu.csc.itrust.unit.model.ndcode.NDCCodeTest
Tests run: 1, Failures: 0, Errors: 0, Skipped: 0, Time elapsed: 0 sec - in edu.ncsu.csc.itrust.unit.model.ndcode.NDCCodeTest
Running edu.ncsu.csc.itrust.unit.model.ndcode.NDCCodeMySQLTest
Tests run: 2, Failures: 0, Errors: 0, Skipped: 0, Time elapsed: 0.06 sec - in edu.ncsu.csc.itrust.unit.model.ndcode.NDCCodeMySQLTest
Running edu.ncsu.csc.itrust.unit.model.emergencyRecord.EmergencyRecordMySQLTest
Tests run: 5, Failures: 0, Errors: 0, Skipped: 0, Time elapsed: 0.259 sec - in edu.ncsu.csc.itrust.unit.model.emergencyRecord.EmergencyRecordMySQLTest
Running edu.ncsu.csc.itrust.unit.model.emergencyRecord.EmergencyRecordTest
Tests run: 10, Failures: 0, Errors: 0, Skipped: 0, Time elapsed: 0.008 sec - in edu.ncsu.csc.itrust.unit.model.emergencyRecord.EmergencyRecordTest
Running edu.ncsu.csc.itrust.unit.model.medicalProcedure.MedicalProcedureMySQLTest
Tests run: 1, Failures: 0, Errors: 0, Skipped: 0, Time elapsed: 0.095 sec - in edu.ncsu.csc.itrust.unit.model.medicalProcedure.MedicalProcedureMySQLTest
Running edu.ncsu.csc.itrust.unit.model.medicalProcedure.MedicalProcedureTest
Tests run: 1, Failures: 0, Errors: 0, Skipped: 0, Time elapsed: 0.001 sec - in edu.ncsu.csc.itrust.unit.model.medicalProcedure.MedicalProcedureTest
Running edu.ncsu.csc.itrust.unit.model.cptcode.CPTCodeTest
Tests run: 2, Failures: 0, Errors: 0, Skipped: 0, Time elapsed: 0 sec - in edu.ncsu.csc.itrust.unit.model.cptcode.CPTCodeTest
Running edu.ncsu.csc.itrust.unit.model.cptcode.CPTCodeMySQLTest
Tests run: 3, Failures: 0, Errors: 0, Skipped: 0, Time elapsed: 0.105 sec - in edu.ncsu.csc.itrust.unit.model.cptcode.CPTCodeMySQLTest
Running edu.ncsu.csc.itrust.unit.model.cptcode.CPTCodeValidatorTest
Tests run: 3, Failures: 0, Errors: 0, Skipped: 0, Time elapsed: 0 sec - in edu.ncsu.csc.itrust.unit.model.cptcode.CPTCodeValidatorTest
Running edu.ncsu.csc.itrust.unit.model.patient.PatientDataTest
Tests run: 2, Failures: 0, Errors: 0, Skipped: 0, Time elapsed: 0.036 sec - in edu.ncsu.csc.itrust.unit.model.patient.PatientDataTest
Running edu.ncsu.csc.itrust.unit.model.diagnosis.DiagnosisTest
Tests run: 1, Failures: 0, Errors: 0, Skipped: 0, Time elapsed: 0 sec - in edu.ncsu.csc.itrust.unit.model.diagnosis.DiagnosisTest
Running edu.ncsu.csc.itrust.unit.model.diagnosis.DiagnosisControllerTest
Tests run: 1, Failures: 0, Errors: 0, Skipped: 0, Time elapsed: 0.069 sec - in edu.ncsu.csc.itrust.unit.model.diagnosis.DiagnosisControllerTest
Running edu.ncsu.csc.itrust.unit.model.diagnosis.DiagnosisMySQLTest
Tests run: 8, Failures: 0, Errors: 0, Skipped: 0, Time elapsed: 0.288 sec - in edu.ncsu.csc.itrust.unit.model.diagnosis.DiagnosisMySQLTest
Running edu.ncsu.csc.itrust.unit.model.diagnosis.DiagnosisFormTest
Tests run: 1, Failures: 0, Errors: 1, Skipped: 0, Time elapsed: 0.031 sec <<< FAILURE! - in edu.ncsu.csc.itrust.unit.model.diagnosis.DiagnosisFormTest
testDiagnosisForm(edu.ncsu.csc.itrust.unit.model.diagnosis.DiagnosisFormTest)  Time elapsed: 0.03 sec  <<< ERROR!
java.lang.NullPointerException
	at edu.ncsu.csc.itrust.unit.model.diagnosis.DiagnosisFormTest.setUp(DiagnosisFormTest.java:43)

Running edu.ncsu.csc.itrust.unit.model.labProcedure.LabProcedureMySQLTest
Tests run: 9, Failures: 2, Errors: 0, Skipped: 0, Time elapsed: 0.505 sec <<< FAILURE! - in edu.ncsu.csc.itrust.unit.model.labProcedure.LabProcedureMySQLTest
testAdd(edu.ncsu.csc.itrust.unit.model.labProcedure.LabProcedureMySQLTest)  Time elapsed: 0.05 sec  <<< FAILURE!
java.lang.AssertionError: Adding lab procedure should not throw error: A database exception has occurred. Please see the log in the console for stacktrace
	at edu.ncsu.csc.itrust.unit.model.labProcedure.LabProcedureMySQLTest.testAdd(LabProcedureMySQLTest.java:174)

testUpdate(edu.ncsu.csc.itrust.unit.model.labProcedure.LabProcedureMySQLTest)  Time elapsed: 0.044 sec  <<< FAILURE!
java.lang.AssertionError: Shouldn't throw exception when updating lab procedure: A database exception has occurred. Please see the log in the console for stacktrace
	at edu.ncsu.csc.itrust.unit.model.labProcedure.LabProcedureMySQLTest.testUpdate(LabProcedureMySQLTest.java:229)

Running edu.ncsu.csc.itrust.unit.model.labProcedure.LabProcedureTest
Tests run: 25, Failures: 0, Errors: 0, Skipped: 0, Time elapsed: 0 sec - in edu.ncsu.csc.itrust.unit.model.labProcedure.LabProcedureTest
Running edu.ncsu.csc.itrust.unit.model.labProcedure.LabProcedureFormTest
Tests run: 19, Failures: 0, Errors: 0, Skipped: 0, Time elapsed: 0.636 sec - in edu.ncsu.csc.itrust.unit.model.labProcedure.LabProcedureFormTest
Running edu.ncsu.csc.itrust.unit.model.labProcedure.LabProcedureValidatorTest
Tests run: 13, Failures: 2, Errors: 0, Skipped: 0, Time elapsed: 0.02 sec <<< FAILURE! - in edu.ncsu.csc.itrust.unit.model.labProcedure.LabProcedureValidatorTest
testValidLabProcedure(edu.ncsu.csc.itrust.unit.model.labProcedure.LabProcedureValidatorTest)  Time elapsed: 0.001 sec  <<< FAILURE!
java.lang.AssertionError: Valid lab procedure wasn't validated. Error: This form has not been validated correctly. The following field are not properly filled in: [HCP MID: 1-10 digit number beginning with 9]
	at edu.ncsu.csc.itrust.unit.model.labProcedure.LabProcedureValidatorTest.testValidLabProcedure(LabProcedureValidatorTest.java:67)

testInvalidLabProcedureID(edu.ncsu.csc.itrust.unit.model.labProcedure.LabProcedureValidatorTest)  Time elapsed: 0.001 sec  <<< FAILURE!
java.lang.AssertionError: Valid lab procedure wasn't validated. Error: This form has not been validated correctly. The following field are not properly filled in: [HCP MID: 1-10 digit number beginning with 9]
	at edu.ncsu.csc.itrust.unit.model.labProcedure.LabProcedureValidatorTest.testInvalidLabProcedureID(LabProcedureValidatorTest.java:112)

Running edu.ncsu.csc.itrust.unit.model.officeVisit.OfficeVisitMySQLTest
Tests run: 3, Failures: 0, Errors: 0, Skipped: 0, Time elapsed: 0.181 sec - in edu.ncsu.csc.itrust.unit.model.officeVisit.OfficeVisitMySQLTest
Running edu.ncsu.csc.itrust.unit.model.officeVisit.OfficeVisitValidatorTest
Tests run: 16, Failures: 2, Errors: 1, Skipped: 0, Time elapsed: 0.647 sec <<< FAILURE! - in edu.ncsu.csc.itrust.unit.model.officeVisit.OfficeVisitValidatorTest
testValidChild(edu.ncsu.csc.itrust.unit.model.officeVisit.OfficeVisitValidatorTest)  Time elapsed: 0.039 sec  <<< FAILURE!
java.lang.AssertionError: Should be no error!
	at edu.ncsu.csc.itrust.unit.model.officeVisit.OfficeVisitValidatorTest.testValidChild(OfficeVisitValidatorTest.java:491)

testValidOfficeVisit(edu.ncsu.csc.itrust.unit.model.officeVisit.OfficeVisitValidatorTest)  Time elapsed: 0.036 sec  <<< FAILURE!
java.lang.AssertionError: Should be no error!
	at edu.ncsu.csc.itrust.unit.model.officeVisit.OfficeVisitValidatorTest.testValidOfficeVisit(OfficeVisitValidatorTest.java:68)

testSetNullMID(edu.ncsu.csc.itrust.unit.model.officeVisit.OfficeVisitValidatorTest)  Time elapsed: 0.04 sec  <<< ERROR!
java.lang.NullPointerException
	at edu.ncsu.csc.itrust.unit.model.officeVisit.OfficeVisitValidatorTest.testSetNullMID(OfficeVisitValidatorTest.java:172)

Running edu.ncsu.csc.itrust.unit.model.officeVisit.OfficeVisitSQLLoaderTest
Tests run: 4, Failures: 0, Errors: 0, Skipped: 0, Time elapsed: 0.033 sec - in edu.ncsu.csc.itrust.unit.model.officeVisit.OfficeVisitSQLLoaderTest
Running edu.ncsu.csc.itrust.unit.model.officeVisit.OfficeVisitTest
Tests run: 21, Failures: 0, Errors: 0, Skipped: 0, Time elapsed: 0.112 sec - in edu.ncsu.csc.itrust.unit.model.officeVisit.OfficeVisitTest
Running edu.ncsu.csc.itrust.unit.model.loinccode.LOINCCodeMySQLTest
Tests run: 7, Failures: 0, Errors: 0, Skipped: 0, Time elapsed: 0.258 sec - in edu.ncsu.csc.itrust.unit.model.loinccode.LOINCCodeMySQLTest
Running edu.ncsu.csc.itrust.unit.model.loinccode.LOINCCodeTest
Tests run: 2, Failures: 0, Errors: 0, Skipped: 0, Time elapsed: 0 sec - in edu.ncsu.csc.itrust.unit.model.loinccode.LOINCCodeTest
Running edu.ncsu.csc.itrust.unit.model.icdcode.ICDCodeTest
Tests run: 1, Failures: 0, Errors: 0, Skipped: 0, Time elapsed: 0 sec - in edu.ncsu.csc.itrust.unit.model.icdcode.ICDCodeTest
Running edu.ncsu.csc.itrust.unit.model.icdcode.ICDCodeMySQLTest
Tests run: 3, Failures: 0, Errors: 0, Skipped: 0, Time elapsed: 0.092 sec - in edu.ncsu.csc.itrust.unit.model.icdcode.ICDCodeMySQLTest
Running edu.ncsu.csc.itrust.unit.model.prescription.PrescriptionTest
Tests run: 1, Failures: 0, Errors: 0, Skipped: 0, Time elapsed: 0.004 sec - in edu.ncsu.csc.itrust.unit.model.prescription.PrescriptionTest
Running edu.ncsu.csc.itrust.unit.model.prescription.PrescriptionMySQLTest
Tests run: 9, Failures: 0, Errors: 0, Skipped: 0, Time elapsed: 0.357 sec - in edu.ncsu.csc.itrust.unit.model.prescription.PrescriptionMySQLTest
Running edu.ncsu.csc.itrust.unit.LocalizationTest
Tests run: 1, Failures: 0, Errors: 1, Skipped: 0, Time elapsed: 0.001 sec <<< FAILURE! - in edu.ncsu.csc.itrust.unit.LocalizationTest
testLocalization(edu.ncsu.csc.itrust.unit.LocalizationTest)  Time elapsed: 0.001 sec  <<< ERROR!
java.lang.NullPointerException
	at edu.ncsu.csc.itrust.unit.LocalizationTest.testLocalization(LocalizationTest.java:11)

Running edu.ncsu.csc.itrust.unit.XmlGeneratorTest
PatientReport
2 Patient 
Tests run: 2, Failures: 0, Errors: 0, Skipped: 0, Time elapsed: 0.003 sec - in edu.ncsu.csc.itrust.unit.XmlGeneratorTest
Running edu.ncsu.csc.itrust.model.labtechnician.LabTechnicianControllerTest
Tests run: 1, Failures: 0, Errors: 0, Skipped: 0, Time elapsed: 0.09 sec - in edu.ncsu.csc.itrust.model.labtechnician.LabTechnicianControllerTest

Results :

Failed tests: 
  EmailUtilTest.testSendEmail:17 expected:<[Exception thrown from Evil Test Connection Driver]> but was:<[No extended information.]>
  ActivityFeedActionTest.testGetTransactions:41 null
  EditRepresentativesActionTest.testCheckIfPatientIsActive:87 null
  LoginFailureActionTest.testNormalLoginFailureSequence:25 expected:<[Login failed, attempt 1]> but was:<[A database exception has occurred. Please see the log in the console for stacktrace]>
  ManageHospitalAssignmentsActionTest.testAssignHCPToHospitalEvil:73 expected:<[Exception thrown from Evil Test Connection Driver]> but was:<[No extended information.]>
  ResetPasswordActionTest.testResetPassword:95 expected:<[Answer did not match]> but was:<[Error in validation of security answer]>
  ReviewsActionTest.testAddReviewValid:69 null
  SendMessageActionTest.testGetDLCHPsFor:102 expected:<1> but was:<0>
  SendMessageActionTest.testGetMyDLHCPs:91 expected:<1> but was:<0>
  SendMessageActionTest.testGetMyDLHCPs2:96 expected:<1> but was:<0>
  SetSecurityQuestionTest.testBadConnection:39 expected:<[Exception thrown from Evil Test Connection Driver]> but was:<[No extended information.]>
  UpdateNDCodeListActionTest.testUpdateNDInformation0:113 expected:<[Success: 1 row(s) updated]> but was:<[Error: Code not found.]>
  UpdateNDCodeListActionTest.testUpdateNonExistent:126 expected:<[Error: Code not found.]> but was:<[Success: 0 row(s) updated]>
  UpdateReasonCodeListActionTest.testUpdateNDInformation0:106 expected:<[Success: 1 row(s) updated]> but was:<[Error: Code not found.]>
  UpdateReasonCodeListActionTest.testUpdateNonExistent:119 expected:<[Error: Code not found.]> but was:<[Success: 0 row(s) updated]>
  ViewMyReportRequestsActionTest.testGetEvilReportRequest:46 expected:<[Exception thrown from Evil Test Connection Driver]> but was:<[ID cannot be null]>
  ViewMyReportRequestsActionTest.testInsertReport1:77 expected:<[Exception thrown from Evil Test Connection Driver]> but was:<[RequesterMID cannot be null]>
  ViewMyReportRequestsActionTest.testSetViewedToZero:94 Should have throw exception
  DistanceComparatorTest.testComparatorEvil:84 expected:<-1> but was:<0>
  EmailBeanTest.testGetHashCode:48 expected:<42> but was:<2>
  HospitalBeanTest.testFullConstructor:37 expected:<42> but was:<2>
  HospitalBeanTest.testHospitalBean:21 expected:<42> but was:<2>
  OverrideReasonBeanTest.testPrescriptionEquals:22 null
  PatientBeanTest.testBean:46 expected:<-1> but was:<0>
  PersonnelBeanTest.testPersonnelBeanSecurity:63 expected:<-1> but was:<0>
  SurveyBeanTest.testSurveyBean:22 expected:<[01/02/2008 12:34]> but was:<[]>
  ImmunizationFormTest.testForm:62 expected:<1> but was:<0>
  LabProcedureControllerTest.testSetLabProcedureToReceivedStatus:330 
Argument(s) are different! Wanted:
labProcedureController.printFacesMessage(
    INFO 0,
    <any>,
    <any>,
    <any>
);
-> at edu.ncsu.csc.itrust.unit.controller.labProcedure.LabProcedureControllerTest.testSetLabProcedureToReceivedStatus(LabProcedureControllerTest.java:330)
Actual invocation has different arguments:
labProcedureController.printFacesMessage(
    ERROR 2,
    "Something went wrong and the action couldn't be completed.",
    "Something went wrong and the action couldn't be completed.",
    null
);
-> at edu.ncsu.csc.itrust.unit.controller.labProcedure.LabProcedureControllerTest.testSetLabProcedureToReceivedStatus(LabProcedureControllerTest.java:328)

  MedicalProcedureFormTest.testForm:60 expected:<1> but was:<0>
  OfficeVisitControllerTest.testAddOfficeVisitWithFacesContext:174 
Argument(s) are different! Wanted:
officeVisitController.printFacesMessage(
    INFO 0,
    <any>,
    <any>,
    <any>
);
-> at edu.ncsu.csc.itrust.unit.controller.officeVisit.OfficeVisitControllerTest.testAddOfficeVisitWithFacesContext(OfficeVisitControllerTest.java:174)
Actual invocation has different arguments:
officeVisitController.printFacesMessage(
    ERROR 2,
    "Office Visit Cannot Be Updated",
    "No extended information.",
    null
);
-> at edu.ncsu.csc.itrust.unit.controller.officeVisit.OfficeVisitControllerTest.testAddOfficeVisitWithFacesContext(OfficeVisitControllerTest.java:173)

  OfficeVisitControllerTest.testAddReturnGeneratedId:365 null
  OfficeVisitControllerTest.testRetrieveOfficeVisit:115 Office visit should be added successfully
  PrescriptionControllerTest.testGetListOfRepresentees:106 null
  PrescriptionControllerTest.testGetPrescriptionsForCurrentPatient:85 expected:<3> but was:<0>
  RecordLoginFailureTest.testGetLoginFailuresNoEntry:22 expected:<1> but was:<0>
  PatientDAOExceptionTest.testGetDeclaredHCPsException:75 expected:<[pid cannot be 0]> but was:<[Exception thrown from Evil Test Connection Driver]>
  ReportRequestDAOTest.testGetReportsUnknownRequeter:34 should have thrown an exception
  ReviewsDAOTest.testAddInvalidReview:181 Should have thrown an exception
  ReviewsDAOTest.testAddReviewValid:81 null
  LabProcedureMySQLTest.testAdd:174 Adding lab procedure should not throw error: A database exception has occurred. Please see the log in the console for stacktrace
  LabProcedureMySQLTest.testUpdate:229 Shouldn't throw exception when updating lab procedure: A database exception has occurred. Please see the log in the console for stacktrace
  LabProcedureValidatorTest.testInvalidLabProcedureID:112 Valid lab procedure wasn't validated. Error: This form has not been validated correctly. The following field are not properly filled in: [HCP MID: 1-10 digit number beginning with 9]
  LabProcedureValidatorTest.testValidLabProcedure:67 Valid lab procedure wasn't validated. Error: This form has not been validated correctly. The following field are not properly filled in: [HCP MID: 1-10 digit number beginning with 9]
  OfficeVisitValidatorTest.testValidChild:491 Should be no error!
  OfficeVisitValidatorTest.testValidOfficeVisit:68 Should be no error!
  PersonnelReportFilterTest.testFilterByProcedure:32 expected:<2> but was:<0>
  PateintSearchServletTest.testDoGetAuditHttpServletRequestHttpServletResponse:54 null
  PateintSearchServletTest.testNonAuditSearch:98 null
  SessionTimeoutListenerTest.testDBException:50 expected:<1200> but was:<60>
  SessionTimeoutListenerTest.testListenerWorked:35 expected:<1200> but was:<60>
  SecurityQuestionValidatorTest.testMatchWrongFormat:41 expected:<[Security Answer: Up to 30 alphanumeric characters]> but was:<[Null form]>
  SecurityQuestionValidatorTest.testNoMatch:28 expected:<[Security answers do not match]> but was:<[Null form]>
  SecurityQuestionValidatorTest.testNullConfirm:55 expected:<[Confirm answer cannot be empty]> but was:<[Null form]>
junit.framework.TestSuite$1.warning(junit.framework.TestSuite$1)
  Run 1: TestSuite$1.warning Exception in constructor: testGetPatientl (java.lang.NullPointerException
	at edu.ncsu.csc.itrust.action.ViewReportAction.<init>(ViewReportAction.java:26)
	at edu.ncsu.csc.itrust.action.ViewReportAction.<init>(ViewReportAction.java:35)
	at edu.ncsu.csc.itrust.unit.action.ViewReportActionTest.<init>(ViewReportActionTest.java:17)
	at sun.reflect.NativeConstructorAccessorImpl.newInstance0(Native Method)
	at sun.reflect.NativeConstructorAccessorImpl.newInstance(NativeConstructorAccessorImpl.java:62)
	at sun.reflect.DelegatingConstructorAccessorImpl.newInstance(DelegatingConstructorAccessorImpl.java:45)
	at java.lang.reflect.Constructor.newInstance(Constructor.java:423)
	at junit.framework.TestSuite.createTest(TestSuite.java:60)
	at junit.framework.TestSuite.addTestMethod(TestSuite.java:307)
	at junit.framework.TestSuite.addTestsFromTestCase(TestSuite.java:150)
	at junit.framework.TestSuite.<init>(TestSuite.java:129)
	at org.junit.internal.runners.JUnit38ClassRunner.<init>(JUnit38ClassRunner.java:74)
	at org.junit.internal.builders.JUnit3Builder.runnerForClass(JUnit3Builder.java:11)
	at org.junit.runners.model.RunnerBuilder.safeRunnerForClass(RunnerBuilder.java:59)
	at org.junit.internal.builders.AllDefaultPossibilitiesBuilder.runnerForClass(AllDefaultPossibilitiesBuilder.java:26)
	at org.junit.runners.model.RunnerBuilder.safeRunnerForClass(RunnerBuilder.java:59)
	at org.junit.internal.requests.ClassRequest.getRunner(ClassRequest.java:33)
	at org.junit.internal.requests.FilterRequest.getRunner(FilterRequest.java:36)
	at org.apache.maven.surefire.junit4.JUnit4Provider.execute(JUnit4Provider.java:341)
	at org.apache.maven.surefire.junit4.JUnit4Provider.executeWithRerun(JUnit4Provider.java:269)
	at org.apache.maven.surefire.junit4.JUnit4Provider.executeTestSet(JUnit4Provider.java:240)
	at org.apache.maven.surefire.junit4.JUnit4Provider.invoke(JUnit4Provider.java:184)
	at org.apache.maven.surefire.booter.ForkedBooter.invokeProviderInSameClassLoader(ForkedBooter.java:286)
	at org.apache.maven.surefire.booter.ForkedBooter.runSuitesInProcess(ForkedBooter.java:240)
	at org.apache.maven.surefire.booter.ForkedBooter.main(ForkedBooter.java:121)
)
  Run 2: TestSuite$1.warning Exception in constructor: testGetDeclaredHCPs (java.lang.NullPointerException
	at edu.ncsu.csc.itrust.action.ViewReportAction.<init>(ViewReportAction.java:26)
	at edu.ncsu.csc.itrust.action.ViewReportAction.<init>(ViewReportAction.java:35)
	at edu.ncsu.csc.itrust.unit.action.ViewReportActionTest.<init>(ViewReportActionTest.java:17)
	at sun.reflect.NativeConstructorAccessorImpl.newInstance0(Native Method)
	at sun.reflect.NativeConstructorAccessorImpl.newInstance(NativeConstructorAccessorImpl.java:62)
	at sun.reflect.DelegatingConstructorAccessorImpl.newInstance(DelegatingConstructorAccessorImpl.java:45)
	at java.lang.reflect.Constructor.newInstance(Constructor.java:423)
	at junit.framework.TestSuite.createTest(TestSuite.java:60)
	at junit.framework.TestSuite.addTestMethod(TestSuite.java:307)
	at junit.framework.TestSuite.addTestsFromTestCase(TestSuite.java:150)
	at junit.framework.TestSuite.<init>(TestSuite.java:129)
	at org.junit.internal.runners.JUnit38ClassRunner.<init>(JUnit38ClassRunner.java:74)
	at org.junit.internal.builders.JUnit3Builder.runnerForClass(JUnit3Builder.java:11)
	at org.junit.runners.model.RunnerBuilder.safeRunnerForClass(RunnerBuilder.java:59)
	at org.junit.internal.builders.AllDefaultPossibilitiesBuilder.runnerForClass(AllDefaultPossibilitiesBuilder.java:26)
	at org.junit.runners.model.RunnerBuilder.safeRunnerForClass(RunnerBuilder.java:59)
	at org.junit.internal.requests.ClassRequest.getRunner(ClassRequest.java:33)
	at org.junit.internal.requests.FilterRequest.getRunner(FilterRequest.java:36)
	at org.apache.maven.surefire.junit4.JUnit4Provider.execute(JUnit4Provider.java:341)
	at org.apache.maven.surefire.junit4.JUnit4Provider.executeWithRerun(JUnit4Provider.java:269)
	at org.apache.maven.surefire.junit4.JUnit4Provider.executeTestSet(JUnit4Provider.java:240)
	at org.apache.maven.surefire.junit4.JUnit4Provider.invoke(JUnit4Provider.java:184)
	at org.apache.maven.surefire.booter.ForkedBooter.invokeProviderInSameClassLoader(ForkedBooter.java:286)
	at org.apache.maven.surefire.booter.ForkedBooter.runSuitesInProcess(ForkedBooter.java:240)
	at org.apache.maven.surefire.booter.ForkedBooter.main(ForkedBooter.java:121)
)
  Run 3: TestSuite$1.warning Exception in constructor: testGetPersonnel (java.lang.NullPointerException
	at edu.ncsu.csc.itrust.action.ViewReportAction.<init>(ViewReportAction.java:26)
	at edu.ncsu.csc.itrust.action.ViewReportAction.<init>(ViewReportAction.java:35)
	at edu.ncsu.csc.itrust.unit.action.ViewReportActionTest.<init>(ViewReportActionTest.java:17)
	at sun.reflect.NativeConstructorAccessorImpl.newInstance0(Native Method)
	at sun.reflect.NativeConstructorAccessorImpl.newInstance(NativeConstructorAccessorImpl.java:62)
	at sun.reflect.DelegatingConstructorAccessorImpl.newInstance(DelegatingConstructorAccessorImpl.java:45)
	at java.lang.reflect.Constructor.newInstance(Constructor.java:423)
	at junit.framework.TestSuite.createTest(TestSuite.java:60)
	at junit.framework.TestSuite.addTestMethod(TestSuite.java:307)
	at junit.framework.TestSuite.addTestsFromTestCase(TestSuite.java:150)
	at junit.framework.TestSuite.<init>(TestSuite.java:129)
	at org.junit.internal.runners.JUnit38ClassRunner.<init>(JUnit38ClassRunner.java:74)
	at org.junit.internal.builders.JUnit3Builder.runnerForClass(JUnit3Builder.java:11)
	at org.junit.runners.model.RunnerBuilder.safeRunnerForClass(RunnerBuilder.java:59)
	at org.junit.internal.builders.AllDefaultPossibilitiesBuilder.runnerForClass(AllDefaultPossibilitiesBuilder.java:26)
	at org.junit.runners.model.RunnerBuilder.safeRunnerForClass(RunnerBuilder.java:59)
	at org.junit.internal.requests.ClassRequest.getRunner(ClassRequest.java:33)
	at org.junit.internal.requests.FilterRequest.getRunner(FilterRequest.java:36)
	at org.apache.maven.surefire.junit4.JUnit4Provider.execute(JUnit4Provider.java:341)
	at org.apache.maven.surefire.junit4.JUnit4Provider.executeWithRerun(JUnit4Provider.java:269)
	at org.apache.maven.surefire.junit4.JUnit4Provider.executeTestSet(JUnit4Provider.java:240)
	at org.apache.maven.surefire.junit4.JUnit4Provider.invoke(JUnit4Provider.java:184)
	at org.apache.maven.surefire.booter.ForkedBooter.invokeProviderInSameClassLoader(ForkedBooter.java:286)
	at org.apache.maven.surefire.booter.ForkedBooter.runSuitesInProcess(ForkedBooter.java:240)
	at org.apache.maven.surefire.booter.ForkedBooter.main(ForkedBooter.java:121)
)

Tests in error: 
  LocalizationTest.testLocalization:11 NullPointer
  MessagesTest.testGetString:9 ExceptionInInitializer
  ActivityFeedActionTest.testHiddenActivityFromDLHCP:79 » DB A database exceptio...
  AddApptActionTest.testAddAppt:45 » NullPointer
  AddApptActionTest.testAddConflicts:88 » NullPointer
  AddApptActionTest.testGetConflicts:115 » NullPointer
  AddApptRequestActionTest.testAddApptRequest:54 » NullPointer
  AddERespActionTest.testAddER:44 » NullPointer
  AddHCPActionTest.testAddHCP:57 » NullPointer
  AddPHAActionTest.testAddPHA:47 » NullPointer
  AddPatientActionTest.testAddPatient:45 » NullPointer
  AddUAPActionTest.testAddUAP:40 » NullPointer
  ChangePasswordActionTest.testChangePassword:24 » NullPointer
  DeclareHCPActionTest.testDeclareAlreadyDeclared:55 » DB A database exception h...
  DeclareHCPActionTest.testDeclareNormal:36 » DB A database exception has occurr...
  DeclareHCPActionTest.testGetDeclared:29 » DB A database exception has occurred...
  DeclareHCPActionTest.testUnDeclareNormal:44 » DB A database exception has occu...
  DeclareHCPActionTest.testUnDeclareNotDeclared:65 » DB A database exception has...
  EditApptActionTest.setUp:43 » NullPointer
  EditApptActionTest.setUp:43 » NullPointer
  EditApptActionTest.setUp:43 » NullPointer
  EditApptActionTest.setUp:43 » NullPointer
  EditApptActionTest.setUp:43 » NullPointer
  EditApptActionTest.setUp:43 » NullPointer
  EditApptTypeTest.setUp:27 » NullPointer
  EditApptTypeTest.setUp:27 » NullPointer
  EditApptTypeTest.setUp:27 » NullPointer
  EditApptTypeTest.setUp:27 » NullPointer
  EditApptTypeTest.setUp:27 » NullPointer
  EditApptTypeTest.setUp:27 » NullPointer
  EditApptTypeTest.setUp:27 » NullPointer
  EditPatientActionTest.testEditCOD:66 » NullPointer
  EditPatientActionTest.testEditRepresentatives:48 » NullPointer
  EditPatientActionTest.testSetDependent:157 » NullPointer
  EditPersonnelActionTest.testUpdateInformation:73 » NullPointer
  EditRepresentativesActionTest.testAddRepresentee:38 » DB A database exception ...
  EditRepresentativesActionTest.testRemoveRepresentee:46 » NullPointer
  GenerateCalendarActionTest.setUp:37 » NullPointer
  GenerateCalendarActionTest.setUp:37 » NullPointer
  GenerateCalendarActionTest.setUp:37 » NullPointer
  GroupReportActionTest.setUp:29 » NullPointer
  GroupReportActionTest.setUp:29 » NullPointer
  GroupReportActionTest.setUp:29 » NullPointer
  GroupReportGeneratorActionTest.testGenerateReport:42 » NullPointer
  GroupReportGeneratorActionTest.testParseFilters:73 » NullPointer
  ManageHospitalAssignmentsActionTest.testAssignDuplicate:84->doAssignment:45 » NullPointer
  ManageHospitalAssignmentsActionTest.testAssignHCPToHospital:58->doAssignment:45 » NullPointer
  ManageHospitalAssignmentsActionTest.testRemoveAll:120->doAssignment:45 » NullPointer
  ManageHospitalAssignmentsActionTest.testRemovePersonnelAssignmentToHospital:99->doAssignment:45 » NullPointer
  PayBillActionTest.setUp:26 » NullPointer
  PayBillActionTest.setUp:26 » NullPointer
  ResetPasswordActionTest.testResetForHCP:114 » NullPointer
  SearchUsersActionTest.testFuzzySearchForPatient1:62 » IndexOutOfBounds Index: ...
  SearchUsersActionTest.testFuzzySearchForPatient2:71 » IndexOutOfBounds Index: ...
  SearchUsersActionTest.testFuzzySearchForPatient3:80 » IndexOutOfBounds Index: ...
  SearchUsersActionTest.testFuzzySearchForPatientDeactivatedOverride:95 » IndexOutOfBounds
  SendMessageActionTest.testSendMessage:57 » NullPointer
  SetSecurityQuestionTest.testUpdateInformationCorrectly:58 » FormValidation Thi...
  UpdateHospitalListActionTest.testAddAddress:152 » NullPointer
  UpdateHospitalListActionTest.testAddDuplicate:108 » NullPointer
  UpdateHospitalListActionTest.testAddHospital:80 » NullPointer
  UpdateHospitalListActionTest.testAddHospital2:94 » NullPointer
  UpdateHospitalListActionTest.testUpdateAddress:169->addEmpty:66 » NullPointer
  UpdateHospitalListActionTest.testUpdateICDInformation0:124->addEmpty:66 » NullPointer
  ViewApptRequestsActionTest.setUp:24 » NullPointer
  ViewApptRequestsActionTest.setUp:24 » NullPointer
  ViewApptRequestsActionTest.setUp:24 » NullPointer
  ViewMyAccessLogActionTest.testDLHCPAccessesHidden:103 » DB A database exceptio...
  ViewMyAccessLogActionTest.testGetAccessesBadData:65 » DB A database exception ...
  ViewMyAccessLogActionTest.testGetAccessesByRole:85 » DB A database exception h...
  ViewMyAccessLogActionTest.testGetAccessesIllegalUser:54 » DB A database except...
  ViewMyAccessLogActionTest.testNoProblems:39 » DB A database exception has occu...
  ViewMyAccessLogActionTest.testNoProblemsDependentLog:46 » DB A database except...
  ViewMyApptsActionTest.setUp:26 » NullPointer
  ViewMyApptsActionTest.setUp:26 » NullPointer
  ViewMyApptsActionTest.setUp:26 » NullPointer
  ViewMyBillingActionTest.testGetAllMyBills:31 » NullPointer
  ViewMyMessagesActionTest.setUp:42 » NullPointer
  ViewMyMessagesActionTest.setUp:42 » NullPointer
  ViewMyMessagesActionTest.setUp:42 » NullPointer
  ViewMyMessagesActionTest.setUp:42 » NullPointer
  ViewMyMessagesActionTest.setUp:42 » NullPointer
  ViewMyMessagesActionTest.setUp:42 » NullPointer
  ViewMyMessagesActionTest.setUp:42 » NullPointer
  ViewMyMessagesActionTest.setUp:42 » NullPointer
  ViewMyMessagesActionTest.setUp:42 » NullPointer
  ViewMyMessagesActionTest.setUp:42 » NullPointer
  ViewMyMessagesActionTest.setUp:42 » NullPointer
  ViewMyMessagesActionTest.setUp:42 » NullPointer
  ViewMyMessagesActionTest.setUp:42 » NullPointer
  ViewMyMessagesActionTest.setUp:42 » NullPointer
  ViewMyMessagesActionTest.setUp:42 » NullPointer
  ViewMyMessagesActionTest.setUp:42 » NullPointer
  ViewMyRemoteMonitoringListActionTest.setUp:26 » NullPointer
  ViewMyRemoteMonitoringListActionTest.setUp:26 » NullPointer
  ViewMyRemoteMonitoringListActionTest.setUp:26 » NullPointer
  ViewMyRemoteMonitoringListActionTest.setUp:26 » NullPointer
  ViewMyRemoteMonitoringListActionTest.setUp:26 » NullPointer
  ViewMyReportRequestsActionTest.testGetLongStatus:105 » DB A database exception...
  ViewMyReportRequestsActionTest.testGetReportRequestForID3:52 » DB A database e...
  ViewMyReportRequestsActionTest.testGetReportRequestForID4:61 » DB A database e...
  ViewMyReportRequestsActionTest.testGetReportRequests3:34 » DB A database excep...
  ViewMyReportRequestsActionTest.testInsertReport2:83 » DB A database exception ...
  ViewNumberOfPendingAppointmentsActionTest.setUp:30 » NullPointer
  ViewPatientActionTest.setUp:27 » NullPointer
  ViewPatientActionTest.setUp:27 » NullPointer
  ViewPersonnelActionTest.testNoPersonnel:34 » NoClassDefFound Could not initial...
  ViewPersonnelActionTest.testNotANumber:44 » NoClassDefFound Could not initiali...
  ZipCodeActionTest.testGetExperts:30 » NullPointer
  ReportRequestBeanTest.testBadRequestedDate:29 NoClassDefFound Could not initia...
  ReportRequestBeanTest.testReportRequestBean:9 » NoClassDefFound Could not init...
  CPTCodeFormTest.testCPTCodeForm:63 » NullPointer
  ICDCodeFormTest.testICDCodeForm:64 » NullPointer
  LabProcedureControllerTest.testEdit:435 » NullPointer
  LabProcedureControllerTest.testRemove:452 » NullPointer
  LabProcedureControllerTest.testSetLabProcedureToReceivedStatusDBException:350 » NullPointer
  LOINCCodeFormTest.testForm:74 » NullPointer
  NDCCodeFormTest.testForm:60 » NullPointer
  PrescriptionControllerTest.testGetPrescriptionByID:76 » NullPointer
  PrescriptionFormTest.testEverything:64 » NullPointer
  AccessDAOExceptionTest.testDBException:37 » NullPointer
  RecordLoginFailureTest.testGetLoginFailuresWithEntry:27 » DB A database except...
  DeclareHCPTest.testDeclareHCP:35 » DB A database exception has occurred. Pleas...
  DeclareHCPTest.testGetDeclaredHCPs:28 » DB A database exception has occurred. ...
  DeclareHCPTest.testUnDeclareHCP:51 » DB A database exception has occurred. Ple...
  DeclareHCPTest.testUnDeclareNotDeclaredHCP:57 » DB A database exception has oc...
  ReportRequestDAOTest.testAddThenRetrieveReport:89 » DB A database exception ha...
  ReportRequestDAOTest.testAddThenSetViewed:108 » DB A database exception has oc...
  ReportRequestDAOTest.testGetReportsCheckListPatient:47 » DB A database excepti...
  ReportRequestDAOTest.testGetReportsCheckListRequester:41 » DB A database excep...
  ReportRequestDAOTest.testGetReportsNullReportID:54 » NoClassDefFound Could not...
  ReportRequestDAOTest.testGetSpecificReport3CheckDetails:62 » DB A database exc...
  ReportRequestDAOTest.testGetSpecificReport4CheckDetails:70 » DB A database exc...
  ReportRequestDAOTest.testInsertReportFailureNullMIDs:81 » NullPointer
  ReportRequestDAOTest.testSetViewedFailure:100 » NullPointer
  OperationalProfileTest.testGetOperationalProfile:33 » NullPointer
  DiagnosisFormTest.setUp:43 » NullPointer
  OfficeVisitValidatorTest.testSetNullMID:172 » NullPointer
  GroupReportGeneratorTest.testGroupReportGeneratorServletPost:75 » NullPointer
  BeanValidatorTest.testCheckGenderNull:44 » NullPointer
  SecurityQuestionValidatorTest.testCorrectFormat:16 » FormValidation This form ...
  SecurityQuestionValidatorTest.testNullForm:61 » NullPointer

Tests run: 1162, Failures: 54, Errors: 142, Skipped: 0

[INFO] ------------------------------------------------------------------------
[INFO] BUILD FAILURE
[INFO] ------------------------------------------------------------------------
[INFO] Total time: 1:16.724s
[INFO] Finished at: Sun Mar 19 00:09:01 UTC 2017
[INFO] Final Memory: 30M/100M
[INFO] ------------------------------------------------------------------------
[8mha:////4HXQsaI2a90axsvyYb5gXlB8HXU97+PmyIL+1bc3bC0cAAAAYB+LCAAAAAAAAP9b85aBtbiIQSmjNKU4P0+vJLE4u1gvPjexLDVPzxdEuhYV5Rf55ZekOlc7RKnPKH7IxMBQUcQgBdWQnJ9XnJ+TqucMoUEKGSCAEaSwAACsNFCqYAAAAA==[0m[ERROR] Failed to execute goal org.apache.maven.plugins:maven-surefire-plugin:2.19:test (default-test) on project iTrust: There are test failures.
[8mha:////4HXQsaI2a90axsvyYb5gXlB8HXU97+PmyIL+1bc3bC0cAAAAYB+LCAAAAAAAAP9b85aBtbiIQSmjNKU4P0+vJLE4u1gvPjexLDVPzxdEuhYV5Rf55ZekOlc7RKnPKH7IxMBQUcQgBdWQnJ9XnJ+TqucMoUEKGSCAEaSwAACsNFCqYAAAAA==[0m[ERROR] 
[8mha:////4HXQsaI2a90axsvyYb5gXlB8HXU97+PmyIL+1bc3bC0cAAAAYB+LCAAAAAAAAP9b85aBtbiIQSmjNKU4P0+vJLE4u1gvPjexLDVPzxdEuhYV5Rf55ZekOlc7RKnPKH7IxMBQUcQgBdWQnJ9XnJ+TqucMoUEKGSCAEaSwAACsNFCqYAAAAA==[0m[ERROR] Please refer to /var/lib/jenkins/jobs/iTrust/workspace/target/surefire-reports for the individual test results.
[8mha:////4HXQsaI2a90axsvyYb5gXlB8HXU97+PmyIL+1bc3bC0cAAAAYB+LCAAAAAAAAP9b85aBtbiIQSmjNKU4P0+vJLE4u1gvPjexLDVPzxdEuhYV5Rf55ZekOlc7RKnPKH7IxMBQUcQgBdWQnJ9XnJ+TqucMoUEKGSCAEaSwAACsNFCqYAAAAA==[0m[ERROR] -> [Help 1]
[8mha:////4HXQsaI2a90axsvyYb5gXlB8HXU97+PmyIL+1bc3bC0cAAAAYB+LCAAAAAAAAP9b85aBtbiIQSmjNKU4P0+vJLE4u1gvPjexLDVPzxdEuhYV5Rf55ZekOlc7RKnPKH7IxMBQUcQgBdWQnJ9XnJ+TqucMoUEKGSCAEaSwAACsNFCqYAAAAA==[0m[ERROR] 
[8mha:////4HXQsaI2a90axsvyYb5gXlB8HXU97+PmyIL+1bc3bC0cAAAAYB+LCAAAAAAAAP9b85aBtbiIQSmjNKU4P0+vJLE4u1gvPjexLDVPzxdEuhYV5Rf55ZekOlc7RKnPKH7IxMBQUcQgBdWQnJ9XnJ+TqucMoUEKGSCAEaSwAACsNFCqYAAAAA==[0m[ERROR] To see the full stack trace of the errors, re-run Maven with the -e switch.
[8mha:////4HXQsaI2a90axsvyYb5gXlB8HXU97+PmyIL+1bc3bC0cAAAAYB+LCAAAAAAAAP9b85aBtbiIQSmjNKU4P0+vJLE4u1gvPjexLDVPzxdEuhYV5Rf55ZekOlc7RKnPKH7IxMBQUcQgBdWQnJ9XnJ+TqucMoUEKGSCAEaSwAACsNFCqYAAAAA==[0m[ERROR] Re-run Maven using the -X switch to enable full debug logging.
[8mha:////4HXQsaI2a90axsvyYb5gXlB8HXU97+PmyIL+1bc3bC0cAAAAYB+LCAAAAAAAAP9b85aBtbiIQSmjNKU4P0+vJLE4u1gvPjexLDVPzxdEuhYV5Rf55ZekOlc7RKnPKH7IxMBQUcQgBdWQnJ9XnJ+TqucMoUEKGSCAEaSwAACsNFCqYAAAAA==[0m[ERROR] 
[8mha:////4HXQsaI2a90axsvyYb5gXlB8HXU97+PmyIL+1bc3bC0cAAAAYB+LCAAAAAAAAP9b85aBtbiIQSmjNKU4P0+vJLE4u1gvPjexLDVPzxdEuhYV5Rf55ZekOlc7RKnPKH7IxMBQUcQgBdWQnJ9XnJ+TqucMoUEKGSCAEaSwAACsNFCqYAAAAA==[0m[ERROR] For more information about the errors and possible solutions, please read the following articles:
[8mha:////4HXQsaI2a90axsvyYb5gXlB8HXU97+PmyIL+1bc3bC0cAAAAYB+LCAAAAAAAAP9b85aBtbiIQSmjNKU4P0+vJLE4u1gvPjexLDVPzxdEuhYV5Rf55ZekOlc7RKnPKH7IxMBQUcQgBdWQnJ9XnJ+TqucMoUEKGSCAEaSwAACsNFCqYAAAAA==[0m[ERROR] [Help 1] http://cwiki.apache.org/confluence/display/MAVEN/MojoFailureException
Build step 'Invoke top-level Maven targets' marked build as failure
Finished: FAILURE
